

<!DOCTYPE html>
<html>
<head>
<meta charset="utf-8">
<meta name="viewport" content="width=device-width, initial-scale=1, shrink-to-fit=no">
<title>Extent</title>
<link rel="apple-touch-icon" href="https://cdn.jsdelivr.net/gh/extent-framework/extent-github-cdn@b00a2d0486596e73dd7326beacf352c639623a0e/commons/img/logo.png">
<link rel="shortcut icon" href="https://cdn.jsdelivr.net/gh/extent-framework/extent-github-cdn@b00a2d0486596e73dd7326beacf352c639623a0e/commons/img/logo.png">
<link href="https://cdn.jsdelivr.net/gh/extent-framework/extent-github-cdn@c952cc003431b643d7a73337421ff42b75bac784/spark/css/spark-style.css" rel="stylesheet" />
<link href="https://stackpath.bootstrapcdn.com/font-awesome/4.7.0/css/font-awesome.min.css" rel="stylesheet">
<script src="https://cdn.rawgit.com/extent-framework/extent-github-cdn/7cc78ce/spark/js/jsontree.js"></script>
<style type="text/css"></style></head><body class="spa bdd-report dark">
  <div class="app">
    <div class="layout">
<div class="header navbar">
<div class="vheader">
<div class="nav-logo">
<a href="#">
<div class="logo" style="background-image: url('https://cdn.jsdelivr.net/gh/extent-framework/extent-github-cdn@b00a2d0486596e73dd7326beacf352c639623a0e/commons/img/logo.png')"></div>
</a>
</div>
<ul class="nav-left">
<li class="search-box">
<a class="search-toggle" href="#">
<i class="search-icon fa fa-search"></i>
<i class="search-icon-close fa fa-close"></i>
</a>
</li>
<li class="search-input"><input id="search-tests" class="form-control" type="text" placeholder="Search..."></li>
</ul>
<ul class="nav-right">
<li class="m-r-10">
<a href="#"><span class="badge badge-primary">Grasshopper Report</span></a>
</li>
<li class="m-r-10">
<a href="#"><span class="badge badge-primary">Jul 11, 2024 03:12:04 pm</span></a>
</li>
</ul>
</div>
</div><div class="side-nav">
<div class="side-nav-inner">
<ul class="side-nav-menu">
<li class="nav-item dropdown" onclick="toggleView('dashboard-view')">
<a id="nav-dashboard" class="dropdown-toggle" href="#">
<span class="ico"><i class="fa fa-bar-chart"></i></span>
</a>
</li>
<li class="nav-item dropdown" onclick="toggleView('test-view')">
<a id="nav-test" class="dropdown-toggle" href="#">
<span class="ico"><i class="fa fa-list"></i></span>
</a>
</li>
<li class="nav-item dropdown" onclick="toggleView('category-view')">
<a id="nav-category" class="dropdown-toggle" href="#">
<span class="ico"><i class="fa fa-tag"></i></span>
</a>
</li>
<li class="nav-item dropdown" onclick="toggleView('exception-view')">
<a id="nav-exception" class="dropdown-toggle" href="#">
<span class="ico"><i class="fa fa-bug"></i></span>
</a>
</li>
</ul>
</div>
</div>      <div class="vcontainer">
        <div class="main-content">
<div class="container-fluid p-4 view dashboard-view">
<div class="row">
<div class="col-md-3">
<div class="card"><div class="card-body">
<p class="m-b-0">Started</p>
<h3>Jul 11, 2024 03:12:04 pm</h3>
</div></div>
</div>
<div class="col-md-3">
<div class="card"><div class="card-body">
<p class="m-b-0">Ended</p>
<h3>Jul 11, 2024 03:12:31 pm</h3>
</div></div>
</div>
<div class="col-md-3">
<div class="card"><div class="card-body">
<p class="m-b-0 text-pass">Features Passed</p>
<h3>0</h3>
</div></div>
</div>
<div class="col-md-3">
<div class="card"><div class="card-body">
<p class="m-b-0 text-fail">Features Failed</p>
<h3>5</h3>
</div></div>
</div>
</div>
<div class="row">
<div class="col-md-4">
<div class="card">
<div class="card-header">
<h6 class="card-title">Features</h6>
</div>
<div class="card-body">
<div class="">
<canvas id='parent-analysis' width='115' height='90'></canvas>
</div>
</div>
<div class="card-footer">
<div><small data-tooltip='0%'>
<b>0</b> features passed
</small>
</div>
<div>
<small data-tooltip='100%'><b>5</b> features failed,
<b>0</b> skipped, <b data-tooltip='0%'>0</b> others
</small>
</div>
</div>
</div>
</div>
<div class="col-md-4">
<div class="card">
<div class="card-header">
<h6 class="card-title">Scenarios</h6>
</div>
<div class="card-body">
<div class="">
<canvas id='child-analysis' width='115' height='90'></canvas>
</div>
</div>
<div class="card-footer">
<div><small data-tooltip='0%'><b>0</b> scenarios passed</small></div>
<div>
<small data-tooltip='100%'><b>27</b> scenarios failed,
<b>0</b> skipped, <b data-tooltip='%'>0</b> others
</small>
</div>
</div>
</div>
</div>
<div class="col-md-4">
<div class="card">
<div class="card-header">
<h6 class="card-title">Steps</h6>
</div>
<div class="card-body">
<div class="">
<canvas id='grandchild-analysis' width='115' height='90'></canvas>
</div>
</div>
<div class="card-footer">
<div><small data-tooltip='0%'><b>0</b> steps passed</small></div>
<div>
<small data-tooltip='32%'><b>81</b> steps failed,
<b>168</b> skipped, <b data-tooltip='%'>0</b> others
</small>
</div>
</div>
</div>
</div>
</div>
<div class="row"><div class="col-md-12">
<div class="card"><div class="card-header"><p>Timeline</p></div>
<div class="card-body pt-0"><div>
<canvas id="timeline" height="120"></canvas>
</div></div>
</div>
</div></div>
<script>
var timeline = {
"Test Login Page Functionality where that user is able to Login":16.571,"User is able to Checkout Successfully of added products":6.076,"Test that User is able to Successfully add products,Remove,Logout":20.811,"Selectors Hub: To enter Text into a Disabled Text Field":10.373,"User is able to Successfully add Product in Your CART":10.382
};
</script>
<div class="row">
<div class="col-lg-6 col-md-12 category-container">
<div class="card">
<div class="card-header"><p>Tags</p></div>
<div class="card-body pb-0 pt-0"><table class="table table-sm table-bordered">
<thead><tr class="bg-gray"><th>Name</th><th>Passed</th><th>Failed</th><th>Skipped</th><th>Others</th><th>Passed %</th></tr></thead><tbody>
<tr>
<td>@addremove</td>
<td>0</td>
<td>16</td>
<td>0</td>
<td>0</td>
<td>0%</td>
</tr>
<tr>
<td>@positive</td>
<td>0</td>
<td>23</td>
<td>0</td>
<td>0</td>
<td>0%</td>
</tr>
<tr>
<td>@negative</td>
<td>0</td>
<td>5</td>
<td>0</td>
<td>0</td>
<td>0%</td>
</tr>
<tr>
<td>@login</td>
<td>0</td>
<td>10</td>
<td>0</td>
<td>0</td>
<td>0%</td>
</tr>
<tr>
<td>@test</td>
<td>0</td>
<td>6</td>
<td>0</td>
<td>0</td>
<td>0%</td>
</tr>
<tr>
<td>@selectorHub</td>
<td>0</td>
<td>1</td>
<td>0</td>
<td>0</td>
<td>0%</td>
</tr>
<tr>
<td>@product</td>
<td>0</td>
<td>12</td>
<td>0</td>
<td>0</td>
<td>0%</td>
</tr>
<tr>
<td>@sammy</td>
<td>0</td>
<td>5</td>
<td>0</td>
<td>0</td>
<td>0%</td>
</tr>
<tr>
<td>@image</td>
<td>0</td>
<td>4</td>
<td>0</td>
<td>0</td>
<td>0%</td>
</tr>
<tr>
<td>@checkout</td>
<td>0</td>
<td>6</td>
<td>0</td>
<td>0</td>
<td>0%</td>
</tr>
<tr>
<td>@yourCart</td>
<td>0</td>
<td>5</td>
<td>0</td>
<td>0</td>
<td>0%</td>
</tr>
</tbody>
</table></div>
</div>
</div>
<div class="col-lg-6 col-md-12 sysenv-container">
<div class="card">
<div class="card-header"><p>System/Environment</p></div>
<div class="card-body pb-0 pt-0"><table class="table table-sm table-bordered">
<thead><tr class="bg-gray"><th>Name</th><th>Value</th></tr></thead>
<tbody>
<tr>
<td>user</td>
<td>Sami</td>
</tr>
<tr>
<td>os</td>
<td>Mac</td>
</tr>
</tbody>
</table></div>
</div>
</div>
</div>
</div>
<script>
var statusGroup = {
parentCount: 5,
passParent: 0,
failParent: 5,
warningParent: 0,
skipParent: 0,
childCount: 5,
passChild: 0,
failChild: 27,
warningChild: 0,
skipChild: 0,
infoChild: 0,
grandChildCount: 5,
passGrandChild: 0,
failGrandChild: 81,
warningGrandChild: 0,
skipGrandChild: 168,
infoGrandChild: 0,
eventsCount: 5,
};
</script><div class="test-wrapper row view test-view">
  <div class="test-list">
    <div class="test-list-tools">
<ul class="tools pull-left">
<li><a href="#"><span class="font-size-14">Tests</span></a></li>
</ul>
<ul class="tools text-right">
<li class="dropdown">
<a href="#" class="dropdown-toggle" data-toggle="dropdown"><i class="fa fa-exclamation-circle"></i></a>
<ul id="status-toggle" class="dropdown-menu dropdown-md p-v-0">
<a class="dropdown-item" status="fail" href="#"><span>Fail</span><span class="status danger"></span></a>
<div class="dropdown-divider"></div>
<a status="clear" class="dropdown-item" href="#"><span>Clear</span><span class="pull-right"><i class="fa fa-close"></i></span></a>
</ul>
</li>
<li class="dropdown">
<a href="#" class="dropdown-toggle" data-toggle="dropdown"><i class="fa fa-tag"></i></a>
<ul id="tag-toggle" class="dropdown-menu dropdown-md p-v-0">
<a class="dropdown-item" href="#">@addremove</a><a class="dropdown-item" href="#">@positive</a><a class="dropdown-item" href="#">@negative</a><a class="dropdown-item" href="#">@login</a><a class="dropdown-item" href="#">@test</a><a class="dropdown-item" href="#">@selectorHub</a><a class="dropdown-item" href="#">@product</a><a class="dropdown-item" href="#">@sammy</a><a class="dropdown-item" href="#">@image</a><a class="dropdown-item" href="#">@checkout</a><a class="dropdown-item" href="#">@yourCart</a>
</ul>
</li>
</ul>
</div>    <div class="test-list-wrapper scrollable">
      <ul class="test-list-item">
        <li class="test-item"  status="fail" test-id="1"
          author=""
          tag=""
          device="">
          <div class="test-detail">
            <p class="name">Test Login Page Functionality where that user is able to Login</p>
            <p class="text-sm">
              <span>15:12:04 pm</span> / <span>00:00:16:571</span>
              <span class="badge fail-bg log float-right">Fail</span>
            </p>
          </div>
          <div class="test-contents d-none">
<div class="detail-head">
<div class="p-v-10">
<div class="info">
<h5 class="test-status text-fail">Test Login Page Functionality where that user is able to Login</h5>
<span class='badge badge-success'>07.11.2024 15:12:04</span>
<span class='badge badge-danger'>07.11.2024 15:12:21</span>
<span class='badge badge-default'>00:00:16:571</span>
&middot; <span class='uri-anchor badge badge-default'>#test-id=1</span>
</div>
<div class="m-t-10 m-l-5"></div>
</div>
</div>
<div class="accordion mt-4">
  <div class="card">
    <div class="card-header" role="tab">
      <div class="card-title">
        <div class="node" id="2"><span class="badge log fail-bg mr-2">Fail</span>Login with Incorrect Credentials( Negative Case )</div>
      </div>
    </div>
        <div class="scenario_outline ">
            <div class="card-body l1">
              <div class="card-header">
                <div class="card-title outline-child">
                  <div class="node" id="3"><span class="badge log fail-bg mr-2">Fail</span>Login with Incorrect Credentials( Negative Case )</div>
                </div>
              </div>
              <div class="card-body mt-3 ">
                  <div class="step fail-bg">
                    <span>hooks.ApplicationHooks.launchBrowser()</span>
      <div>
        <textarea disabled class="code-block">org.openqa.selenium.SessionNotCreatedException: Could not start a new session. Response code 500. Message: Could not create a session: You must enable the 'Allow Remote Automation' option in Safari's Develop menu to control Safari via WebDriver. 
Host info: host: 'Samis-MBP.lan', ip: '2409:40e3:4015:694f:7c16:3cf3:1071:3139%en0'
Build info: version: '4.11.0', revision: '040bc5406b'
System info: os.name: 'Mac OS X', os.arch: 'aarch64', os.version: '14.1.2', java.version: '21.0.1'
Driver info: org.openqa.selenium.safari.SafariDriver
Command: [null, newSession {capabilities=[Capabilities {browserName: safari}]}]
Capabilities {browserName: safari}
	at org.openqa.selenium.remote.ProtocolHandshake.createSession(ProtocolHandshake.java:140)
	at org.openqa.selenium.remote.ProtocolHandshake.createSession(ProtocolHandshake.java:96)
	at org.openqa.selenium.remote.ProtocolHandshake.createSession(ProtocolHandshake.java:68)
	at org.openqa.selenium.remote.HttpCommandExecutor.execute(HttpCommandExecutor.java:163)
	at org.openqa.selenium.remote.service.DriverCommandExecutor.invokeExecute(DriverCommandExecutor.java:196)
	at org.openqa.selenium.remote.service.DriverCommandExecutor.execute(DriverCommandExecutor.java:171)
	at org.openqa.selenium.remote.RemoteWebDriver.execute(RemoteWebDriver.java:518)
	at org.openqa.selenium.remote.RemoteWebDriver.startSession(RemoteWebDriver.java:232)
	at org.openqa.selenium.remote.RemoteWebDriver.<init>(RemoteWebDriver.java:159)
	at org.openqa.selenium.safari.SafariDriver.<init>(SafariDriver.java:83)
	at org.openqa.selenium.safari.SafariDriver.<init>(SafariDriver.java:79)
	at org.openqa.selenium.safari.SafariDriver.<init>(SafariDriver.java:56)
	at org.openqa.selenium.safari.SafariDriver.<init>(SafariDriver.java:47)
	at com.factory.driverFactory.initializeDriver(driverFactory.java:25)
	at hooks.ApplicationHooks.launchBrowser(ApplicationHooks.java:37)
</textarea>
      
      </div>
                  </div>
                  <div class="step skip-bg">
                    <span>Given User is on login page</span>
      <div>Step skipped
      </div>
                  </div>
                  <div class="step skip-bg">
                    <span>When User enters "standard_user" and ""</span>
      <div>Step skipped
      </div>
                  </div>
                  <div class="step skip-bg">
                    <span>Then User gets "Epic sadface: Password is required"</span>
      <div>Step skipped
      </div>
                  </div>
                  <div class="step fail-bg">
                    <span>hooks.ApplicationHooks.tearDown(io.cucumber.java.Scenario)</span>
      <div>
        <textarea disabled class="code-block">java.lang.NullPointerException: Cannot invoke "org.openqa.selenium.TakesScreenshot.getScreenshotAs(org.openqa.selenium.OutputType)" because "this.driver" is null
	at hooks.ApplicationHooks.tearDown(ApplicationHooks.java:58)
</textarea>
      
      </div>
                  </div>
                  <div class="step fail-bg">
                    <span>hooks.ApplicationHooks.quitDriver()</span>
      <div>
        <textarea disabled class="code-block">java.lang.NullPointerException: Cannot invoke "org.openqa.selenium.WebDriver.quit()" because "this.driver" is null
	at hooks.ApplicationHooks.quitDriver(ApplicationHooks.java:51)
</textarea>
      
      </div>
                  </div>
              </div>
            </div>
            <div class="card-body l1">
              <div class="card-header">
                <div class="card-title outline-child">
                  <div class="node" id="17"><span class="badge log fail-bg mr-2">Fail</span>Login with Incorrect Credentials( Negative Case )</div>
                </div>
              </div>
              <div class="card-body mt-3 ">
                  <div class="step fail-bg">
                    <span>hooks.ApplicationHooks.launchBrowser()</span>
      <div>
        <textarea disabled class="code-block">org.openqa.selenium.SessionNotCreatedException: Could not start a new session. Response code 500. Message: Could not create a session: You must enable the 'Allow Remote Automation' option in Safari's Develop menu to control Safari via WebDriver. 
Host info: host: 'Samis-MBP.lan', ip: '2409:40e3:4015:694f:7c16:3cf3:1071:3139%en0'
Build info: version: '4.11.0', revision: '040bc5406b'
System info: os.name: 'Mac OS X', os.arch: 'aarch64', os.version: '14.1.2', java.version: '21.0.1'
Driver info: org.openqa.selenium.safari.SafariDriver
Command: [null, newSession {capabilities=[Capabilities {browserName: safari}]}]
Capabilities {browserName: safari}
	at org.openqa.selenium.remote.ProtocolHandshake.createSession(ProtocolHandshake.java:140)
	at org.openqa.selenium.remote.ProtocolHandshake.createSession(ProtocolHandshake.java:96)
	at org.openqa.selenium.remote.ProtocolHandshake.createSession(ProtocolHandshake.java:68)
	at org.openqa.selenium.remote.HttpCommandExecutor.execute(HttpCommandExecutor.java:163)
	at org.openqa.selenium.remote.service.DriverCommandExecutor.invokeExecute(DriverCommandExecutor.java:196)
	at org.openqa.selenium.remote.service.DriverCommandExecutor.execute(DriverCommandExecutor.java:171)
	at org.openqa.selenium.remote.RemoteWebDriver.execute(RemoteWebDriver.java:518)
	at org.openqa.selenium.remote.RemoteWebDriver.startSession(RemoteWebDriver.java:232)
	at org.openqa.selenium.remote.RemoteWebDriver.<init>(RemoteWebDriver.java:159)
	at org.openqa.selenium.safari.SafariDriver.<init>(SafariDriver.java:83)
	at org.openqa.selenium.safari.SafariDriver.<init>(SafariDriver.java:79)
	at org.openqa.selenium.safari.SafariDriver.<init>(SafariDriver.java:56)
	at org.openqa.selenium.safari.SafariDriver.<init>(SafariDriver.java:47)
	at com.factory.driverFactory.initializeDriver(driverFactory.java:25)
	at hooks.ApplicationHooks.launchBrowser(ApplicationHooks.java:37)
</textarea>
      
      </div>
                  </div>
                  <div class="step skip-bg">
                    <span>Given User is on login page</span>
      <div>Step skipped
      </div>
                  </div>
                  <div class="step skip-bg">
                    <span>When User enters "locked_out_user" and "secret_sauce"</span>
      <div>Step skipped
      </div>
                  </div>
                  <div class="step skip-bg">
                    <span>Then User gets "Epic sadface: Sorry, this user has been locked out."</span>
      <div>Step skipped
      </div>
                  </div>
                  <div class="step fail-bg">
                    <span>hooks.ApplicationHooks.tearDown(io.cucumber.java.Scenario)</span>
      <div>
        <textarea disabled class="code-block">java.lang.NullPointerException: Cannot invoke "org.openqa.selenium.TakesScreenshot.getScreenshotAs(org.openqa.selenium.OutputType)" because "this.driver" is null
	at hooks.ApplicationHooks.tearDown(ApplicationHooks.java:58)
</textarea>
      
      </div>
                  </div>
                  <div class="step fail-bg">
                    <span>hooks.ApplicationHooks.quitDriver()</span>
      <div>
        <textarea disabled class="code-block">java.lang.NullPointerException: Cannot invoke "org.openqa.selenium.WebDriver.quit()" because "this.driver" is null
	at hooks.ApplicationHooks.quitDriver(ApplicationHooks.java:51)
</textarea>
      
      </div>
                  </div>
              </div>
            </div>
            <div class="card-body l1">
              <div class="card-header">
                <div class="card-title outline-child">
                  <div class="node" id="21"><span class="badge log fail-bg mr-2">Fail</span>Login with Incorrect Credentials( Negative Case )</div>
                </div>
              </div>
              <div class="card-body mt-3 ">
                  <div class="step fail-bg">
                    <span>hooks.ApplicationHooks.launchBrowser()</span>
      <div>
        <textarea disabled class="code-block">org.openqa.selenium.SessionNotCreatedException: Could not start a new session. Response code 500. Message: Could not create a session: You must enable the 'Allow Remote Automation' option in Safari's Develop menu to control Safari via WebDriver. 
Host info: host: 'Samis-MBP.lan', ip: '2409:40e3:4015:694f:7c16:3cf3:1071:3139%en0'
Build info: version: '4.11.0', revision: '040bc5406b'
System info: os.name: 'Mac OS X', os.arch: 'aarch64', os.version: '14.1.2', java.version: '21.0.1'
Driver info: org.openqa.selenium.safari.SafariDriver
Command: [null, newSession {capabilities=[Capabilities {browserName: safari}]}]
Capabilities {browserName: safari}
	at org.openqa.selenium.remote.ProtocolHandshake.createSession(ProtocolHandshake.java:140)
	at org.openqa.selenium.remote.ProtocolHandshake.createSession(ProtocolHandshake.java:96)
	at org.openqa.selenium.remote.ProtocolHandshake.createSession(ProtocolHandshake.java:68)
	at org.openqa.selenium.remote.HttpCommandExecutor.execute(HttpCommandExecutor.java:163)
	at org.openqa.selenium.remote.service.DriverCommandExecutor.invokeExecute(DriverCommandExecutor.java:196)
	at org.openqa.selenium.remote.service.DriverCommandExecutor.execute(DriverCommandExecutor.java:171)
	at org.openqa.selenium.remote.RemoteWebDriver.execute(RemoteWebDriver.java:518)
	at org.openqa.selenium.remote.RemoteWebDriver.startSession(RemoteWebDriver.java:232)
	at org.openqa.selenium.remote.RemoteWebDriver.<init>(RemoteWebDriver.java:159)
	at org.openqa.selenium.safari.SafariDriver.<init>(SafariDriver.java:83)
	at org.openqa.selenium.safari.SafariDriver.<init>(SafariDriver.java:79)
	at org.openqa.selenium.safari.SafariDriver.<init>(SafariDriver.java:56)
	at org.openqa.selenium.safari.SafariDriver.<init>(SafariDriver.java:47)
	at com.factory.driverFactory.initializeDriver(driverFactory.java:25)
	at hooks.ApplicationHooks.launchBrowser(ApplicationHooks.java:37)
</textarea>
      
      </div>
                  </div>
                  <div class="step skip-bg">
                    <span>Given User is on login page</span>
      <div>Step skipped
      </div>
                  </div>
                  <div class="step skip-bg">
                    <span>When User enters "" and "secret_sauce"</span>
      <div>Step skipped
      </div>
                  </div>
                  <div class="step skip-bg">
                    <span>Then User gets "Epic sadface: Username is required"</span>
      <div>Step skipped
      </div>
                  </div>
                  <div class="step fail-bg">
                    <span>hooks.ApplicationHooks.tearDown(io.cucumber.java.Scenario)</span>
      <div>
        <textarea disabled class="code-block">java.lang.NullPointerException: Cannot invoke "org.openqa.selenium.TakesScreenshot.getScreenshotAs(org.openqa.selenium.OutputType)" because "this.driver" is null
	at hooks.ApplicationHooks.tearDown(ApplicationHooks.java:58)
</textarea>
      
      </div>
                  </div>
                  <div class="step fail-bg">
                    <span>hooks.ApplicationHooks.quitDriver()</span>
      <div>
        <textarea disabled class="code-block">java.lang.NullPointerException: Cannot invoke "org.openqa.selenium.WebDriver.quit()" because "this.driver" is null
	at hooks.ApplicationHooks.quitDriver(ApplicationHooks.java:51)
</textarea>
      
      </div>
                  </div>
              </div>
            </div>
            <div class="card-body l1">
              <div class="card-header">
                <div class="card-title outline-child">
                  <div class="node" id="136"><span class="badge log fail-bg mr-2">Fail</span>Login with Incorrect Credentials( Negative Case )</div>
                </div>
              </div>
              <div class="card-body mt-3 ">
                  <div class="step fail-bg">
                    <span>hooks.ApplicationHooks.launchBrowser()</span>
      <div>
        <textarea disabled class="code-block">org.openqa.selenium.SessionNotCreatedException: Could not start a new session. Response code 500. Message: Could not create a session: You must enable the 'Allow Remote Automation' option in Safari's Develop menu to control Safari via WebDriver. 
Host info: host: 'Samis-MBP.lan', ip: '2409:40e3:4015:694f:7c16:3cf3:1071:3139%en0'
Build info: version: '4.11.0', revision: '040bc5406b'
System info: os.name: 'Mac OS X', os.arch: 'aarch64', os.version: '14.1.2', java.version: '21.0.1'
Driver info: org.openqa.selenium.safari.SafariDriver
Command: [null, newSession {capabilities=[Capabilities {browserName: safari}]}]
Capabilities {browserName: safari}
	at org.openqa.selenium.remote.ProtocolHandshake.createSession(ProtocolHandshake.java:140)
	at org.openqa.selenium.remote.ProtocolHandshake.createSession(ProtocolHandshake.java:96)
	at org.openqa.selenium.remote.ProtocolHandshake.createSession(ProtocolHandshake.java:68)
	at org.openqa.selenium.remote.HttpCommandExecutor.execute(HttpCommandExecutor.java:163)
	at org.openqa.selenium.remote.service.DriverCommandExecutor.invokeExecute(DriverCommandExecutor.java:196)
	at org.openqa.selenium.remote.service.DriverCommandExecutor.execute(DriverCommandExecutor.java:171)
	at org.openqa.selenium.remote.RemoteWebDriver.execute(RemoteWebDriver.java:518)
	at org.openqa.selenium.remote.RemoteWebDriver.startSession(RemoteWebDriver.java:232)
	at org.openqa.selenium.remote.RemoteWebDriver.<init>(RemoteWebDriver.java:159)
	at org.openqa.selenium.safari.SafariDriver.<init>(SafariDriver.java:83)
	at org.openqa.selenium.safari.SafariDriver.<init>(SafariDriver.java:79)
	at org.openqa.selenium.safari.SafariDriver.<init>(SafariDriver.java:56)
	at org.openqa.selenium.safari.SafariDriver.<init>(SafariDriver.java:47)
	at com.factory.driverFactory.initializeDriver(driverFactory.java:25)
	at hooks.ApplicationHooks.launchBrowser(ApplicationHooks.java:37)
</textarea>
      
      </div>
                  </div>
                  <div class="step skip-bg">
                    <span>Given User is on login page</span>
      <div>Step skipped
      </div>
                  </div>
                  <div class="step skip-bg">
                    <span>When User enters "standard_user" and "xyz"</span>
      <div>Step skipped
      </div>
                  </div>
                  <div class="step skip-bg">
                    <span>Then User gets "Epic sadface: Username and password do not match any user in this service"</span>
      <div>Step skipped
      </div>
                  </div>
                  <div class="step fail-bg">
                    <span>hooks.ApplicationHooks.tearDown(io.cucumber.java.Scenario)</span>
      <div>
        <textarea disabled class="code-block">java.lang.NullPointerException: Cannot invoke "org.openqa.selenium.TakesScreenshot.getScreenshotAs(org.openqa.selenium.OutputType)" because "this.driver" is null
	at hooks.ApplicationHooks.tearDown(ApplicationHooks.java:58)
</textarea>
      
      </div>
                  </div>
                  <div class="step fail-bg">
                    <span>hooks.ApplicationHooks.quitDriver()</span>
      <div>
        <textarea disabled class="code-block">java.lang.NullPointerException: Cannot invoke "org.openqa.selenium.WebDriver.quit()" because "this.driver" is null
	at hooks.ApplicationHooks.quitDriver(ApplicationHooks.java:51)
</textarea>
      
      </div>
                  </div>
              </div>
            </div>
        </div>
  </div>
  <div class="card">
    <div class="card-header" role="tab">
      <div class="card-title">
        <div class="node" id="10"><span class="badge log fail-bg mr-2">Fail</span>Login with Standard Credentials</div>
      </div>
    </div>
        <div class="scenario_outline ">
            <div class="card-body l1">
              <div class="card-header">
                <div class="card-title outline-child">
                  <div class="node" id="11"><span class="badge log fail-bg mr-2">Fail</span>Login with Standard Credentials</div>
                </div>
              </div>
              <div class="card-body mt-3 ">
                  <div class="step fail-bg">
                    <span>hooks.ApplicationHooks.launchBrowser()</span>
      <div>
        <textarea disabled class="code-block">org.openqa.selenium.SessionNotCreatedException: Could not start a new session. Response code 500. Message: Could not create a session: You must enable the 'Allow Remote Automation' option in Safari's Develop menu to control Safari via WebDriver. 
Host info: host: 'Samis-MBP.lan', ip: '2409:40e3:4015:694f:7c16:3cf3:1071:3139%en0'
Build info: version: '4.11.0', revision: '040bc5406b'
System info: os.name: 'Mac OS X', os.arch: 'aarch64', os.version: '14.1.2', java.version: '21.0.1'
Driver info: org.openqa.selenium.safari.SafariDriver
Command: [null, newSession {capabilities=[Capabilities {browserName: safari}]}]
Capabilities {browserName: safari}
	at org.openqa.selenium.remote.ProtocolHandshake.createSession(ProtocolHandshake.java:140)
	at org.openqa.selenium.remote.ProtocolHandshake.createSession(ProtocolHandshake.java:96)
	at org.openqa.selenium.remote.ProtocolHandshake.createSession(ProtocolHandshake.java:68)
	at org.openqa.selenium.remote.HttpCommandExecutor.execute(HttpCommandExecutor.java:163)
	at org.openqa.selenium.remote.service.DriverCommandExecutor.invokeExecute(DriverCommandExecutor.java:196)
	at org.openqa.selenium.remote.service.DriverCommandExecutor.execute(DriverCommandExecutor.java:171)
	at org.openqa.selenium.remote.RemoteWebDriver.execute(RemoteWebDriver.java:518)
	at org.openqa.selenium.remote.RemoteWebDriver.startSession(RemoteWebDriver.java:232)
	at org.openqa.selenium.remote.RemoteWebDriver.<init>(RemoteWebDriver.java:159)
	at org.openqa.selenium.safari.SafariDriver.<init>(SafariDriver.java:83)
	at org.openqa.selenium.safari.SafariDriver.<init>(SafariDriver.java:79)
	at org.openqa.selenium.safari.SafariDriver.<init>(SafariDriver.java:56)
	at org.openqa.selenium.safari.SafariDriver.<init>(SafariDriver.java:47)
	at com.factory.driverFactory.initializeDriver(driverFactory.java:25)
	at hooks.ApplicationHooks.launchBrowser(ApplicationHooks.java:37)
</textarea>
      
      </div>
                  </div>
                  <div class="step skip-bg">
                    <span>Given User is on login page</span>
      <div>Step skipped
      </div>
                  </div>
                  <div class="step skip-bg">
                    <span>When User enters "standard_user" and "secret_sauce"</span>
      <div>Step skipped
      </div>
                  </div>
                  <div class="step skip-bg">
                    <span>Then User should land on Products Page</span>
      <div>Step skipped
      </div>
                  </div>
                  <div class="step fail-bg">
                    <span>hooks.ApplicationHooks.tearDown(io.cucumber.java.Scenario)</span>
      <div>
        <textarea disabled class="code-block">java.lang.NullPointerException: Cannot invoke "org.openqa.selenium.TakesScreenshot.getScreenshotAs(org.openqa.selenium.OutputType)" because "this.driver" is null
	at hooks.ApplicationHooks.tearDown(ApplicationHooks.java:58)
</textarea>
      
      </div>
                  </div>
                  <div class="step fail-bg">
                    <span>hooks.ApplicationHooks.quitDriver()</span>
      <div>
        <textarea disabled class="code-block">java.lang.NullPointerException: Cannot invoke "org.openqa.selenium.WebDriver.quit()" because "this.driver" is null
	at hooks.ApplicationHooks.quitDriver(ApplicationHooks.java:51)
</textarea>
      
      </div>
                  </div>
              </div>
            </div>
            <div class="card-body l1">
              <div class="card-header">
                <div class="card-title outline-child">
                  <div class="node" id="14"><span class="badge log fail-bg mr-2">Fail</span>Login with Standard Credentials</div>
                </div>
              </div>
              <div class="card-body mt-3 ">
                  <div class="step fail-bg">
                    <span>hooks.ApplicationHooks.launchBrowser()</span>
      <div>
        <textarea disabled class="code-block">org.openqa.selenium.SessionNotCreatedException: Could not start a new session. Response code 500. Message: Could not create a session: You must enable the 'Allow Remote Automation' option in Safari's Develop menu to control Safari via WebDriver. 
Host info: host: 'Samis-MBP.lan', ip: '2409:40e3:4015:694f:7c16:3cf3:1071:3139%en0'
Build info: version: '4.11.0', revision: '040bc5406b'
System info: os.name: 'Mac OS X', os.arch: 'aarch64', os.version: '14.1.2', java.version: '21.0.1'
Driver info: org.openqa.selenium.safari.SafariDriver
Command: [null, newSession {capabilities=[Capabilities {browserName: safari}]}]
Capabilities {browserName: safari}
	at org.openqa.selenium.remote.ProtocolHandshake.createSession(ProtocolHandshake.java:140)
	at org.openqa.selenium.remote.ProtocolHandshake.createSession(ProtocolHandshake.java:96)
	at org.openqa.selenium.remote.ProtocolHandshake.createSession(ProtocolHandshake.java:68)
	at org.openqa.selenium.remote.HttpCommandExecutor.execute(HttpCommandExecutor.java:163)
	at org.openqa.selenium.remote.service.DriverCommandExecutor.invokeExecute(DriverCommandExecutor.java:196)
	at org.openqa.selenium.remote.service.DriverCommandExecutor.execute(DriverCommandExecutor.java:171)
	at org.openqa.selenium.remote.RemoteWebDriver.execute(RemoteWebDriver.java:518)
	at org.openqa.selenium.remote.RemoteWebDriver.startSession(RemoteWebDriver.java:232)
	at org.openqa.selenium.remote.RemoteWebDriver.<init>(RemoteWebDriver.java:159)
	at org.openqa.selenium.safari.SafariDriver.<init>(SafariDriver.java:83)
	at org.openqa.selenium.safari.SafariDriver.<init>(SafariDriver.java:79)
	at org.openqa.selenium.safari.SafariDriver.<init>(SafariDriver.java:56)
	at org.openqa.selenium.safari.SafariDriver.<init>(SafariDriver.java:47)
	at com.factory.driverFactory.initializeDriver(driverFactory.java:25)
	at hooks.ApplicationHooks.launchBrowser(ApplicationHooks.java:37)
</textarea>
      
      </div>
                  </div>
                  <div class="step skip-bg">
                    <span>Given User is on login page</span>
      <div>Step skipped
      </div>
                  </div>
                  <div class="step skip-bg">
                    <span>When User enters "performance_glitch_user" and "secret_sauce"</span>
      <div>Step skipped
      </div>
                  </div>
                  <div class="step skip-bg">
                    <span>Then User should land on Products Page</span>
      <div>Step skipped
      </div>
                  </div>
                  <div class="step fail-bg">
                    <span>hooks.ApplicationHooks.tearDown(io.cucumber.java.Scenario)</span>
      <div>
        <textarea disabled class="code-block">java.lang.NullPointerException: Cannot invoke "org.openqa.selenium.TakesScreenshot.getScreenshotAs(org.openqa.selenium.OutputType)" because "this.driver" is null
	at hooks.ApplicationHooks.tearDown(ApplicationHooks.java:58)
</textarea>
      
      </div>
                  </div>
                  <div class="step fail-bg">
                    <span>hooks.ApplicationHooks.quitDriver()</span>
      <div>
        <textarea disabled class="code-block">java.lang.NullPointerException: Cannot invoke "org.openqa.selenium.WebDriver.quit()" because "this.driver" is null
	at hooks.ApplicationHooks.quitDriver(ApplicationHooks.java:51)
</textarea>
      
      </div>
                  </div>
              </div>
            </div>
            <div class="card-body l1">
              <div class="card-header">
                <div class="card-title outline-child">
                  <div class="node" id="18"><span class="badge log fail-bg mr-2">Fail</span>Login with Standard Credentials</div>
                </div>
              </div>
              <div class="card-body mt-3 ">
                  <div class="step fail-bg">
                    <span>hooks.ApplicationHooks.launchBrowser()</span>
      <div>
        <textarea disabled class="code-block">org.openqa.selenium.SessionNotCreatedException: Could not start a new session. Response code 500. Message: Could not create a session: You must enable the 'Allow Remote Automation' option in Safari's Develop menu to control Safari via WebDriver. 
Host info: host: 'Samis-MBP.lan', ip: '2409:40e3:4015:694f:7c16:3cf3:1071:3139%en0'
Build info: version: '4.11.0', revision: '040bc5406b'
System info: os.name: 'Mac OS X', os.arch: 'aarch64', os.version: '14.1.2', java.version: '21.0.1'
Driver info: org.openqa.selenium.safari.SafariDriver
Command: [null, newSession {capabilities=[Capabilities {browserName: safari}]}]
Capabilities {browserName: safari}
	at org.openqa.selenium.remote.ProtocolHandshake.createSession(ProtocolHandshake.java:140)
	at org.openqa.selenium.remote.ProtocolHandshake.createSession(ProtocolHandshake.java:96)
	at org.openqa.selenium.remote.ProtocolHandshake.createSession(ProtocolHandshake.java:68)
	at org.openqa.selenium.remote.HttpCommandExecutor.execute(HttpCommandExecutor.java:163)
	at org.openqa.selenium.remote.service.DriverCommandExecutor.invokeExecute(DriverCommandExecutor.java:196)
	at org.openqa.selenium.remote.service.DriverCommandExecutor.execute(DriverCommandExecutor.java:171)
	at org.openqa.selenium.remote.RemoteWebDriver.execute(RemoteWebDriver.java:518)
	at org.openqa.selenium.remote.RemoteWebDriver.startSession(RemoteWebDriver.java:232)
	at org.openqa.selenium.remote.RemoteWebDriver.<init>(RemoteWebDriver.java:159)
	at org.openqa.selenium.safari.SafariDriver.<init>(SafariDriver.java:83)
	at org.openqa.selenium.safari.SafariDriver.<init>(SafariDriver.java:79)
	at org.openqa.selenium.safari.SafariDriver.<init>(SafariDriver.java:56)
	at org.openqa.selenium.safari.SafariDriver.<init>(SafariDriver.java:47)
	at com.factory.driverFactory.initializeDriver(driverFactory.java:25)
	at hooks.ApplicationHooks.launchBrowser(ApplicationHooks.java:37)
</textarea>
      
      </div>
                  </div>
                  <div class="step skip-bg">
                    <span>Given User is on login page</span>
      <div>Step skipped
      </div>
                  </div>
                  <div class="step skip-bg">
                    <span>When User enters "problem_user" and "secret_sauce"</span>
      <div>Step skipped
      </div>
                  </div>
                  <div class="step skip-bg">
                    <span>Then User should land on Products Page</span>
      <div>Step skipped
      </div>
                  </div>
                  <div class="step fail-bg">
                    <span>hooks.ApplicationHooks.tearDown(io.cucumber.java.Scenario)</span>
      <div>
        <textarea disabled class="code-block">java.lang.NullPointerException: Cannot invoke "org.openqa.selenium.TakesScreenshot.getScreenshotAs(org.openqa.selenium.OutputType)" because "this.driver" is null
	at hooks.ApplicationHooks.tearDown(ApplicationHooks.java:58)
</textarea>
      
      </div>
                  </div>
                  <div class="step fail-bg">
                    <span>hooks.ApplicationHooks.quitDriver()</span>
      <div>
        <textarea disabled class="code-block">java.lang.NullPointerException: Cannot invoke "org.openqa.selenium.WebDriver.quit()" because "this.driver" is null
	at hooks.ApplicationHooks.quitDriver(ApplicationHooks.java:51)
</textarea>
      
      </div>
                  </div>
              </div>
            </div>
        </div>
  </div>
</div>
          </div>
        </li>
        <li class="test-item"  status="fail" test-id="4"
          author=""
          tag=""
          device="">
          <div class="test-detail">
            <p class="name">User is able to Checkout Successfully of added products</p>
            <p class="text-sm">
              <span>15:12:04 pm</span> / <span>00:00:06:076</span>
              <span class="badge fail-bg log float-right">Fail</span>
            </p>
          </div>
          <div class="test-contents d-none">
<div class="detail-head">
<div class="p-v-10">
<div class="info">
<h5 class="test-status text-fail">User is able to Checkout Successfully of added products</h5>
<span class='badge badge-success'>07.11.2024 15:12:04</span>
<span class='badge badge-danger'>07.11.2024 15:12:10</span>
<span class='badge badge-default'>00:00:06:076</span>
&middot; <span class='uri-anchor badge badge-default'>#test-id=4</span>
</div>
<div class="m-t-10 m-l-5"></div>
</div>
</div>
<div class="accordion mt-4">
  <div class="card">
    <div class="card-header" role="tab">
      <div class="card-title">
        <div class="node" id="5"><span class="badge log fail-bg mr-2">Fail</span>Complete the Checkout Process</div>
      </div>
    </div>
        <div class="scenario_outline ">
            <div class="card-body l1">
              <div class="card-header">
                <div class="card-title outline-child">
                  <div class="node" id="6"><span class="badge log fail-bg mr-2">Fail</span>Complete the Checkout Process</div>
                </div>
              </div>
              <div class="card-body mt-3 ">
                  <div class="step fail-bg">
                    <span>hooks.ApplicationHooks.launchBrowser()</span>
      <div>
        <textarea disabled class="code-block">org.openqa.selenium.SessionNotCreatedException: Could not start a new session. Response code 500. Message: Could not create a session: You must enable the 'Allow Remote Automation' option in Safari's Develop menu to control Safari via WebDriver. 
Host info: host: 'Samis-MBP.lan', ip: '2409:40e3:4015:694f:7c16:3cf3:1071:3139%en0'
Build info: version: '4.11.0', revision: '040bc5406b'
System info: os.name: 'Mac OS X', os.arch: 'aarch64', os.version: '14.1.2', java.version: '21.0.1'
Driver info: org.openqa.selenium.safari.SafariDriver
Command: [null, newSession {capabilities=[Capabilities {browserName: safari}]}]
Capabilities {browserName: safari}
	at org.openqa.selenium.remote.ProtocolHandshake.createSession(ProtocolHandshake.java:140)
	at org.openqa.selenium.remote.ProtocolHandshake.createSession(ProtocolHandshake.java:96)
	at org.openqa.selenium.remote.ProtocolHandshake.createSession(ProtocolHandshake.java:68)
	at org.openqa.selenium.remote.HttpCommandExecutor.execute(HttpCommandExecutor.java:163)
	at org.openqa.selenium.remote.service.DriverCommandExecutor.invokeExecute(DriverCommandExecutor.java:196)
	at org.openqa.selenium.remote.service.DriverCommandExecutor.execute(DriverCommandExecutor.java:171)
	at org.openqa.selenium.remote.RemoteWebDriver.execute(RemoteWebDriver.java:518)
	at org.openqa.selenium.remote.RemoteWebDriver.startSession(RemoteWebDriver.java:232)
	at org.openqa.selenium.remote.RemoteWebDriver.<init>(RemoteWebDriver.java:159)
	at org.openqa.selenium.safari.SafariDriver.<init>(SafariDriver.java:83)
	at org.openqa.selenium.safari.SafariDriver.<init>(SafariDriver.java:79)
	at org.openqa.selenium.safari.SafariDriver.<init>(SafariDriver.java:56)
	at org.openqa.selenium.safari.SafariDriver.<init>(SafariDriver.java:47)
	at com.factory.driverFactory.initializeDriver(driverFactory.java:25)
	at hooks.ApplicationHooks.launchBrowser(ApplicationHooks.java:37)
</textarea>
      
      </div>
                  </div>
                  <div class="step skip-bg">
                    <span>Given User is on login page</span>
      <div>Step skipped
      </div>
                  </div>
                  <div class="step skip-bg">
                    <span>Given User enters "standard_user" and "secret_sauce"</span>
      <div>Step skipped
      </div>
                  </div>
                  <div class="step skip-bg">
                    <span>When User adds "Sauce Labs Backpack" to cart</span>
      <div>Step skipped
      </div>
                  </div>
                  <div class="step skip-bg">
                    <span>And User adds "Sauce Labs Bolt T-Shirt" to cart</span>
      <div>Step skipped
      </div>
                  </div>
                  <div class="step skip-bg">
                    <span>When User navigated to Your Cart page</span>
      <div>Step skipped
      </div>
                  </div>
                  <div class="step skip-bg">
                    <span>Then User lands on Your Cart Page</span>
      <div>Step skipped
      </div>
                  </div>
                  <div class="step skip-bg">
                    <span>And User Verify Products are visible on Your Cart Page</span>
      <div><table class='markup-table table '><tr><td>Products</td></tr><tr><td>Sauce Labs Backpack</td></tr><tr><td>Sauce Labs Bolt T-Shirt</td></tr></table>
      </div>
      <div>Step skipped
      </div>
                  </div>
                  <div class="step skip-bg">
                    <span>When User Checkout from Your Cart Page</span>
      <div>Step skipped
      </div>
                  </div>
                  <div class="step skip-bg">
                    <span>And User Fill following details</span>
      <div><table class='markup-table table '><tr><td>FirstName</td><td>LastName</td><td>Postcode</td></tr><tr><td>test1</td><td>user1</td><td>123</td></tr></table>
      </div>
      <div>Step skipped
      </div>
                  </div>
                  <div class="step skip-bg">
                    <span>And User Verify Products are visible on Your Cart Page</span>
      <div><table class='markup-table table '><tr><td>Products</td></tr><tr><td>Sauce Labs Backpack</td></tr><tr><td>Sauce Labs Bolt T-Shirt</td></tr></table>
      </div>
      <div>Step skipped
      </div>
                  </div>
                  <div class="step skip-bg">
                    <span>Then User Finish the Checkout Process</span>
      <div>Step skipped
      </div>
                  </div>
                  <div class="step skip-bg">
                    <span>And User Logout from Products Page</span>
      <div>Step skipped
      </div>
                  </div>
                  <div class="step fail-bg">
                    <span>hooks.ApplicationHooks.tearDown(io.cucumber.java.Scenario)</span>
      <div>
        <textarea disabled class="code-block">java.lang.NullPointerException: Cannot invoke "org.openqa.selenium.TakesScreenshot.getScreenshotAs(org.openqa.selenium.OutputType)" because "this.driver" is null
	at hooks.ApplicationHooks.tearDown(ApplicationHooks.java:58)
</textarea>
      
      </div>
                  </div>
                  <div class="step fail-bg">
                    <span>hooks.ApplicationHooks.quitDriver()</span>
      <div>
        <textarea disabled class="code-block">java.lang.NullPointerException: Cannot invoke "org.openqa.selenium.WebDriver.quit()" because "this.driver" is null
	at hooks.ApplicationHooks.quitDriver(ApplicationHooks.java:51)
</textarea>
      
      </div>
                  </div>
              </div>
            </div>
            <div class="card-body l1">
              <div class="card-header">
                <div class="card-title outline-child">
                  <div class="node" id="23"><span class="badge log fail-bg mr-2">Fail</span>Complete the Checkout Process</div>
                </div>
              </div>
              <div class="card-body mt-3 ">
                  <div class="step fail-bg">
                    <span>hooks.ApplicationHooks.launchBrowser()</span>
      <div>
        <textarea disabled class="code-block">org.openqa.selenium.SessionNotCreatedException: Could not start a new session. Response code 500. Message: Could not create a session: You must enable the 'Allow Remote Automation' option in Safari's Develop menu to control Safari via WebDriver. 
Host info: host: 'Samis-MBP.lan', ip: '2409:40e3:4015:694f:7c16:3cf3:1071:3139%en0'
Build info: version: '4.11.0', revision: '040bc5406b'
System info: os.name: 'Mac OS X', os.arch: 'aarch64', os.version: '14.1.2', java.version: '21.0.1'
Driver info: org.openqa.selenium.safari.SafariDriver
Command: [null, newSession {capabilities=[Capabilities {browserName: safari}]}]
Capabilities {browserName: safari}
	at org.openqa.selenium.remote.ProtocolHandshake.createSession(ProtocolHandshake.java:140)
	at org.openqa.selenium.remote.ProtocolHandshake.createSession(ProtocolHandshake.java:96)
	at org.openqa.selenium.remote.ProtocolHandshake.createSession(ProtocolHandshake.java:68)
	at org.openqa.selenium.remote.HttpCommandExecutor.execute(HttpCommandExecutor.java:163)
	at org.openqa.selenium.remote.service.DriverCommandExecutor.invokeExecute(DriverCommandExecutor.java:196)
	at org.openqa.selenium.remote.service.DriverCommandExecutor.execute(DriverCommandExecutor.java:171)
	at org.openqa.selenium.remote.RemoteWebDriver.execute(RemoteWebDriver.java:518)
	at org.openqa.selenium.remote.RemoteWebDriver.startSession(RemoteWebDriver.java:232)
	at org.openqa.selenium.remote.RemoteWebDriver.<init>(RemoteWebDriver.java:159)
	at org.openqa.selenium.safari.SafariDriver.<init>(SafariDriver.java:83)
	at org.openqa.selenium.safari.SafariDriver.<init>(SafariDriver.java:79)
	at org.openqa.selenium.safari.SafariDriver.<init>(SafariDriver.java:56)
	at org.openqa.selenium.safari.SafariDriver.<init>(SafariDriver.java:47)
	at com.factory.driverFactory.initializeDriver(driverFactory.java:25)
	at hooks.ApplicationHooks.launchBrowser(ApplicationHooks.java:37)
</textarea>
      
      </div>
                  </div>
                  <div class="step skip-bg">
                    <span>Given User is on login page</span>
      <div>Step skipped
      </div>
                  </div>
                  <div class="step skip-bg">
                    <span>Given User enters "visual_user" and "secret_sauce"</span>
      <div>Step skipped
      </div>
                  </div>
                  <div class="step skip-bg">
                    <span>When User adds "Sauce Labs Bike Light" to cart</span>
      <div>Step skipped
      </div>
                  </div>
                  <div class="step skip-bg">
                    <span>And User adds "Sauce Labs Bolt T-Shirt" to cart</span>
      <div>Step skipped
      </div>
                  </div>
                  <div class="step skip-bg">
                    <span>When User navigated to Your Cart page</span>
      <div>Step skipped
      </div>
                  </div>
                  <div class="step skip-bg">
                    <span>Then User lands on Your Cart Page</span>
      <div>Step skipped
      </div>
                  </div>
                  <div class="step skip-bg">
                    <span>And User Verify Products are visible on Your Cart Page</span>
      <div><table class='markup-table table '><tr><td>Products</td></tr><tr><td>Sauce Labs Bike Light</td></tr><tr><td>Sauce Labs Bolt T-Shirt</td></tr></table>
      </div>
      <div>Step skipped
      </div>
                  </div>
                  <div class="step skip-bg">
                    <span>When User Checkout from Your Cart Page</span>
      <div>Step skipped
      </div>
                  </div>
                  <div class="step skip-bg">
                    <span>And User Fill following details</span>
      <div><table class='markup-table table '><tr><td>FirstName</td><td>LastName</td><td>Postcode</td></tr><tr><td>test2</td><td>user2</td><td>456</td></tr></table>
      </div>
      <div>Step skipped
      </div>
                  </div>
                  <div class="step skip-bg">
                    <span>And User Verify Products are visible on Your Cart Page</span>
      <div><table class='markup-table table '><tr><td>Products</td></tr><tr><td>Sauce Labs Bike Light</td></tr><tr><td>Sauce Labs Bolt T-Shirt</td></tr></table>
      </div>
      <div>Step skipped
      </div>
                  </div>
                  <div class="step skip-bg">
                    <span>Then User Finish the Checkout Process</span>
      <div>Step skipped
      </div>
                  </div>
                  <div class="step skip-bg">
                    <span>And User Logout from Products Page</span>
      <div>Step skipped
      </div>
                  </div>
                  <div class="step fail-bg">
                    <span>hooks.ApplicationHooks.tearDown(io.cucumber.java.Scenario)</span>
      <div>
        <textarea disabled class="code-block">java.lang.NullPointerException: Cannot invoke "org.openqa.selenium.TakesScreenshot.getScreenshotAs(org.openqa.selenium.OutputType)" because "this.driver" is null
	at hooks.ApplicationHooks.tearDown(ApplicationHooks.java:58)
</textarea>
      
      </div>
                  </div>
                  <div class="step fail-bg">
                    <span>hooks.ApplicationHooks.quitDriver()</span>
      <div>
        <textarea disabled class="code-block">java.lang.NullPointerException: Cannot invoke "org.openqa.selenium.WebDriver.quit()" because "this.driver" is null
	at hooks.ApplicationHooks.quitDriver(ApplicationHooks.java:51)
</textarea>
      
      </div>
                  </div>
              </div>
            </div>
        </div>
  </div>
  <div class="card">
    <div class="card-header" role="tab">
      <div class="card-title">
        <div class="node" id="7"><span class="badge log fail-bg mr-2">Fail</span>User is able to Cancel  the Checkout Process</div>
      </div>
    </div>
        <div class="scenario_outline ">
            <div class="card-body l1">
              <div class="card-header">
                <div class="card-title outline-child">
                  <div class="node" id="8"><span class="badge log fail-bg mr-2">Fail</span>User is able to Cancel  the Checkout Process</div>
                </div>
              </div>
              <div class="card-body mt-3 ">
                  <div class="step fail-bg">
                    <span>hooks.ApplicationHooks.launchBrowser()</span>
      <div>
        <textarea disabled class="code-block">org.openqa.selenium.SessionNotCreatedException: Could not start a new session. Response code 500. Message: Could not create a session: You must enable the 'Allow Remote Automation' option in Safari's Develop menu to control Safari via WebDriver. 
Host info: host: 'Samis-MBP.lan', ip: '2409:40e3:4015:694f:7c16:3cf3:1071:3139%en0'
Build info: version: '4.11.0', revision: '040bc5406b'
System info: os.name: 'Mac OS X', os.arch: 'aarch64', os.version: '14.1.2', java.version: '21.0.1'
Driver info: org.openqa.selenium.safari.SafariDriver
Command: [null, newSession {capabilities=[Capabilities {browserName: safari}]}]
Capabilities {browserName: safari}
	at org.openqa.selenium.remote.ProtocolHandshake.createSession(ProtocolHandshake.java:140)
	at org.openqa.selenium.remote.ProtocolHandshake.createSession(ProtocolHandshake.java:96)
	at org.openqa.selenium.remote.ProtocolHandshake.createSession(ProtocolHandshake.java:68)
	at org.openqa.selenium.remote.HttpCommandExecutor.execute(HttpCommandExecutor.java:163)
	at org.openqa.selenium.remote.service.DriverCommandExecutor.invokeExecute(DriverCommandExecutor.java:196)
	at org.openqa.selenium.remote.service.DriverCommandExecutor.execute(DriverCommandExecutor.java:171)
	at org.openqa.selenium.remote.RemoteWebDriver.execute(RemoteWebDriver.java:518)
	at org.openqa.selenium.remote.RemoteWebDriver.startSession(RemoteWebDriver.java:232)
	at org.openqa.selenium.remote.RemoteWebDriver.<init>(RemoteWebDriver.java:159)
	at org.openqa.selenium.safari.SafariDriver.<init>(SafariDriver.java:83)
	at org.openqa.selenium.safari.SafariDriver.<init>(SafariDriver.java:79)
	at org.openqa.selenium.safari.SafariDriver.<init>(SafariDriver.java:56)
	at org.openqa.selenium.safari.SafariDriver.<init>(SafariDriver.java:47)
	at com.factory.driverFactory.initializeDriver(driverFactory.java:25)
	at hooks.ApplicationHooks.launchBrowser(ApplicationHooks.java:37)
</textarea>
      
      </div>
                  </div>
                  <div class="step skip-bg">
                    <span>Given User is on login page</span>
      <div>Step skipped
      </div>
                  </div>
                  <div class="step skip-bg">
                    <span>Given User enters "visual_user" and "secret_sauce"</span>
      <div>Step skipped
      </div>
                  </div>
                  <div class="step skip-bg">
                    <span>When User adds "Sauce Labs Bike Light" to cart</span>
      <div>Step skipped
      </div>
                  </div>
                  <div class="step skip-bg">
                    <span>And User adds "Sauce Labs Bolt T-Shirt" to cart</span>
      <div>Step skipped
      </div>
                  </div>
                  <div class="step skip-bg">
                    <span>When User navigated to Your Cart page</span>
      <div>Step skipped
      </div>
                  </div>
                  <div class="step skip-bg">
                    <span>Then User lands on Your Cart Page</span>
      <div>Step skipped
      </div>
                  </div>
                  <div class="step skip-bg">
                    <span>And User Verify Products are visible on Your Cart Page</span>
      <div><table class='markup-table table '><tr><td>Products</td></tr><tr><td>Sauce Labs Bike Light</td></tr><tr><td>Sauce Labs Bolt T-Shirt</td></tr></table>
      </div>
      <div>Step skipped
      </div>
                  </div>
                  <div class="step skip-bg">
                    <span>When User Checkout from Your Cart Page</span>
      <div>Step skipped
      </div>
                  </div>
                  <div class="step skip-bg">
                    <span>And User Fill following details</span>
      <div><table class='markup-table table '><tr><td>FirstName</td><td>LastName</td><td>Postcode</td></tr><tr><td>test2</td><td>user2</td><td>456</td></tr></table>
      </div>
      <div>Step skipped
      </div>
                  </div>
                  <div class="step skip-bg">
                    <span>And User Verify Products are visible on Your Cart Page</span>
      <div><table class='markup-table table '><tr><td>Products</td></tr><tr><td>Sauce Labs Bike Light</td></tr><tr><td>Sauce Labs Bolt T-Shirt</td></tr></table>
      </div>
      <div>Step skipped
      </div>
                  </div>
                  <div class="step skip-bg">
                    <span>Then User Cancel the Checkout Process</span>
      <div>Step skipped
      </div>
                  </div>
                  <div class="step skip-bg">
                    <span>And User Reset App State</span>
      <div>Step skipped
      </div>
                  </div>
                  <div class="step fail-bg">
                    <span>hooks.ApplicationHooks.tearDown(io.cucumber.java.Scenario)</span>
      <div>
        <textarea disabled class="code-block">java.lang.NullPointerException: Cannot invoke "org.openqa.selenium.TakesScreenshot.getScreenshotAs(org.openqa.selenium.OutputType)" because "this.driver" is null
	at hooks.ApplicationHooks.tearDown(ApplicationHooks.java:58)
</textarea>
      
      </div>
                  </div>
                  <div class="step fail-bg">
                    <span>hooks.ApplicationHooks.quitDriver()</span>
      <div>
        <textarea disabled class="code-block">java.lang.NullPointerException: Cannot invoke "org.openqa.selenium.WebDriver.quit()" because "this.driver" is null
	at hooks.ApplicationHooks.quitDriver(ApplicationHooks.java:51)
</textarea>
      
      </div>
                  </div>
              </div>
            </div>
            <div class="card-body l1">
              <div class="card-header">
                <div class="card-title outline-child">
                  <div class="node" id="13"><span class="badge log fail-bg mr-2">Fail</span>User is able to Cancel  the Checkout Process</div>
                </div>
              </div>
              <div class="card-body mt-3 ">
                  <div class="step fail-bg">
                    <span>hooks.ApplicationHooks.launchBrowser()</span>
      <div>
        <textarea disabled class="code-block">org.openqa.selenium.SessionNotCreatedException: Could not start a new session. Response code 500. Message: Could not create a session: You must enable the 'Allow Remote Automation' option in Safari's Develop menu to control Safari via WebDriver. 
Host info: host: 'Samis-MBP.lan', ip: '2409:40e3:4015:694f:7c16:3cf3:1071:3139%en0'
Build info: version: '4.11.0', revision: '040bc5406b'
System info: os.name: 'Mac OS X', os.arch: 'aarch64', os.version: '14.1.2', java.version: '21.0.1'
Driver info: org.openqa.selenium.safari.SafariDriver
Command: [null, newSession {capabilities=[Capabilities {browserName: safari}]}]
Capabilities {browserName: safari}
	at org.openqa.selenium.remote.ProtocolHandshake.createSession(ProtocolHandshake.java:140)
	at org.openqa.selenium.remote.ProtocolHandshake.createSession(ProtocolHandshake.java:96)
	at org.openqa.selenium.remote.ProtocolHandshake.createSession(ProtocolHandshake.java:68)
	at org.openqa.selenium.remote.HttpCommandExecutor.execute(HttpCommandExecutor.java:163)
	at org.openqa.selenium.remote.service.DriverCommandExecutor.invokeExecute(DriverCommandExecutor.java:196)
	at org.openqa.selenium.remote.service.DriverCommandExecutor.execute(DriverCommandExecutor.java:171)
	at org.openqa.selenium.remote.RemoteWebDriver.execute(RemoteWebDriver.java:518)
	at org.openqa.selenium.remote.RemoteWebDriver.startSession(RemoteWebDriver.java:232)
	at org.openqa.selenium.remote.RemoteWebDriver.<init>(RemoteWebDriver.java:159)
	at org.openqa.selenium.safari.SafariDriver.<init>(SafariDriver.java:83)
	at org.openqa.selenium.safari.SafariDriver.<init>(SafariDriver.java:79)
	at org.openqa.selenium.safari.SafariDriver.<init>(SafariDriver.java:56)
	at org.openqa.selenium.safari.SafariDriver.<init>(SafariDriver.java:47)
	at com.factory.driverFactory.initializeDriver(driverFactory.java:25)
	at hooks.ApplicationHooks.launchBrowser(ApplicationHooks.java:37)
</textarea>
      
      </div>
                  </div>
                  <div class="step skip-bg">
                    <span>Given User is on login page</span>
      <div>Step skipped
      </div>
                  </div>
                  <div class="step skip-bg">
                    <span>Given User enters "standard_user" and "secret_sauce"</span>
      <div>Step skipped
      </div>
                  </div>
                  <div class="step skip-bg">
                    <span>When User adds "Sauce Labs Backpack" to cart</span>
      <div>Step skipped
      </div>
                  </div>
                  <div class="step skip-bg">
                    <span>And User adds "Sauce Labs Bolt T-Shirt" to cart</span>
      <div>Step skipped
      </div>
                  </div>
                  <div class="step skip-bg">
                    <span>When User navigated to Your Cart page</span>
      <div>Step skipped
      </div>
                  </div>
                  <div class="step skip-bg">
                    <span>Then User lands on Your Cart Page</span>
      <div>Step skipped
      </div>
                  </div>
                  <div class="step skip-bg">
                    <span>And User Verify Products are visible on Your Cart Page</span>
      <div><table class='markup-table table '><tr><td>Products</td></tr><tr><td>Sauce Labs Backpack</td></tr><tr><td>Sauce Labs Bolt T-Shirt</td></tr></table>
      </div>
      <div>Step skipped
      </div>
                  </div>
                  <div class="step skip-bg">
                    <span>When User Checkout from Your Cart Page</span>
      <div>Step skipped
      </div>
                  </div>
                  <div class="step skip-bg">
                    <span>And User Fill following details</span>
      <div><table class='markup-table table '><tr><td>FirstName</td><td>LastName</td><td>Postcode</td></tr><tr><td>test1</td><td>user1</td><td>123</td></tr></table>
      </div>
      <div>Step skipped
      </div>
                  </div>
                  <div class="step skip-bg">
                    <span>And User Verify Products are visible on Your Cart Page</span>
      <div><table class='markup-table table '><tr><td>Products</td></tr><tr><td>Sauce Labs Backpack</td></tr><tr><td>Sauce Labs Bolt T-Shirt</td></tr></table>
      </div>
      <div>Step skipped
      </div>
                  </div>
                  <div class="step skip-bg">
                    <span>Then User Cancel the Checkout Process</span>
      <div>Step skipped
      </div>
                  </div>
                  <div class="step skip-bg">
                    <span>And User Reset App State</span>
      <div>Step skipped
      </div>
                  </div>
                  <div class="step fail-bg">
                    <span>hooks.ApplicationHooks.tearDown(io.cucumber.java.Scenario)</span>
      <div>
        <textarea disabled class="code-block">java.lang.NullPointerException: Cannot invoke "org.openqa.selenium.TakesScreenshot.getScreenshotAs(org.openqa.selenium.OutputType)" because "this.driver" is null
	at hooks.ApplicationHooks.tearDown(ApplicationHooks.java:58)
</textarea>
      
      </div>
                  </div>
                  <div class="step fail-bg">
                    <span>hooks.ApplicationHooks.quitDriver()</span>
      <div>
        <textarea disabled class="code-block">java.lang.NullPointerException: Cannot invoke "org.openqa.selenium.WebDriver.quit()" because "this.driver" is null
	at hooks.ApplicationHooks.quitDriver(ApplicationHooks.java:51)
</textarea>
      
      </div>
                  </div>
              </div>
            </div>
        </div>
  </div>
</div>
          </div>
        </li>
        <li class="test-item"  status="fail" test-id="123"
          author=""
          tag=""
          device="">
          <div class="test-detail">
            <p class="name">Test that User is able to Successfully add products,Remove,Logout</p>
            <p class="text-sm">
              <span>15:12:10 pm</span> / <span>00:00:20:811</span>
              <span class="badge fail-bg log float-right">Fail</span>
            </p>
          </div>
          <div class="test-contents d-none">
<div class="detail-head">
<div class="p-v-10">
<div class="info">
<h5 class="test-status text-fail">Test that User is able to Successfully add products,Remove,Logout</h5>
<span class='badge badge-success'>07.11.2024 15:12:10</span>
<span class='badge badge-danger'>07.11.2024 15:12:31</span>
<span class='badge badge-default'>00:00:20:811</span>
&middot; <span class='uri-anchor badge badge-default'>#test-id=123</span>
</div>
<div class="m-t-10 m-l-5"></div>
</div>
</div>
<div class="accordion mt-4">
  <div class="card">
    <div class="card-header" role="tab">
      <div class="card-title">
        <div class="node" id="124"><span class="badge log fail-bg mr-2">Fail</span>Correct Products Images are Visible with respect to the Products Name</div>
      </div>
    </div>
        <div class="scenario_outline ">
            <div class="card-body l1">
              <div class="card-header">
                <div class="card-title outline-child">
                  <div class="node" id="125"><span class="badge log fail-bg mr-2">Fail</span>Correct Products Images are Visible with respect to the Products Name</div>
                </div>
              </div>
              <div class="card-body mt-3 ">
                  <div class="step fail-bg">
                    <span>hooks.ApplicationHooks.launchBrowser()</span>
      <div>
        <textarea disabled class="code-block">org.openqa.selenium.SessionNotCreatedException: Could not start a new session. Response code 500. Message: Could not create a session: You must enable the 'Allow Remote Automation' option in Safari's Develop menu to control Safari via WebDriver. 
Host info: host: 'Samis-MBP.lan', ip: '2409:40e3:4015:694f:7c16:3cf3:1071:3139%en0'
Build info: version: '4.11.0', revision: '040bc5406b'
System info: os.name: 'Mac OS X', os.arch: 'aarch64', os.version: '14.1.2', java.version: '21.0.1'
Driver info: org.openqa.selenium.safari.SafariDriver
Command: [null, newSession {capabilities=[Capabilities {browserName: safari}]}]
Capabilities {browserName: safari}
	at org.openqa.selenium.remote.ProtocolHandshake.createSession(ProtocolHandshake.java:140)
	at org.openqa.selenium.remote.ProtocolHandshake.createSession(ProtocolHandshake.java:96)
	at org.openqa.selenium.remote.ProtocolHandshake.createSession(ProtocolHandshake.java:68)
	at org.openqa.selenium.remote.HttpCommandExecutor.execute(HttpCommandExecutor.java:163)
	at org.openqa.selenium.remote.service.DriverCommandExecutor.invokeExecute(DriverCommandExecutor.java:196)
	at org.openqa.selenium.remote.service.DriverCommandExecutor.execute(DriverCommandExecutor.java:171)
	at org.openqa.selenium.remote.RemoteWebDriver.execute(RemoteWebDriver.java:518)
	at org.openqa.selenium.remote.RemoteWebDriver.startSession(RemoteWebDriver.java:232)
	at org.openqa.selenium.remote.RemoteWebDriver.<init>(RemoteWebDriver.java:159)
	at org.openqa.selenium.safari.SafariDriver.<init>(SafariDriver.java:83)
	at org.openqa.selenium.safari.SafariDriver.<init>(SafariDriver.java:79)
	at org.openqa.selenium.safari.SafariDriver.<init>(SafariDriver.java:56)
	at org.openqa.selenium.safari.SafariDriver.<init>(SafariDriver.java:47)
	at com.factory.driverFactory.initializeDriver(driverFactory.java:25)
	at hooks.ApplicationHooks.launchBrowser(ApplicationHooks.java:37)
</textarea>
      
      </div>
                  </div>
                  <div class="step skip-bg">
                    <span>Given User is on login page</span>
      <div>Step skipped
      </div>
                  </div>
                  <div class="step skip-bg">
                    <span>When User enters "standard_user" and "secret_sauce"</span>
      <div>Step skipped
      </div>
                  </div>
                  <div class="step skip-bg">
                    <span>Then "Sauce Labs Backpack" and its respective "sauce-backpack" should be displayed</span>
      <div>Step skipped
      </div>
                  </div>
                  <div class="step fail-bg">
                    <span>hooks.ApplicationHooks.tearDown(io.cucumber.java.Scenario)</span>
      <div>
        <textarea disabled class="code-block">java.lang.NullPointerException: Cannot invoke "org.openqa.selenium.TakesScreenshot.getScreenshotAs(org.openqa.selenium.OutputType)" because "this.driver" is null
	at hooks.ApplicationHooks.tearDown(ApplicationHooks.java:58)
</textarea>
      
      </div>
                  </div>
                  <div class="step fail-bg">
                    <span>hooks.ApplicationHooks.quitDriver()</span>
      <div>
        <textarea disabled class="code-block">java.lang.NullPointerException: Cannot invoke "org.openqa.selenium.WebDriver.quit()" because "this.driver" is null
	at hooks.ApplicationHooks.quitDriver(ApplicationHooks.java:51)
</textarea>
      
      </div>
                  </div>
              </div>
            </div>
            <div class="card-body l1">
              <div class="card-header">
                <div class="card-title outline-child">
                  <div class="node" id="133"><span class="badge log fail-bg mr-2">Fail</span>Correct Products Images are Visible with respect to the Products Name</div>
                </div>
              </div>
              <div class="card-body mt-3 ">
                  <div class="step fail-bg">
                    <span>hooks.ApplicationHooks.launchBrowser()</span>
      <div>
        <textarea disabled class="code-block">org.openqa.selenium.SessionNotCreatedException: Could not start a new session. Response code 500. Message: Could not create a session: You must enable the 'Allow Remote Automation' option in Safari's Develop menu to control Safari via WebDriver. 
Host info: host: 'Samis-MBP.lan', ip: '2409:40e3:4015:694f:7c16:3cf3:1071:3139%en0'
Build info: version: '4.11.0', revision: '040bc5406b'
System info: os.name: 'Mac OS X', os.arch: 'aarch64', os.version: '14.1.2', java.version: '21.0.1'
Driver info: org.openqa.selenium.safari.SafariDriver
Command: [null, newSession {capabilities=[Capabilities {browserName: safari}]}]
Capabilities {browserName: safari}
	at org.openqa.selenium.remote.ProtocolHandshake.createSession(ProtocolHandshake.java:140)
	at org.openqa.selenium.remote.ProtocolHandshake.createSession(ProtocolHandshake.java:96)
	at org.openqa.selenium.remote.ProtocolHandshake.createSession(ProtocolHandshake.java:68)
	at org.openqa.selenium.remote.HttpCommandExecutor.execute(HttpCommandExecutor.java:163)
	at org.openqa.selenium.remote.service.DriverCommandExecutor.invokeExecute(DriverCommandExecutor.java:196)
	at org.openqa.selenium.remote.service.DriverCommandExecutor.execute(DriverCommandExecutor.java:171)
	at org.openqa.selenium.remote.RemoteWebDriver.execute(RemoteWebDriver.java:518)
	at org.openqa.selenium.remote.RemoteWebDriver.startSession(RemoteWebDriver.java:232)
	at org.openqa.selenium.remote.RemoteWebDriver.<init>(RemoteWebDriver.java:159)
	at org.openqa.selenium.safari.SafariDriver.<init>(SafariDriver.java:83)
	at org.openqa.selenium.safari.SafariDriver.<init>(SafariDriver.java:79)
	at org.openqa.selenium.safari.SafariDriver.<init>(SafariDriver.java:56)
	at org.openqa.selenium.safari.SafariDriver.<init>(SafariDriver.java:47)
	at com.factory.driverFactory.initializeDriver(driverFactory.java:25)
	at hooks.ApplicationHooks.launchBrowser(ApplicationHooks.java:37)
</textarea>
      
      </div>
                  </div>
                  <div class="step skip-bg">
                    <span>Given User is on login page</span>
      <div>Step skipped
      </div>
                  </div>
                  <div class="step skip-bg">
                    <span>When User enters "performance_glitch_user" and "secret_sauce"</span>
      <div>Step skipped
      </div>
                  </div>
                  <div class="step skip-bg">
                    <span>Then "Sauce Labs Bolt T-Shirt" and its respective "bolt-shirt" should be displayed</span>
      <div>Step skipped
      </div>
                  </div>
                  <div class="step fail-bg">
                    <span>hooks.ApplicationHooks.tearDown(io.cucumber.java.Scenario)</span>
      <div>
        <textarea disabled class="code-block">java.lang.NullPointerException: Cannot invoke "org.openqa.selenium.TakesScreenshot.getScreenshotAs(org.openqa.selenium.OutputType)" because "this.driver" is null
	at hooks.ApplicationHooks.tearDown(ApplicationHooks.java:58)
</textarea>
      
      </div>
                  </div>
                  <div class="step fail-bg">
                    <span>hooks.ApplicationHooks.quitDriver()</span>
      <div>
        <textarea disabled class="code-block">java.lang.NullPointerException: Cannot invoke "org.openqa.selenium.WebDriver.quit()" because "this.driver" is null
	at hooks.ApplicationHooks.quitDriver(ApplicationHooks.java:51)
</textarea>
      
      </div>
                  </div>
              </div>
            </div>
            <div class="card-body l1">
              <div class="card-header">
                <div class="card-title outline-child">
                  <div class="node" id="148"><span class="badge log fail-bg mr-2">Fail</span>Correct Products Images are Visible with respect to the Products Name</div>
                </div>
              </div>
              <div class="card-body mt-3 ">
                  <div class="step fail-bg">
                    <span>hooks.ApplicationHooks.launchBrowser()</span>
      <div>
        <textarea disabled class="code-block">org.openqa.selenium.SessionNotCreatedException: Could not start a new session. Response code 500. Message: Could not create a session: You must enable the 'Allow Remote Automation' option in Safari's Develop menu to control Safari via WebDriver. 
Host info: host: 'Samis-MBP.lan', ip: '2409:40e3:4015:694f:7c16:3cf3:1071:3139%en0'
Build info: version: '4.11.0', revision: '040bc5406b'
System info: os.name: 'Mac OS X', os.arch: 'aarch64', os.version: '14.1.2', java.version: '21.0.1'
Driver info: org.openqa.selenium.safari.SafariDriver
Command: [null, newSession {capabilities=[Capabilities {browserName: safari}]}]
Capabilities {browserName: safari}
	at org.openqa.selenium.remote.ProtocolHandshake.createSession(ProtocolHandshake.java:140)
	at org.openqa.selenium.remote.ProtocolHandshake.createSession(ProtocolHandshake.java:96)
	at org.openqa.selenium.remote.ProtocolHandshake.createSession(ProtocolHandshake.java:68)
	at org.openqa.selenium.remote.HttpCommandExecutor.execute(HttpCommandExecutor.java:163)
	at org.openqa.selenium.remote.service.DriverCommandExecutor.invokeExecute(DriverCommandExecutor.java:196)
	at org.openqa.selenium.remote.service.DriverCommandExecutor.execute(DriverCommandExecutor.java:171)
	at org.openqa.selenium.remote.RemoteWebDriver.execute(RemoteWebDriver.java:518)
	at org.openqa.selenium.remote.RemoteWebDriver.startSession(RemoteWebDriver.java:232)
	at org.openqa.selenium.remote.RemoteWebDriver.<init>(RemoteWebDriver.java:159)
	at org.openqa.selenium.safari.SafariDriver.<init>(SafariDriver.java:83)
	at org.openqa.selenium.safari.SafariDriver.<init>(SafariDriver.java:79)
	at org.openqa.selenium.safari.SafariDriver.<init>(SafariDriver.java:56)
	at org.openqa.selenium.safari.SafariDriver.<init>(SafariDriver.java:47)
	at com.factory.driverFactory.initializeDriver(driverFactory.java:25)
	at hooks.ApplicationHooks.launchBrowser(ApplicationHooks.java:37)
</textarea>
      
      </div>
                  </div>
                  <div class="step skip-bg">
                    <span>Given User is on login page</span>
      <div>Step skipped
      </div>
                  </div>
                  <div class="step skip-bg">
                    <span>When User enters "problem_user" and "secret_sauce"</span>
      <div>Step skipped
      </div>
                  </div>
                  <div class="step skip-bg">
                    <span>Then "Sauce Labs Bike Light" and its respective "bike-light" should be displayed</span>
      <div>Step skipped
      </div>
                  </div>
                  <div class="step fail-bg">
                    <span>hooks.ApplicationHooks.tearDown(io.cucumber.java.Scenario)</span>
      <div>
        <textarea disabled class="code-block">java.lang.NullPointerException: Cannot invoke "org.openqa.selenium.TakesScreenshot.getScreenshotAs(org.openqa.selenium.OutputType)" because "this.driver" is null
	at hooks.ApplicationHooks.tearDown(ApplicationHooks.java:58)
</textarea>
      
      </div>
                  </div>
                  <div class="step fail-bg">
                    <span>hooks.ApplicationHooks.quitDriver()</span>
      <div>
        <textarea disabled class="code-block">java.lang.NullPointerException: Cannot invoke "org.openqa.selenium.WebDriver.quit()" because "this.driver" is null
	at hooks.ApplicationHooks.quitDriver(ApplicationHooks.java:51)
</textarea>
      
      </div>
                  </div>
              </div>
            </div>
            <div class="card-body l1">
              <div class="card-header">
                <div class="card-title outline-child">
                  <div class="node" id="154"><span class="badge log fail-bg mr-2">Fail</span>Correct Products Images are Visible with respect to the Products Name</div>
                </div>
              </div>
              <div class="card-body mt-3 ">
                  <div class="step fail-bg">
                    <span>hooks.ApplicationHooks.launchBrowser()</span>
      <div>
        <textarea disabled class="code-block">org.openqa.selenium.SessionNotCreatedException: Could not start a new session. Response code 500. Message: Could not create a session: You must enable the 'Allow Remote Automation' option in Safari's Develop menu to control Safari via WebDriver. 
Host info: host: 'Samis-MBP.lan', ip: '2409:40e3:4015:694f:7c16:3cf3:1071:3139%en0'
Build info: version: '4.11.0', revision: '040bc5406b'
System info: os.name: 'Mac OS X', os.arch: 'aarch64', os.version: '14.1.2', java.version: '21.0.1'
Driver info: org.openqa.selenium.safari.SafariDriver
Command: [null, newSession {capabilities=[Capabilities {browserName: safari}]}]
Capabilities {browserName: safari}
	at org.openqa.selenium.remote.ProtocolHandshake.createSession(ProtocolHandshake.java:140)
	at org.openqa.selenium.remote.ProtocolHandshake.createSession(ProtocolHandshake.java:96)
	at org.openqa.selenium.remote.ProtocolHandshake.createSession(ProtocolHandshake.java:68)
	at org.openqa.selenium.remote.HttpCommandExecutor.execute(HttpCommandExecutor.java:163)
	at org.openqa.selenium.remote.service.DriverCommandExecutor.invokeExecute(DriverCommandExecutor.java:196)
	at org.openqa.selenium.remote.service.DriverCommandExecutor.execute(DriverCommandExecutor.java:171)
	at org.openqa.selenium.remote.RemoteWebDriver.execute(RemoteWebDriver.java:518)
	at org.openqa.selenium.remote.RemoteWebDriver.startSession(RemoteWebDriver.java:232)
	at org.openqa.selenium.remote.RemoteWebDriver.<init>(RemoteWebDriver.java:159)
	at org.openqa.selenium.safari.SafariDriver.<init>(SafariDriver.java:83)
	at org.openqa.selenium.safari.SafariDriver.<init>(SafariDriver.java:79)
	at org.openqa.selenium.safari.SafariDriver.<init>(SafariDriver.java:56)
	at org.openqa.selenium.safari.SafariDriver.<init>(SafariDriver.java:47)
	at com.factory.driverFactory.initializeDriver(driverFactory.java:25)
	at hooks.ApplicationHooks.launchBrowser(ApplicationHooks.java:37)
</textarea>
      
      </div>
                  </div>
                  <div class="step skip-bg">
                    <span>Given User is on login page</span>
      <div>Step skipped
      </div>
                  </div>
                  <div class="step skip-bg">
                    <span>When User enters "standard_user" and "secret_sauce"</span>
      <div>Step skipped
      </div>
                  </div>
                  <div class="step skip-bg">
                    <span>Then "Sauce Labs Bolt T-Shirt" and its respective "bolt-shirt" should be displayed</span>
      <div>Step skipped
      </div>
                  </div>
                  <div class="step fail-bg">
                    <span>hooks.ApplicationHooks.tearDown(io.cucumber.java.Scenario)</span>
      <div>
        <textarea disabled class="code-block">java.lang.NullPointerException: Cannot invoke "org.openqa.selenium.TakesScreenshot.getScreenshotAs(org.openqa.selenium.OutputType)" because "this.driver" is null
	at hooks.ApplicationHooks.tearDown(ApplicationHooks.java:58)
</textarea>
      
      </div>
                  </div>
                  <div class="step fail-bg">
                    <span>hooks.ApplicationHooks.quitDriver()</span>
      <div>
        <textarea disabled class="code-block">java.lang.NullPointerException: Cannot invoke "org.openqa.selenium.WebDriver.quit()" because "this.driver" is null
	at hooks.ApplicationHooks.quitDriver(ApplicationHooks.java:51)
</textarea>
      
      </div>
                  </div>
              </div>
            </div>
        </div>
  </div>
  <div class="card">
    <div class="card-header" role="tab">
      <div class="card-title">
        <div class="node" id="127"><span class="badge log fail-bg mr-2">Fail</span>Add Products to Cart</div>
      </div>
    </div>
        <div class="scenario_outline ">
            <div class="card-body l1">
              <div class="card-header">
                <div class="card-title outline-child">
                  <div class="node" id="128"><span class="badge log fail-bg mr-2">Fail</span>Add Products to Cart</div>
                </div>
              </div>
              <div class="card-body mt-3 ">
                  <div class="step fail-bg">
                    <span>hooks.ApplicationHooks.launchBrowser()</span>
      <div>
        <textarea disabled class="code-block">org.openqa.selenium.SessionNotCreatedException: Could not start a new session. Response code 500. Message: Could not create a session: You must enable the 'Allow Remote Automation' option in Safari's Develop menu to control Safari via WebDriver. 
Host info: host: 'Samis-MBP.lan', ip: '2409:40e3:4015:694f:7c16:3cf3:1071:3139%en0'
Build info: version: '4.11.0', revision: '040bc5406b'
System info: os.name: 'Mac OS X', os.arch: 'aarch64', os.version: '14.1.2', java.version: '21.0.1'
Driver info: org.openqa.selenium.safari.SafariDriver
Command: [null, newSession {capabilities=[Capabilities {browserName: safari}]}]
Capabilities {browserName: safari}
	at org.openqa.selenium.remote.ProtocolHandshake.createSession(ProtocolHandshake.java:140)
	at org.openqa.selenium.remote.ProtocolHandshake.createSession(ProtocolHandshake.java:96)
	at org.openqa.selenium.remote.ProtocolHandshake.createSession(ProtocolHandshake.java:68)
	at org.openqa.selenium.remote.HttpCommandExecutor.execute(HttpCommandExecutor.java:163)
	at org.openqa.selenium.remote.service.DriverCommandExecutor.invokeExecute(DriverCommandExecutor.java:196)
	at org.openqa.selenium.remote.service.DriverCommandExecutor.execute(DriverCommandExecutor.java:171)
	at org.openqa.selenium.remote.RemoteWebDriver.execute(RemoteWebDriver.java:518)
	at org.openqa.selenium.remote.RemoteWebDriver.startSession(RemoteWebDriver.java:232)
	at org.openqa.selenium.remote.RemoteWebDriver.<init>(RemoteWebDriver.java:159)
	at org.openqa.selenium.safari.SafariDriver.<init>(SafariDriver.java:83)
	at org.openqa.selenium.safari.SafariDriver.<init>(SafariDriver.java:79)
	at org.openqa.selenium.safari.SafariDriver.<init>(SafariDriver.java:56)
	at org.openqa.selenium.safari.SafariDriver.<init>(SafariDriver.java:47)
	at com.factory.driverFactory.initializeDriver(driverFactory.java:25)
	at hooks.ApplicationHooks.launchBrowser(ApplicationHooks.java:37)
</textarea>
      
      </div>
                  </div>
                  <div class="step skip-bg">
                    <span>Given User is on login page</span>
      <div>Step skipped
      </div>
                  </div>
                  <div class="step skip-bg">
                    <span>Given User enters "performance_glitch_user" and "secret_sauce"</span>
      <div>Step skipped
      </div>
                  </div>
                  <div class="step skip-bg">
                    <span>When User adds "Sauce Labs Bolt T-Shirt" to cart</span>
      <div>Step skipped
      </div>
                  </div>
                  <div class="step skip-bg">
                    <span>Then Verify Product is added in Shopping Bag</span>
      <div>Step skipped
      </div>
                  </div>
                  <div class="step skip-bg">
                    <span>When User should be able to remove "Sauce Labs Bolt T-Shirt" from Products</span>
      <div>Step skipped
      </div>
                  </div>
                  <div class="step skip-bg">
                    <span>Then Verify Product is Removed from Shopping Bag "Sauce Labs Bolt T-Shirt"</span>
      <div>Step skipped
      </div>
                  </div>
                  <div class="step skip-bg">
                    <span>When User Logout from Products Page</span>
      <div>Step skipped
      </div>
                  </div>
                  <div class="step skip-bg">
                    <span>Then User is on login page</span>
      <div>Step skipped
      </div>
                  </div>
                  <div class="step fail-bg">
                    <span>hooks.ApplicationHooks.tearDown(io.cucumber.java.Scenario)</span>
      <div>
        <textarea disabled class="code-block">java.lang.NullPointerException: Cannot invoke "org.openqa.selenium.TakesScreenshot.getScreenshotAs(org.openqa.selenium.OutputType)" because "this.driver" is null
	at hooks.ApplicationHooks.tearDown(ApplicationHooks.java:58)
</textarea>
      
      </div>
                  </div>
                  <div class="step fail-bg">
                    <span>hooks.ApplicationHooks.quitDriver()</span>
      <div>
        <textarea disabled class="code-block">java.lang.NullPointerException: Cannot invoke "org.openqa.selenium.WebDriver.quit()" because "this.driver" is null
	at hooks.ApplicationHooks.quitDriver(ApplicationHooks.java:51)
</textarea>
      
      </div>
                  </div>
              </div>
            </div>
            <div class="card-body l1">
              <div class="card-header">
                <div class="card-title outline-child">
                  <div class="node" id="131"><span class="badge log fail-bg mr-2">Fail</span>Add Products to Cart</div>
                </div>
              </div>
              <div class="card-body mt-3 ">
                  <div class="step fail-bg">
                    <span>hooks.ApplicationHooks.launchBrowser()</span>
      <div>
        <textarea disabled class="code-block">org.openqa.selenium.SessionNotCreatedException: Could not start a new session. Response code 500. Message: Could not create a session: You must enable the 'Allow Remote Automation' option in Safari's Develop menu to control Safari via WebDriver. 
Host info: host: 'Samis-MBP.lan', ip: '2409:40e3:4015:694f:7c16:3cf3:1071:3139%en0'
Build info: version: '4.11.0', revision: '040bc5406b'
System info: os.name: 'Mac OS X', os.arch: 'aarch64', os.version: '14.1.2', java.version: '21.0.1'
Driver info: org.openqa.selenium.safari.SafariDriver
Command: [null, newSession {capabilities=[Capabilities {browserName: safari}]}]
Capabilities {browserName: safari}
	at org.openqa.selenium.remote.ProtocolHandshake.createSession(ProtocolHandshake.java:140)
	at org.openqa.selenium.remote.ProtocolHandshake.createSession(ProtocolHandshake.java:96)
	at org.openqa.selenium.remote.ProtocolHandshake.createSession(ProtocolHandshake.java:68)
	at org.openqa.selenium.remote.HttpCommandExecutor.execute(HttpCommandExecutor.java:163)
	at org.openqa.selenium.remote.service.DriverCommandExecutor.invokeExecute(DriverCommandExecutor.java:196)
	at org.openqa.selenium.remote.service.DriverCommandExecutor.execute(DriverCommandExecutor.java:171)
	at org.openqa.selenium.remote.RemoteWebDriver.execute(RemoteWebDriver.java:518)
	at org.openqa.selenium.remote.RemoteWebDriver.startSession(RemoteWebDriver.java:232)
	at org.openqa.selenium.remote.RemoteWebDriver.<init>(RemoteWebDriver.java:159)
	at org.openqa.selenium.safari.SafariDriver.<init>(SafariDriver.java:83)
	at org.openqa.selenium.safari.SafariDriver.<init>(SafariDriver.java:79)
	at org.openqa.selenium.safari.SafariDriver.<init>(SafariDriver.java:56)
	at org.openqa.selenium.safari.SafariDriver.<init>(SafariDriver.java:47)
	at com.factory.driverFactory.initializeDriver(driverFactory.java:25)
	at hooks.ApplicationHooks.launchBrowser(ApplicationHooks.java:37)
</textarea>
      
      </div>
                  </div>
                  <div class="step skip-bg">
                    <span>Given User is on login page</span>
      <div>Step skipped
      </div>
                  </div>
                  <div class="step skip-bg">
                    <span>Given User enters "standard_user" and "secret_sauce"</span>
      <div>Step skipped
      </div>
                  </div>
                  <div class="step skip-bg">
                    <span>When User adds "Sauce Labs Backpack" to cart</span>
      <div>Step skipped
      </div>
                  </div>
                  <div class="step skip-bg">
                    <span>Then Verify Product is added in Shopping Bag</span>
      <div>Step skipped
      </div>
                  </div>
                  <div class="step skip-bg">
                    <span>When User should be able to remove "Sauce Labs Backpack" from Products</span>
      <div>Step skipped
      </div>
                  </div>
                  <div class="step skip-bg">
                    <span>Then Verify Product is Removed from Shopping Bag "Sauce Labs Backpack"</span>
      <div>Step skipped
      </div>
                  </div>
                  <div class="step skip-bg">
                    <span>When User Logout from Products Page</span>
      <div>Step skipped
      </div>
                  </div>
                  <div class="step skip-bg">
                    <span>Then User is on login page</span>
      <div>Step skipped
      </div>
                  </div>
                  <div class="step fail-bg">
                    <span>hooks.ApplicationHooks.tearDown(io.cucumber.java.Scenario)</span>
      <div>
        <textarea disabled class="code-block">java.lang.NullPointerException: Cannot invoke "org.openqa.selenium.TakesScreenshot.getScreenshotAs(org.openqa.selenium.OutputType)" because "this.driver" is null
	at hooks.ApplicationHooks.tearDown(ApplicationHooks.java:58)
</textarea>
      
      </div>
                  </div>
                  <div class="step fail-bg">
                    <span>hooks.ApplicationHooks.quitDriver()</span>
      <div>
        <textarea disabled class="code-block">java.lang.NullPointerException: Cannot invoke "org.openqa.selenium.WebDriver.quit()" because "this.driver" is null
	at hooks.ApplicationHooks.quitDriver(ApplicationHooks.java:51)
</textarea>
      
      </div>
                  </div>
              </div>
            </div>
            <div class="card-body l1">
              <div class="card-header">
                <div class="card-title outline-child">
                  <div class="node" id="138"><span class="badge log fail-bg mr-2">Fail</span>Add Products to Cart</div>
                </div>
              </div>
              <div class="card-body mt-3 ">
                  <div class="step fail-bg">
                    <span>hooks.ApplicationHooks.launchBrowser()</span>
      <div>
        <textarea disabled class="code-block">org.openqa.selenium.SessionNotCreatedException: Could not start a new session. Response code 500. Message: Could not create a session: You must enable the 'Allow Remote Automation' option in Safari's Develop menu to control Safari via WebDriver. 
Host info: host: 'Samis-MBP.lan', ip: '2409:40e3:4015:694f:7c16:3cf3:1071:3139%en0'
Build info: version: '4.11.0', revision: '040bc5406b'
System info: os.name: 'Mac OS X', os.arch: 'aarch64', os.version: '14.1.2', java.version: '21.0.1'
Driver info: org.openqa.selenium.safari.SafariDriver
Command: [null, newSession {capabilities=[Capabilities {browserName: safari}]}]
Capabilities {browserName: safari}
	at org.openqa.selenium.remote.ProtocolHandshake.createSession(ProtocolHandshake.java:140)
	at org.openqa.selenium.remote.ProtocolHandshake.createSession(ProtocolHandshake.java:96)
	at org.openqa.selenium.remote.ProtocolHandshake.createSession(ProtocolHandshake.java:68)
	at org.openqa.selenium.remote.HttpCommandExecutor.execute(HttpCommandExecutor.java:163)
	at org.openqa.selenium.remote.service.DriverCommandExecutor.invokeExecute(DriverCommandExecutor.java:196)
	at org.openqa.selenium.remote.service.DriverCommandExecutor.execute(DriverCommandExecutor.java:171)
	at org.openqa.selenium.remote.RemoteWebDriver.execute(RemoteWebDriver.java:518)
	at org.openqa.selenium.remote.RemoteWebDriver.startSession(RemoteWebDriver.java:232)
	at org.openqa.selenium.remote.RemoteWebDriver.<init>(RemoteWebDriver.java:159)
	at org.openqa.selenium.safari.SafariDriver.<init>(SafariDriver.java:83)
	at org.openqa.selenium.safari.SafariDriver.<init>(SafariDriver.java:79)
	at org.openqa.selenium.safari.SafariDriver.<init>(SafariDriver.java:56)
	at org.openqa.selenium.safari.SafariDriver.<init>(SafariDriver.java:47)
	at com.factory.driverFactory.initializeDriver(driverFactory.java:25)
	at hooks.ApplicationHooks.launchBrowser(ApplicationHooks.java:37)
</textarea>
      
      </div>
                  </div>
                  <div class="step skip-bg">
                    <span>Given User is on login page</span>
      <div>Step skipped
      </div>
                  </div>
                  <div class="step skip-bg">
                    <span>Given User enters "standard_user" and "secret_sauce"</span>
      <div>Step skipped
      </div>
                  </div>
                  <div class="step skip-bg">
                    <span>When User adds "Sauce Labs Bolt T-Shirt" to cart</span>
      <div>Step skipped
      </div>
                  </div>
                  <div class="step skip-bg">
                    <span>Then Verify Product is added in Shopping Bag</span>
      <div>Step skipped
      </div>
                  </div>
                  <div class="step skip-bg">
                    <span>When User should be able to remove "Sauce Labs Bolt T-Shirt" from Products</span>
      <div>Step skipped
      </div>
                  </div>
                  <div class="step skip-bg">
                    <span>Then Verify Product is Removed from Shopping Bag "Sauce Labs Bolt T-Shirt"</span>
      <div>Step skipped
      </div>
                  </div>
                  <div class="step skip-bg">
                    <span>When User Logout from Products Page</span>
      <div>Step skipped
      </div>
                  </div>
                  <div class="step skip-bg">
                    <span>Then User is on login page</span>
      <div>Step skipped
      </div>
                  </div>
                  <div class="step fail-bg">
                    <span>hooks.ApplicationHooks.tearDown(io.cucumber.java.Scenario)</span>
      <div>
        <textarea disabled class="code-block">java.lang.NullPointerException: Cannot invoke "org.openqa.selenium.TakesScreenshot.getScreenshotAs(org.openqa.selenium.OutputType)" because "this.driver" is null
	at hooks.ApplicationHooks.tearDown(ApplicationHooks.java:58)
</textarea>
      
      </div>
                  </div>
                  <div class="step fail-bg">
                    <span>hooks.ApplicationHooks.quitDriver()</span>
      <div>
        <textarea disabled class="code-block">java.lang.NullPointerException: Cannot invoke "org.openqa.selenium.WebDriver.quit()" because "this.driver" is null
	at hooks.ApplicationHooks.quitDriver(ApplicationHooks.java:51)
</textarea>
      
      </div>
                  </div>
              </div>
            </div>
            <div class="card-body l1">
              <div class="card-header">
                <div class="card-title outline-child">
                  <div class="node" id="226"><span class="badge log fail-bg mr-2">Fail</span>Add Products to Cart</div>
                </div>
              </div>
              <div class="card-body mt-3 ">
                  <div class="step fail-bg">
                    <span>hooks.ApplicationHooks.launchBrowser()</span>
      <div>
        <textarea disabled class="code-block">org.openqa.selenium.SessionNotCreatedException: Could not start a new session. Response code 500. Message: Could not create a session: You must enable the 'Allow Remote Automation' option in Safari's Develop menu to control Safari via WebDriver. 
Host info: host: 'Samis-MBP.lan', ip: '2409:40e3:4015:694f:7c16:3cf3:1071:3139%en0'
Build info: version: '4.11.0', revision: '040bc5406b'
System info: os.name: 'Mac OS X', os.arch: 'aarch64', os.version: '14.1.2', java.version: '21.0.1'
Driver info: org.openqa.selenium.safari.SafariDriver
Command: [null, newSession {capabilities=[Capabilities {browserName: safari}]}]
Capabilities {browserName: safari}
	at org.openqa.selenium.remote.ProtocolHandshake.createSession(ProtocolHandshake.java:140)
	at org.openqa.selenium.remote.ProtocolHandshake.createSession(ProtocolHandshake.java:96)
	at org.openqa.selenium.remote.ProtocolHandshake.createSession(ProtocolHandshake.java:68)
	at org.openqa.selenium.remote.HttpCommandExecutor.execute(HttpCommandExecutor.java:163)
	at org.openqa.selenium.remote.service.DriverCommandExecutor.invokeExecute(DriverCommandExecutor.java:196)
	at org.openqa.selenium.remote.service.DriverCommandExecutor.execute(DriverCommandExecutor.java:171)
	at org.openqa.selenium.remote.RemoteWebDriver.execute(RemoteWebDriver.java:518)
	at org.openqa.selenium.remote.RemoteWebDriver.startSession(RemoteWebDriver.java:232)
	at org.openqa.selenium.remote.RemoteWebDriver.<init>(RemoteWebDriver.java:159)
	at org.openqa.selenium.safari.SafariDriver.<init>(SafariDriver.java:83)
	at org.openqa.selenium.safari.SafariDriver.<init>(SafariDriver.java:79)
	at org.openqa.selenium.safari.SafariDriver.<init>(SafariDriver.java:56)
	at org.openqa.selenium.safari.SafariDriver.<init>(SafariDriver.java:47)
	at com.factory.driverFactory.initializeDriver(driverFactory.java:25)
	at hooks.ApplicationHooks.launchBrowser(ApplicationHooks.java:37)
</textarea>
      
      </div>
                  </div>
                  <div class="step skip-bg">
                    <span>Given User is on login page</span>
      <div>Step skipped
      </div>
                  </div>
                  <div class="step skip-bg">
                    <span>Given User enters "problem_user" and "secret_sauce"</span>
      <div>Step skipped
      </div>
                  </div>
                  <div class="step skip-bg">
                    <span>When User adds "Sauce Labs Bike Light" to cart</span>
      <div>Step skipped
      </div>
                  </div>
                  <div class="step skip-bg">
                    <span>Then Verify Product is added in Shopping Bag</span>
      <div>Step skipped
      </div>
                  </div>
                  <div class="step skip-bg">
                    <span>When User should be able to remove "Sauce Labs Bike Light" from Products</span>
      <div>Step skipped
      </div>
                  </div>
                  <div class="step skip-bg">
                    <span>Then Verify Product is Removed from Shopping Bag "Sauce Labs Bike Light"</span>
      <div>Step skipped
      </div>
                  </div>
                  <div class="step skip-bg">
                    <span>When User Logout from Products Page</span>
      <div>Step skipped
      </div>
                  </div>
                  <div class="step skip-bg">
                    <span>Then User is on login page</span>
      <div>Step skipped
      </div>
                  </div>
                  <div class="step fail-bg">
                    <span>hooks.ApplicationHooks.tearDown(io.cucumber.java.Scenario)</span>
      <div>
        <textarea disabled class="code-block">java.lang.NullPointerException: Cannot invoke "org.openqa.selenium.TakesScreenshot.getScreenshotAs(org.openqa.selenium.OutputType)" because "this.driver" is null
	at hooks.ApplicationHooks.tearDown(ApplicationHooks.java:58)
</textarea>
      
      </div>
                  </div>
                  <div class="step fail-bg">
                    <span>hooks.ApplicationHooks.quitDriver()</span>
      <div>
        <textarea disabled class="code-block">java.lang.NullPointerException: Cannot invoke "org.openqa.selenium.WebDriver.quit()" because "this.driver" is null
	at hooks.ApplicationHooks.quitDriver(ApplicationHooks.java:51)
</textarea>
      
      </div>
                  </div>
              </div>
            </div>
        </div>
  </div>
  <div class="card">
    <div class="card-header" role="tab">
      <div class="card-title">
        <div class="node" id="129"><span class="badge log fail-bg mr-2">Fail</span>User should be able to Logout from Product Page</div>
      </div>
    </div>
        <div class="scenario_outline ">
            <div class="card-body l1">
              <div class="card-header">
                <div class="card-title outline-child">
                  <div class="node" id="130"><span class="badge log fail-bg mr-2">Fail</span>User should be able to Logout from Product Page</div>
                </div>
              </div>
              <div class="card-body mt-3 ">
                  <div class="step fail-bg">
                    <span>hooks.ApplicationHooks.launchBrowser()</span>
      <div>
        <textarea disabled class="code-block">org.openqa.selenium.SessionNotCreatedException: Could not start a new session. Response code 500. Message: Could not create a session: You must enable the 'Allow Remote Automation' option in Safari's Develop menu to control Safari via WebDriver. 
Host info: host: 'Samis-MBP.lan', ip: '2409:40e3:4015:694f:7c16:3cf3:1071:3139%en0'
Build info: version: '4.11.0', revision: '040bc5406b'
System info: os.name: 'Mac OS X', os.arch: 'aarch64', os.version: '14.1.2', java.version: '21.0.1'
Driver info: org.openqa.selenium.safari.SafariDriver
Command: [null, newSession {capabilities=[Capabilities {browserName: safari}]}]
Capabilities {browserName: safari}
	at org.openqa.selenium.remote.ProtocolHandshake.createSession(ProtocolHandshake.java:140)
	at org.openqa.selenium.remote.ProtocolHandshake.createSession(ProtocolHandshake.java:96)
	at org.openqa.selenium.remote.ProtocolHandshake.createSession(ProtocolHandshake.java:68)
	at org.openqa.selenium.remote.HttpCommandExecutor.execute(HttpCommandExecutor.java:163)
	at org.openqa.selenium.remote.service.DriverCommandExecutor.invokeExecute(DriverCommandExecutor.java:196)
	at org.openqa.selenium.remote.service.DriverCommandExecutor.execute(DriverCommandExecutor.java:171)
	at org.openqa.selenium.remote.RemoteWebDriver.execute(RemoteWebDriver.java:518)
	at org.openqa.selenium.remote.RemoteWebDriver.startSession(RemoteWebDriver.java:232)
	at org.openqa.selenium.remote.RemoteWebDriver.<init>(RemoteWebDriver.java:159)
	at org.openqa.selenium.safari.SafariDriver.<init>(SafariDriver.java:83)
	at org.openqa.selenium.safari.SafariDriver.<init>(SafariDriver.java:79)
	at org.openqa.selenium.safari.SafariDriver.<init>(SafariDriver.java:56)
	at org.openqa.selenium.safari.SafariDriver.<init>(SafariDriver.java:47)
	at com.factory.driverFactory.initializeDriver(driverFactory.java:25)
	at hooks.ApplicationHooks.launchBrowser(ApplicationHooks.java:37)
</textarea>
      
      </div>
                  </div>
                  <div class="step skip-bg">
                    <span>Given User is on login page</span>
      <div>Step skipped
      </div>
                  </div>
                  <div class="step skip-bg">
                    <span>Given User enters "standard_user" and "secret_sauce"</span>
      <div>Step skipped
      </div>
                  </div>
                  <div class="step skip-bg">
                    <span>And User should land on Products Page</span>
      <div>Step skipped
      </div>
                  </div>
                  <div class="step skip-bg">
                    <span>When User Logout from Products Page</span>
      <div>Step skipped
      </div>
                  </div>
                  <div class="step skip-bg">
                    <span>Then User is on login page</span>
      <div>Step skipped
      </div>
                  </div>
                  <div class="step fail-bg">
                    <span>hooks.ApplicationHooks.tearDown(io.cucumber.java.Scenario)</span>
      <div>
        <textarea disabled class="code-block">java.lang.NullPointerException: Cannot invoke "org.openqa.selenium.TakesScreenshot.getScreenshotAs(org.openqa.selenium.OutputType)" because "this.driver" is null
	at hooks.ApplicationHooks.tearDown(ApplicationHooks.java:58)
</textarea>
      
      </div>
                  </div>
                  <div class="step fail-bg">
                    <span>hooks.ApplicationHooks.quitDriver()</span>
      <div>
        <textarea disabled class="code-block">java.lang.NullPointerException: Cannot invoke "org.openqa.selenium.WebDriver.quit()" because "this.driver" is null
	at hooks.ApplicationHooks.quitDriver(ApplicationHooks.java:51)
</textarea>
      
      </div>
                  </div>
              </div>
            </div>
            <div class="card-body l1">
              <div class="card-header">
                <div class="card-title outline-child">
                  <div class="node" id="134"><span class="badge log fail-bg mr-2">Fail</span>User should be able to Logout from Product Page</div>
                </div>
              </div>
              <div class="card-body mt-3 ">
                  <div class="step fail-bg">
                    <span>hooks.ApplicationHooks.launchBrowser()</span>
      <div>
        <textarea disabled class="code-block">org.openqa.selenium.SessionNotCreatedException: Could not start a new session. Response code 500. Message: Could not create a session: You must enable the 'Allow Remote Automation' option in Safari's Develop menu to control Safari via WebDriver. 
Host info: host: 'Samis-MBP.lan', ip: '2409:40e3:4015:694f:7c16:3cf3:1071:3139%en0'
Build info: version: '4.11.0', revision: '040bc5406b'
System info: os.name: 'Mac OS X', os.arch: 'aarch64', os.version: '14.1.2', java.version: '21.0.1'
Driver info: org.openqa.selenium.safari.SafariDriver
Command: [null, newSession {capabilities=[Capabilities {browserName: safari}]}]
Capabilities {browserName: safari}
	at org.openqa.selenium.remote.ProtocolHandshake.createSession(ProtocolHandshake.java:140)
	at org.openqa.selenium.remote.ProtocolHandshake.createSession(ProtocolHandshake.java:96)
	at org.openqa.selenium.remote.ProtocolHandshake.createSession(ProtocolHandshake.java:68)
	at org.openqa.selenium.remote.HttpCommandExecutor.execute(HttpCommandExecutor.java:163)
	at org.openqa.selenium.remote.service.DriverCommandExecutor.invokeExecute(DriverCommandExecutor.java:196)
	at org.openqa.selenium.remote.service.DriverCommandExecutor.execute(DriverCommandExecutor.java:171)
	at org.openqa.selenium.remote.RemoteWebDriver.execute(RemoteWebDriver.java:518)
	at org.openqa.selenium.remote.RemoteWebDriver.startSession(RemoteWebDriver.java:232)
	at org.openqa.selenium.remote.RemoteWebDriver.<init>(RemoteWebDriver.java:159)
	at org.openqa.selenium.safari.SafariDriver.<init>(SafariDriver.java:83)
	at org.openqa.selenium.safari.SafariDriver.<init>(SafariDriver.java:79)
	at org.openqa.selenium.safari.SafariDriver.<init>(SafariDriver.java:56)
	at org.openqa.selenium.safari.SafariDriver.<init>(SafariDriver.java:47)
	at com.factory.driverFactory.initializeDriver(driverFactory.java:25)
	at hooks.ApplicationHooks.launchBrowser(ApplicationHooks.java:37)
</textarea>
      
      </div>
                  </div>
                  <div class="step skip-bg">
                    <span>Given User is on login page</span>
      <div>Step skipped
      </div>
                  </div>
                  <div class="step skip-bg">
                    <span>Given User enters "standard_user" and "secret_sauce"</span>
      <div>Step skipped
      </div>
                  </div>
                  <div class="step skip-bg">
                    <span>And User should land on Products Page</span>
      <div>Step skipped
      </div>
                  </div>
                  <div class="step skip-bg">
                    <span>When User Logout from Products Page</span>
      <div>Step skipped
      </div>
                  </div>
                  <div class="step skip-bg">
                    <span>Then User is on login page</span>
      <div>Step skipped
      </div>
                  </div>
                  <div class="step fail-bg">
                    <span>hooks.ApplicationHooks.tearDown(io.cucumber.java.Scenario)</span>
      <div>
        <textarea disabled class="code-block">java.lang.NullPointerException: Cannot invoke "org.openqa.selenium.TakesScreenshot.getScreenshotAs(org.openqa.selenium.OutputType)" because "this.driver" is null
	at hooks.ApplicationHooks.tearDown(ApplicationHooks.java:58)
</textarea>
      
      </div>
                  </div>
                  <div class="step fail-bg">
                    <span>hooks.ApplicationHooks.quitDriver()</span>
      <div>
        <textarea disabled class="code-block">java.lang.NullPointerException: Cannot invoke "org.openqa.selenium.WebDriver.quit()" because "this.driver" is null
	at hooks.ApplicationHooks.quitDriver(ApplicationHooks.java:51)
</textarea>
      
      </div>
                  </div>
              </div>
            </div>
        </div>
  </div>
</div>
          </div>
        </li>
        <li class="test-item"  status="fail" test-id="229"
          author=""
          tag=""
          device="">
          <div class="test-detail">
            <p class="name">Selectors Hub: To enter Text into a Disabled Text Field</p>
            <p class="text-sm">
              <span>15:12:21 pm</span> / <span>00:00:10:373</span>
              <span class="badge fail-bg log float-right">Fail</span>
            </p>
          </div>
          <div class="test-contents d-none">
<div class="detail-head">
<div class="p-v-10">
<div class="info">
<h5 class="test-status text-fail">Selectors Hub: To enter Text into a Disabled Text Field</h5>
<span class='badge badge-success'>07.11.2024 15:12:21</span>
<span class='badge badge-danger'>07.11.2024 15:12:31</span>
<span class='badge badge-default'>00:00:10:373</span>
&middot; <span class='uri-anchor badge badge-default'>#test-id=229</span>
</div>
<div class="m-t-10 m-l-5"></div>
</div>
</div>
<div class="accordion mt-4">
  <div class="card">
    <div class="card-header" role="tab">
      <div class="card-title">
        <div class="node" id="230"><span class="badge log fail-bg mr-2">Fail</span>Enter Text in Disabled TextField</div>
      </div>
    </div>
        <div class="">
          <div class="card-body">
              <div class="step fail-bg" title="BEFORE">
                <span>hooks.ApplicationHooks.launchBrowser()</span>
      <div>
        <textarea disabled class="code-block">org.openqa.selenium.SessionNotCreatedException: Could not start a new session. Response code 500. Message: Could not create a session: You must enable the 'Allow Remote Automation' option in Safari's Develop menu to control Safari via WebDriver. 
Host info: host: 'Samis-MBP.lan', ip: '2409:40e3:4015:694f:7c16:3cf3:1071:3139%en0'
Build info: version: '4.11.0', revision: '040bc5406b'
System info: os.name: 'Mac OS X', os.arch: 'aarch64', os.version: '14.1.2', java.version: '21.0.1'
Driver info: org.openqa.selenium.safari.SafariDriver
Command: [null, newSession {capabilities=[Capabilities {browserName: safari}]}]
Capabilities {browserName: safari}
	at org.openqa.selenium.remote.ProtocolHandshake.createSession(ProtocolHandshake.java:140)
	at org.openqa.selenium.remote.ProtocolHandshake.createSession(ProtocolHandshake.java:96)
	at org.openqa.selenium.remote.ProtocolHandshake.createSession(ProtocolHandshake.java:68)
	at org.openqa.selenium.remote.HttpCommandExecutor.execute(HttpCommandExecutor.java:163)
	at org.openqa.selenium.remote.service.DriverCommandExecutor.invokeExecute(DriverCommandExecutor.java:196)
	at org.openqa.selenium.remote.service.DriverCommandExecutor.execute(DriverCommandExecutor.java:171)
	at org.openqa.selenium.remote.RemoteWebDriver.execute(RemoteWebDriver.java:518)
	at org.openqa.selenium.remote.RemoteWebDriver.startSession(RemoteWebDriver.java:232)
	at org.openqa.selenium.remote.RemoteWebDriver.<init>(RemoteWebDriver.java:159)
	at org.openqa.selenium.safari.SafariDriver.<init>(SafariDriver.java:83)
	at org.openqa.selenium.safari.SafariDriver.<init>(SafariDriver.java:79)
	at org.openqa.selenium.safari.SafariDriver.<init>(SafariDriver.java:56)
	at org.openqa.selenium.safari.SafariDriver.<init>(SafariDriver.java:47)
	at com.factory.driverFactory.initializeDriver(driverFactory.java:25)
	at hooks.ApplicationHooks.launchBrowser(ApplicationHooks.java:37)
</textarea>
      
      </div>
              </div>
              <div class="step skip-bg" title="stepDefinations.selectorHubStepDef.user_is_on_selector_hub_home_page()">
                <span>Given User is on SelectorHub HomePage</span>
      <div>Step skipped
      </div>
              </div>
              <div class="step skip-bg" title="stepDefinations.selectorHubStepDef.user_enter_text_in_disabled_field()">
                <span>When User enter Text in Disabled Field</span>
      <div>Step skipped
      </div>
              </div>
              <div class="step fail-bg" title="AFTER">
                <span>hooks.ApplicationHooks.tearDown(io.cucumber.java.Scenario)</span>
      <div>
        <textarea disabled class="code-block">java.lang.NullPointerException: Cannot invoke "org.openqa.selenium.TakesScreenshot.getScreenshotAs(org.openqa.selenium.OutputType)" because "this.driver" is null
	at hooks.ApplicationHooks.tearDown(ApplicationHooks.java:58)
</textarea>
      
      </div>
              </div>
              <div class="step fail-bg" title="AFTER">
                <span>hooks.ApplicationHooks.quitDriver()</span>
      <div>
        <textarea disabled class="code-block">java.lang.NullPointerException: Cannot invoke "org.openqa.selenium.WebDriver.quit()" because "this.driver" is null
	at hooks.ApplicationHooks.quitDriver(ApplicationHooks.java:51)
</textarea>
      
      </div>
              </div>
          </div>
        </div>
  </div>
</div>
          </div>
        </li>
        <li class="test-item"  status="fail" test-id="233"
          author=""
          tag=""
          device="">
          <div class="test-detail">
            <p class="name">User is able to Successfully add Product in Your CART</p>
            <p class="text-sm">
              <span>15:12:21 pm</span> / <span>00:00:10:382</span>
              <span class="badge fail-bg log float-right">Fail</span>
            </p>
          </div>
          <div class="test-contents d-none">
<div class="detail-head">
<div class="p-v-10">
<div class="info">
<h5 class="test-status text-fail">User is able to Successfully add Product in Your CART</h5>
<span class='badge badge-success'>07.11.2024 15:12:21</span>
<span class='badge badge-danger'>07.11.2024 15:12:31</span>
<span class='badge badge-default'>00:00:10:382</span>
&middot; <span class='uri-anchor badge badge-default'>#test-id=233</span>
</div>
<div class="m-t-10 m-l-5"></div>
</div>
</div>
<div class="accordion mt-4">
  <div class="card">
    <div class="card-header" role="tab">
      <div class="card-title">
        <div class="node" id="234"><span class="badge log fail-bg mr-2">Fail</span>Add Products to Your Cart and verify they are visible</div>
      </div>
    </div>
        <div class="scenario_outline ">
            <div class="card-body l1">
              <div class="card-header">
                <div class="card-title outline-child">
                  <div class="node" id="235"><span class="badge log fail-bg mr-2">Fail</span>Add Products to Your Cart and verify they are visible</div>
                </div>
              </div>
              <div class="card-body mt-3 ">
                  <div class="step fail-bg">
                    <span>hooks.ApplicationHooks.launchBrowser()</span>
      <div>
        <textarea disabled class="code-block">org.openqa.selenium.SessionNotCreatedException: Could not start a new session. Response code 500. Message: Could not create a session: You must enable the 'Allow Remote Automation' option in Safari's Develop menu to control Safari via WebDriver. 
Host info: host: 'Samis-MBP.lan', ip: '2409:40e3:4015:694f:7c16:3cf3:1071:3139%en0'
Build info: version: '4.11.0', revision: '040bc5406b'
System info: os.name: 'Mac OS X', os.arch: 'aarch64', os.version: '14.1.2', java.version: '21.0.1'
Driver info: org.openqa.selenium.safari.SafariDriver
Command: [null, newSession {capabilities=[Capabilities {browserName: safari}]}]
Capabilities {browserName: safari}
	at org.openqa.selenium.remote.ProtocolHandshake.createSession(ProtocolHandshake.java:140)
	at org.openqa.selenium.remote.ProtocolHandshake.createSession(ProtocolHandshake.java:96)
	at org.openqa.selenium.remote.ProtocolHandshake.createSession(ProtocolHandshake.java:68)
	at org.openqa.selenium.remote.HttpCommandExecutor.execute(HttpCommandExecutor.java:163)
	at org.openqa.selenium.remote.service.DriverCommandExecutor.invokeExecute(DriverCommandExecutor.java:196)
	at org.openqa.selenium.remote.service.DriverCommandExecutor.execute(DriverCommandExecutor.java:171)
	at org.openqa.selenium.remote.RemoteWebDriver.execute(RemoteWebDriver.java:518)
	at org.openqa.selenium.remote.RemoteWebDriver.startSession(RemoteWebDriver.java:232)
	at org.openqa.selenium.remote.RemoteWebDriver.<init>(RemoteWebDriver.java:159)
	at org.openqa.selenium.safari.SafariDriver.<init>(SafariDriver.java:83)
	at org.openqa.selenium.safari.SafariDriver.<init>(SafariDriver.java:79)
	at org.openqa.selenium.safari.SafariDriver.<init>(SafariDriver.java:56)
	at org.openqa.selenium.safari.SafariDriver.<init>(SafariDriver.java:47)
	at com.factory.driverFactory.initializeDriver(driverFactory.java:25)
	at hooks.ApplicationHooks.launchBrowser(ApplicationHooks.java:37)
</textarea>
      
      </div>
                  </div>
                  <div class="step skip-bg">
                    <span>Given User is on login page</span>
      <div>Step skipped
      </div>
                  </div>
                  <div class="step skip-bg">
                    <span>Given User enters "problem_user" and "secret_sauce"</span>
      <div>Step skipped
      </div>
                  </div>
                  <div class="step skip-bg">
                    <span>When User adds "Sauce Labs Bike Light" to cart</span>
      <div>Step skipped
      </div>
                  </div>
                  <div class="step skip-bg">
                    <span>And User navigated to Your Cart page</span>
      <div>Step skipped
      </div>
                  </div>
                  <div class="step skip-bg">
                    <span>Then User lands on Your Cart Page</span>
      <div>Step skipped
      </div>
                  </div>
                  <div class="step skip-bg">
                    <span>And User Verify Products are visible on Your Cart Page</span>
      <div><table class='markup-table table '><tr><td>Products</td></tr><tr><td>Sauce Labs Bike Light</td></tr></table>
      </div>
      <div>Step skipped
      </div>
                  </div>
                  <div class="step skip-bg">
                    <span>Then User Reset App State</span>
      <div>Step skipped
      </div>
                  </div>
                  <div class="step fail-bg">
                    <span>hooks.ApplicationHooks.tearDown(io.cucumber.java.Scenario)</span>
      <div>
        <textarea disabled class="code-block">java.lang.NullPointerException: Cannot invoke "org.openqa.selenium.TakesScreenshot.getScreenshotAs(org.openqa.selenium.OutputType)" because "this.driver" is null
	at hooks.ApplicationHooks.tearDown(ApplicationHooks.java:58)
</textarea>
      
      </div>
                  </div>
                  <div class="step fail-bg">
                    <span>hooks.ApplicationHooks.quitDriver()</span>
      <div>
        <textarea disabled class="code-block">java.lang.NullPointerException: Cannot invoke "org.openqa.selenium.WebDriver.quit()" because "this.driver" is null
	at hooks.ApplicationHooks.quitDriver(ApplicationHooks.java:51)
</textarea>
      
      </div>
                  </div>
              </div>
            </div>
            <div class="card-body l1">
              <div class="card-header">
                <div class="card-title outline-child">
                  <div class="node" id="237"><span class="badge log fail-bg mr-2">Fail</span>Add Products to Your Cart and verify they are visible</div>
                </div>
              </div>
              <div class="card-body mt-3 ">
                  <div class="step fail-bg">
                    <span>hooks.ApplicationHooks.launchBrowser()</span>
      <div>
        <textarea disabled class="code-block">org.openqa.selenium.SessionNotCreatedException: Could not start a new session. Response code 500. Message: Could not create a session: You must enable the 'Allow Remote Automation' option in Safari's Develop menu to control Safari via WebDriver. 
Host info: host: 'Samis-MBP.lan', ip: '2409:40e3:4015:694f:7c16:3cf3:1071:3139%en0'
Build info: version: '4.11.0', revision: '040bc5406b'
System info: os.name: 'Mac OS X', os.arch: 'aarch64', os.version: '14.1.2', java.version: '21.0.1'
Driver info: org.openqa.selenium.safari.SafariDriver
Command: [null, newSession {capabilities=[Capabilities {browserName: safari}]}]
Capabilities {browserName: safari}
	at org.openqa.selenium.remote.ProtocolHandshake.createSession(ProtocolHandshake.java:140)
	at org.openqa.selenium.remote.ProtocolHandshake.createSession(ProtocolHandshake.java:96)
	at org.openqa.selenium.remote.ProtocolHandshake.createSession(ProtocolHandshake.java:68)
	at org.openqa.selenium.remote.HttpCommandExecutor.execute(HttpCommandExecutor.java:163)
	at org.openqa.selenium.remote.service.DriverCommandExecutor.invokeExecute(DriverCommandExecutor.java:196)
	at org.openqa.selenium.remote.service.DriverCommandExecutor.execute(DriverCommandExecutor.java:171)
	at org.openqa.selenium.remote.RemoteWebDriver.execute(RemoteWebDriver.java:518)
	at org.openqa.selenium.remote.RemoteWebDriver.startSession(RemoteWebDriver.java:232)
	at org.openqa.selenium.remote.RemoteWebDriver.<init>(RemoteWebDriver.java:159)
	at org.openqa.selenium.safari.SafariDriver.<init>(SafariDriver.java:83)
	at org.openqa.selenium.safari.SafariDriver.<init>(SafariDriver.java:79)
	at org.openqa.selenium.safari.SafariDriver.<init>(SafariDriver.java:56)
	at org.openqa.selenium.safari.SafariDriver.<init>(SafariDriver.java:47)
	at com.factory.driverFactory.initializeDriver(driverFactory.java:25)
	at hooks.ApplicationHooks.launchBrowser(ApplicationHooks.java:37)
</textarea>
      
      </div>
                  </div>
                  <div class="step skip-bg">
                    <span>Given User is on login page</span>
      <div>Step skipped
      </div>
                  </div>
                  <div class="step skip-bg">
                    <span>Given User enters "standard_user" and "secret_sauce"</span>
      <div>Step skipped
      </div>
                  </div>
                  <div class="step skip-bg">
                    <span>When User adds "Sauce Labs Backpack" to cart</span>
      <div>Step skipped
      </div>
                  </div>
                  <div class="step skip-bg">
                    <span>And User navigated to Your Cart page</span>
      <div>Step skipped
      </div>
                  </div>
                  <div class="step skip-bg">
                    <span>Then User lands on Your Cart Page</span>
      <div>Step skipped
      </div>
                  </div>
                  <div class="step skip-bg">
                    <span>And User Verify Products are visible on Your Cart Page</span>
      <div><table class='markup-table table '><tr><td>Products</td></tr><tr><td>Sauce Labs Backpack</td></tr></table>
      </div>
      <div>Step skipped
      </div>
                  </div>
                  <div class="step skip-bg">
                    <span>Then User Reset App State</span>
      <div>Step skipped
      </div>
                  </div>
                  <div class="step fail-bg">
                    <span>hooks.ApplicationHooks.tearDown(io.cucumber.java.Scenario)</span>
      <div>
        <textarea disabled class="code-block">java.lang.NullPointerException: Cannot invoke "org.openqa.selenium.TakesScreenshot.getScreenshotAs(org.openqa.selenium.OutputType)" because "this.driver" is null
	at hooks.ApplicationHooks.tearDown(ApplicationHooks.java:58)
</textarea>
      
      </div>
                  </div>
                  <div class="step fail-bg">
                    <span>hooks.ApplicationHooks.quitDriver()</span>
      <div>
        <textarea disabled class="code-block">java.lang.NullPointerException: Cannot invoke "org.openqa.selenium.WebDriver.quit()" because "this.driver" is null
	at hooks.ApplicationHooks.quitDriver(ApplicationHooks.java:51)
</textarea>
      
      </div>
                  </div>
              </div>
            </div>
            <div class="card-body l1">
              <div class="card-header">
                <div class="card-title outline-child">
                  <div class="node" id="238"><span class="badge log fail-bg mr-2">Fail</span>Add Products to Your Cart and verify they are visible</div>
                </div>
              </div>
              <div class="card-body mt-3 ">
                  <div class="step fail-bg">
                    <span>hooks.ApplicationHooks.launchBrowser()</span>
      <div>
        <textarea disabled class="code-block">org.openqa.selenium.SessionNotCreatedException: Could not start a new session. Response code 500. Message: Could not create a session: You must enable the 'Allow Remote Automation' option in Safari's Develop menu to control Safari via WebDriver. 
Host info: host: 'Samis-MBP.lan', ip: '2409:40e3:4015:694f:7c16:3cf3:1071:3139%en0'
Build info: version: '4.11.0', revision: '040bc5406b'
System info: os.name: 'Mac OS X', os.arch: 'aarch64', os.version: '14.1.2', java.version: '21.0.1'
Driver info: org.openqa.selenium.safari.SafariDriver
Command: [null, newSession {capabilities=[Capabilities {browserName: safari}]}]
Capabilities {browserName: safari}
	at org.openqa.selenium.remote.ProtocolHandshake.createSession(ProtocolHandshake.java:140)
	at org.openqa.selenium.remote.ProtocolHandshake.createSession(ProtocolHandshake.java:96)
	at org.openqa.selenium.remote.ProtocolHandshake.createSession(ProtocolHandshake.java:68)
	at org.openqa.selenium.remote.HttpCommandExecutor.execute(HttpCommandExecutor.java:163)
	at org.openqa.selenium.remote.service.DriverCommandExecutor.invokeExecute(DriverCommandExecutor.java:196)
	at org.openqa.selenium.remote.service.DriverCommandExecutor.execute(DriverCommandExecutor.java:171)
	at org.openqa.selenium.remote.RemoteWebDriver.execute(RemoteWebDriver.java:518)
	at org.openqa.selenium.remote.RemoteWebDriver.startSession(RemoteWebDriver.java:232)
	at org.openqa.selenium.remote.RemoteWebDriver.<init>(RemoteWebDriver.java:159)
	at org.openqa.selenium.safari.SafariDriver.<init>(SafariDriver.java:83)
	at org.openqa.selenium.safari.SafariDriver.<init>(SafariDriver.java:79)
	at org.openqa.selenium.safari.SafariDriver.<init>(SafariDriver.java:56)
	at org.openqa.selenium.safari.SafariDriver.<init>(SafariDriver.java:47)
	at com.factory.driverFactory.initializeDriver(driverFactory.java:25)
	at hooks.ApplicationHooks.launchBrowser(ApplicationHooks.java:37)
</textarea>
      
      </div>
                  </div>
                  <div class="step skip-bg">
                    <span>Given User is on login page</span>
      <div>Step skipped
      </div>
                  </div>
                  <div class="step skip-bg">
                    <span>Given User enters "standard_user" and "secret_sauce"</span>
      <div>Step skipped
      </div>
                  </div>
                  <div class="step skip-bg">
                    <span>When User adds "Sauce Labs Bolt T-Shirt" to cart</span>
      <div>Step skipped
      </div>
                  </div>
                  <div class="step skip-bg">
                    <span>And User navigated to Your Cart page</span>
      <div>Step skipped
      </div>
                  </div>
                  <div class="step skip-bg">
                    <span>Then User lands on Your Cart Page</span>
      <div>Step skipped
      </div>
                  </div>
                  <div class="step skip-bg">
                    <span>And User Verify Products are visible on Your Cart Page</span>
      <div><table class='markup-table table '><tr><td>Products</td></tr><tr><td>Sauce Labs Bolt T-Shirt</td></tr></table>
      </div>
      <div>Step skipped
      </div>
                  </div>
                  <div class="step skip-bg">
                    <span>Then User Reset App State</span>
      <div>Step skipped
      </div>
                  </div>
                  <div class="step fail-bg">
                    <span>hooks.ApplicationHooks.tearDown(io.cucumber.java.Scenario)</span>
      <div>
        <textarea disabled class="code-block">java.lang.NullPointerException: Cannot invoke "org.openqa.selenium.TakesScreenshot.getScreenshotAs(org.openqa.selenium.OutputType)" because "this.driver" is null
	at hooks.ApplicationHooks.tearDown(ApplicationHooks.java:58)
</textarea>
      
      </div>
                  </div>
                  <div class="step fail-bg">
                    <span>hooks.ApplicationHooks.quitDriver()</span>
      <div>
        <textarea disabled class="code-block">java.lang.NullPointerException: Cannot invoke "org.openqa.selenium.WebDriver.quit()" because "this.driver" is null
	at hooks.ApplicationHooks.quitDriver(ApplicationHooks.java:51)
</textarea>
      
      </div>
                  </div>
              </div>
            </div>
        </div>
  </div>
  <div class="card">
    <div class="card-header" role="tab">
      <div class="card-title">
        <div class="node" id="244"><span class="badge log fail-bg mr-2">Fail</span>Add and Remove Products from Your Cart</div>
      </div>
    </div>
        <div class="scenario_outline ">
            <div class="card-body l1">
              <div class="card-header">
                <div class="card-title outline-child">
                  <div class="node" id="245"><span class="badge log fail-bg mr-2">Fail</span>Add and Remove Products from Your Cart</div>
                </div>
              </div>
              <div class="card-body mt-3 ">
                  <div class="step fail-bg">
                    <span>hooks.ApplicationHooks.launchBrowser()</span>
      <div>
        <textarea disabled class="code-block">org.openqa.selenium.SessionNotCreatedException: Could not start a new session. Response code 500. Message: Could not create a session: You must enable the 'Allow Remote Automation' option in Safari's Develop menu to control Safari via WebDriver. 
Host info: host: 'Samis-MBP.lan', ip: '2409:40e3:4015:694f:7c16:3cf3:1071:3139%en0'
Build info: version: '4.11.0', revision: '040bc5406b'
System info: os.name: 'Mac OS X', os.arch: 'aarch64', os.version: '14.1.2', java.version: '21.0.1'
Driver info: org.openqa.selenium.safari.SafariDriver
Command: [null, newSession {capabilities=[Capabilities {browserName: safari}]}]
Capabilities {browserName: safari}
	at org.openqa.selenium.remote.ProtocolHandshake.createSession(ProtocolHandshake.java:140)
	at org.openqa.selenium.remote.ProtocolHandshake.createSession(ProtocolHandshake.java:96)
	at org.openqa.selenium.remote.ProtocolHandshake.createSession(ProtocolHandshake.java:68)
	at org.openqa.selenium.remote.HttpCommandExecutor.execute(HttpCommandExecutor.java:163)
	at org.openqa.selenium.remote.service.DriverCommandExecutor.invokeExecute(DriverCommandExecutor.java:196)
	at org.openqa.selenium.remote.service.DriverCommandExecutor.execute(DriverCommandExecutor.java:171)
	at org.openqa.selenium.remote.RemoteWebDriver.execute(RemoteWebDriver.java:518)
	at org.openqa.selenium.remote.RemoteWebDriver.startSession(RemoteWebDriver.java:232)
	at org.openqa.selenium.remote.RemoteWebDriver.<init>(RemoteWebDriver.java:159)
	at org.openqa.selenium.safari.SafariDriver.<init>(SafariDriver.java:83)
	at org.openqa.selenium.safari.SafariDriver.<init>(SafariDriver.java:79)
	at org.openqa.selenium.safari.SafariDriver.<init>(SafariDriver.java:56)
	at org.openqa.selenium.safari.SafariDriver.<init>(SafariDriver.java:47)
	at com.factory.driverFactory.initializeDriver(driverFactory.java:25)
	at hooks.ApplicationHooks.launchBrowser(ApplicationHooks.java:37)
</textarea>
      
      </div>
                  </div>
                  <div class="step skip-bg">
                    <span>Given User is on login page</span>
      <div>Step skipped
      </div>
                  </div>
                  <div class="step skip-bg">
                    <span>Given User enters "standard_user" and "secret_sauce"</span>
      <div>Step skipped
      </div>
                  </div>
                  <div class="step skip-bg">
                    <span>When User adds "Sauce Labs Backpack" to cart</span>
      <div>Step skipped
      </div>
                  </div>
                  <div class="step skip-bg">
                    <span>And User adds "Sauce Labs Bolt T-Shirt" to cart</span>
      <div>Step skipped
      </div>
                  </div>
                  <div class="step skip-bg">
                    <span>When User navigated to Your Cart page</span>
      <div>Step skipped
      </div>
                  </div>
                  <div class="step skip-bg">
                    <span>Then User lands on Your Cart Page</span>
      <div>Step skipped
      </div>
                  </div>
                  <div class="step skip-bg">
                    <span>And User Verify Products are visible on Your Cart Page</span>
      <div><table class='markup-table table '><tr><td>Products</td></tr><tr><td>Sauce Labs Backpack</td></tr><tr><td>Sauce Labs Bolt T-Shirt</td></tr></table>
      </div>
      <div>Step skipped
      </div>
                  </div>
                  <div class="step skip-bg">
                    <span>Then User Removes Products "Sauce Labs Backpack"</span>
      <div>Step skipped
      </div>
                  </div>
                  <div class="step skip-bg">
                    <span>And User Verify that Product is removed "Sauce Labs Backpack"</span>
      <div>Step skipped
      </div>
                  </div>
                  <div class="step skip-bg">
                    <span>And User Verify that Product is removed "Sauce Labs Bolt T-Shirt"</span>
      <div>Step skipped
      </div>
                  </div>
                  <div class="step skip-bg">
                    <span>Then User Reset App State</span>
      <div>Step skipped
      </div>
                  </div>
                  <div class="step fail-bg">
                    <span>hooks.ApplicationHooks.tearDown(io.cucumber.java.Scenario)</span>
      <div>
        <textarea disabled class="code-block">java.lang.NullPointerException: Cannot invoke "org.openqa.selenium.TakesScreenshot.getScreenshotAs(org.openqa.selenium.OutputType)" because "this.driver" is null
	at hooks.ApplicationHooks.tearDown(ApplicationHooks.java:58)
</textarea>
      
      </div>
                  </div>
                  <div class="step fail-bg">
                    <span>hooks.ApplicationHooks.quitDriver()</span>
      <div>
        <textarea disabled class="code-block">java.lang.NullPointerException: Cannot invoke "org.openqa.selenium.WebDriver.quit()" because "this.driver" is null
	at hooks.ApplicationHooks.quitDriver(ApplicationHooks.java:51)
</textarea>
      
      </div>
                  </div>
              </div>
            </div>
            <div class="card-body l1">
              <div class="card-header">
                <div class="card-title outline-child">
                  <div class="node" id="247"><span class="badge log fail-bg mr-2">Fail</span>Add and Remove Products from Your Cart</div>
                </div>
              </div>
              <div class="card-body mt-3 ">
                  <div class="step fail-bg">
                    <span>hooks.ApplicationHooks.launchBrowser()</span>
      <div>
        <textarea disabled class="code-block">org.openqa.selenium.SessionNotCreatedException: Could not start a new session. Response code 500. Message: Could not create a session: You must enable the 'Allow Remote Automation' option in Safari's Develop menu to control Safari via WebDriver. 
Host info: host: 'Samis-MBP.lan', ip: '2409:40e3:4015:694f:7c16:3cf3:1071:3139%en0'
Build info: version: '4.11.0', revision: '040bc5406b'
System info: os.name: 'Mac OS X', os.arch: 'aarch64', os.version: '14.1.2', java.version: '21.0.1'
Driver info: org.openqa.selenium.safari.SafariDriver
Command: [null, newSession {capabilities=[Capabilities {browserName: safari}]}]
Capabilities {browserName: safari}
	at org.openqa.selenium.remote.ProtocolHandshake.createSession(ProtocolHandshake.java:140)
	at org.openqa.selenium.remote.ProtocolHandshake.createSession(ProtocolHandshake.java:96)
	at org.openqa.selenium.remote.ProtocolHandshake.createSession(ProtocolHandshake.java:68)
	at org.openqa.selenium.remote.HttpCommandExecutor.execute(HttpCommandExecutor.java:163)
	at org.openqa.selenium.remote.service.DriverCommandExecutor.invokeExecute(DriverCommandExecutor.java:196)
	at org.openqa.selenium.remote.service.DriverCommandExecutor.execute(DriverCommandExecutor.java:171)
	at org.openqa.selenium.remote.RemoteWebDriver.execute(RemoteWebDriver.java:518)
	at org.openqa.selenium.remote.RemoteWebDriver.startSession(RemoteWebDriver.java:232)
	at org.openqa.selenium.remote.RemoteWebDriver.<init>(RemoteWebDriver.java:159)
	at org.openqa.selenium.safari.SafariDriver.<init>(SafariDriver.java:83)
	at org.openqa.selenium.safari.SafariDriver.<init>(SafariDriver.java:79)
	at org.openqa.selenium.safari.SafariDriver.<init>(SafariDriver.java:56)
	at org.openqa.selenium.safari.SafariDriver.<init>(SafariDriver.java:47)
	at com.factory.driverFactory.initializeDriver(driverFactory.java:25)
	at hooks.ApplicationHooks.launchBrowser(ApplicationHooks.java:37)
</textarea>
      
      </div>
                  </div>
                  <div class="step skip-bg">
                    <span>Given User is on login page</span>
      <div>Step skipped
      </div>
                  </div>
                  <div class="step skip-bg">
                    <span>Given User enters "problem_user" and "secret_sauce"</span>
      <div>Step skipped
      </div>
                  </div>
                  <div class="step skip-bg">
                    <span>When User adds "Sauce Labs Bike Light" to cart</span>
      <div>Step skipped
      </div>
                  </div>
                  <div class="step skip-bg">
                    <span>And User adds "Sauce Labs Bolt T-Shirt" to cart</span>
      <div>Step skipped
      </div>
                  </div>
                  <div class="step skip-bg">
                    <span>When User navigated to Your Cart page</span>
      <div>Step skipped
      </div>
                  </div>
                  <div class="step skip-bg">
                    <span>Then User lands on Your Cart Page</span>
      <div>Step skipped
      </div>
                  </div>
                  <div class="step skip-bg">
                    <span>And User Verify Products are visible on Your Cart Page</span>
      <div><table class='markup-table table '><tr><td>Products</td></tr><tr><td>Sauce Labs Bike Light</td></tr><tr><td>Sauce Labs Bolt T-Shirt</td></tr></table>
      </div>
      <div>Step skipped
      </div>
                  </div>
                  <div class="step skip-bg">
                    <span>Then User Removes Products "Sauce Labs Bike Light"</span>
      <div>Step skipped
      </div>
                  </div>
                  <div class="step skip-bg">
                    <span>And User Verify that Product is removed "Sauce Labs Bike Light"</span>
      <div>Step skipped
      </div>
                  </div>
                  <div class="step skip-bg">
                    <span>And User Verify that Product is removed "Sauce Labs Bolt T-Shirt"</span>
      <div>Step skipped
      </div>
                  </div>
                  <div class="step skip-bg">
                    <span>Then User Reset App State</span>
      <div>Step skipped
      </div>
                  </div>
                  <div class="step fail-bg">
                    <span>hooks.ApplicationHooks.tearDown(io.cucumber.java.Scenario)</span>
      <div>
        <textarea disabled class="code-block">java.lang.NullPointerException: Cannot invoke "org.openqa.selenium.TakesScreenshot.getScreenshotAs(org.openqa.selenium.OutputType)" because "this.driver" is null
	at hooks.ApplicationHooks.tearDown(ApplicationHooks.java:58)
</textarea>
      
      </div>
                  </div>
                  <div class="step fail-bg">
                    <span>hooks.ApplicationHooks.quitDriver()</span>
      <div>
        <textarea disabled class="code-block">java.lang.NullPointerException: Cannot invoke "org.openqa.selenium.WebDriver.quit()" because "this.driver" is null
	at hooks.ApplicationHooks.quitDriver(ApplicationHooks.java:51)
</textarea>
      
      </div>
                  </div>
              </div>
            </div>
        </div>
  </div>
</div>
          </div>
        </li>
      </ul>
    </div>
  </div>
<div class="test-content scrollable">
<div class="test-content-tools">
<ul><li><a class="back-to-test" href="#"><i class="fa fa-arrow-left"></i></a></li></ul>
</div>
<div class="test-content-detail"><div class="detail-body"></div></div>
</div></div>
<div class="test-wrapper row view category-view attributes-view">
<div class="test-list">
<div class="test-list-tools">
<ul class="tools pull-left"><li><a href=""><span class="font-size-14">Category</span></a></li></ul>
<ul class="tools text-right"><li><a href="#"><span class="badge badge-primary">11</span></a></li></ul>
</div>
<div class="test-list-wrapper scrollable">
<ul class="test-list-item">
<li class="test-item">
<div class="test-detail">
<span class="meta">
<span class='badge log badge-danger'>16</span>
</span>
<p class="name">@addremove</p>
<p class="duration text-sm">16 tests</p>
</div>
<div class="test-contents d-none">
<div class="info">
<h4>@addremove</h4>
<span status="fail" class='badge log badge-danger'>16 failed</span>
</div>
<table class='table table-sm mt-4'>
<thead>
<tr>
<th class="status-col">Status</th>
<th class="timestamp-col">Timestamp</th>
<th>TestName</th>
</tr>
</thead>
<tbody>
<tr class="tag-test-status" status="fail">
<td><span class="badge log fail-bg">Fail</span></td>
<td>15:12:04 pm</td>
<td>
<a href="#" class="linked" test-id='4' id='6'>Complete the Checkout Process</a>
<div class="">
<span class="badge badge-default">User is able to Checkout Successfully of added products.Complete the Checkout Process</span>
</div>
</td>
</tr>
<tr class="tag-test-status" status="fail">
<td><span class="badge log fail-bg">Fail</span></td>
<td>15:12:04 pm</td>
<td>
<a href="#" class="linked" test-id='4' id='8'>User is able to Cancel the Checkout Process</a>
<div class="">
<span class="badge badge-default">User is able to Checkout Successfully of added products.User is able to Cancel the Checkout Process</span>
</div>
</td>
</tr>
<tr class="tag-test-status" status="fail">
<td><span class="badge log fail-bg">Fail</span></td>
<td>15:12:04 pm</td>
<td>
<a href="#" class="linked" test-id='4' id='13'>User is able to Cancel the Checkout Process</a>
<div class="">
<span class="badge badge-default">User is able to Checkout Successfully of added products.User is able to Cancel the Checkout Process</span>
</div>
</td>
</tr>
<tr class="tag-test-status" status="fail">
<td><span class="badge log fail-bg">Fail</span></td>
<td>15:12:04 pm</td>
<td>
<a href="#" class="linked" test-id='4' id='23'>Complete the Checkout Process</a>
<div class="">
<span class="badge badge-default">User is able to Checkout Successfully of added products.Complete the Checkout Process</span>
</div>
</td>
</tr>
<tr class="tag-test-status" status="fail">
<td><span class="badge log fail-bg">Fail</span></td>
<td>15:12:10 pm</td>
<td>
<a href="#" class="linked" test-id='123' id='128'>Add Products to Cart</a>
<div class="">
<span class="badge badge-default">Test that User is able to Successfully add products,Remove,Logout.Add Products to Cart</span>
</div>
</td>
</tr>
<tr class="tag-test-status" status="fail">
<td><span class="badge log fail-bg">Fail</span></td>
<td>15:12:10 pm</td>
<td>
<a href="#" class="linked" test-id='123' id='130'>User should be able to Logout from Product Page</a>
<div class="">
<span class="badge badge-default">Test that User is able to Successfully add products,Remove,Logout.User should be able to Logout from Product Page</span>
</div>
</td>
</tr>
<tr class="tag-test-status" status="fail">
<td><span class="badge log fail-bg">Fail</span></td>
<td>15:12:10 pm</td>
<td>
<a href="#" class="linked" test-id='123' id='131'>Add Products to Cart</a>
<div class="">
<span class="badge badge-default">Test that User is able to Successfully add products,Remove,Logout.Add Products to Cart</span>
</div>
</td>
</tr>
<tr class="tag-test-status" status="fail">
<td><span class="badge log fail-bg">Fail</span></td>
<td>15:12:10 pm</td>
<td>
<a href="#" class="linked" test-id='123' id='134'>User should be able to Logout from Product Page</a>
<div class="">
<span class="badge badge-default">Test that User is able to Successfully add products,Remove,Logout.User should be able to Logout from Product Page</span>
</div>
</td>
</tr>
<tr class="tag-test-status" status="fail">
<td><span class="badge log fail-bg">Fail</span></td>
<td>15:12:10 pm</td>
<td>
<a href="#" class="linked" test-id='1' id='136'>Login with Incorrect Credentials( Negative Case )</a>
<div class="">
<span class="badge badge-default">Test Login Page Functionality where that user is able to Login.Login with Incorrect Credentials( Negative Case )</span>
</div>
</td>
</tr>
<tr class="tag-test-status" status="fail">
<td><span class="badge log fail-bg">Fail</span></td>
<td>15:12:10 pm</td>
<td>
<a href="#" class="linked" test-id='123' id='138'>Add Products to Cart</a>
<div class="">
<span class="badge badge-default">Test that User is able to Successfully add products,Remove,Logout.Add Products to Cart</span>
</div>
</td>
</tr>
<tr class="tag-test-status" status="fail">
<td><span class="badge log fail-bg">Fail</span></td>
<td>15:12:21 pm</td>
<td>
<a href="#" class="linked" test-id='123' id='226'>Add Products to Cart</a>
<div class="">
<span class="badge badge-default">Test that User is able to Successfully add products,Remove,Logout.Add Products to Cart</span>
</div>
</td>
</tr>
<tr class="tag-test-status" status="fail">
<td><span class="badge log fail-bg">Fail</span></td>
<td>15:12:21 pm</td>
<td>
<a href="#" class="linked" test-id='233' id='235'>Add Products to Your Cart and verify they are visible</a>
<div class="">
<span class="badge badge-default">User is able to Successfully add Product in Your CART.Add Products to Your Cart and verify they are visible</span>
</div>
</td>
</tr>
<tr class="tag-test-status" status="fail">
<td><span class="badge log fail-bg">Fail</span></td>
<td>15:12:21 pm</td>
<td>
<a href="#" class="linked" test-id='233' id='237'>Add Products to Your Cart and verify they are visible</a>
<div class="">
<span class="badge badge-default">User is able to Successfully add Product in Your CART.Add Products to Your Cart and verify they are visible</span>
</div>
</td>
</tr>
<tr class="tag-test-status" status="fail">
<td><span class="badge log fail-bg">Fail</span></td>
<td>15:12:21 pm</td>
<td>
<a href="#" class="linked" test-id='233' id='238'>Add Products to Your Cart and verify they are visible</a>
<div class="">
<span class="badge badge-default">User is able to Successfully add Product in Your CART.Add Products to Your Cart and verify they are visible</span>
</div>
</td>
</tr>
<tr class="tag-test-status" status="fail">
<td><span class="badge log fail-bg">Fail</span></td>
<td>15:12:21 pm</td>
<td>
<a href="#" class="linked" test-id='233' id='245'>Add and Remove Products from Your Cart</a>
<div class="">
<span class="badge badge-default">User is able to Successfully add Product in Your CART.Add and Remove Products from Your Cart</span>
</div>
</td>
</tr>
<tr class="tag-test-status" status="fail">
<td><span class="badge log fail-bg">Fail</span></td>
<td>15:12:21 pm</td>
<td>
<a href="#" class="linked" test-id='233' id='247'>Add and Remove Products from Your Cart</a>
<div class="">
<span class="badge badge-default">User is able to Successfully add Product in Your CART.Add and Remove Products from Your Cart</span>
</div>
</td>
</tr>
</tbody>
</table>
</div>
</li>
<li class="test-item">
<div class="test-detail">
<span class="meta">
<span class='badge log badge-danger'>23</span>
</span>
<p class="name">@positive</p>
<p class="duration text-sm">23 tests</p>
</div>
<div class="test-contents d-none">
<div class="info">
<h4>@positive</h4>
<span status="fail" class='badge log badge-danger'>23 failed</span>
</div>
<table class='table table-sm mt-4'>
<thead>
<tr>
<th class="status-col">Status</th>
<th class="timestamp-col">Timestamp</th>
<th>TestName</th>
</tr>
</thead>
<tbody>
<tr class="tag-test-status" status="fail">
<td><span class="badge log fail-bg">Fail</span></td>
<td>15:12:04 pm</td>
<td>
<a href="#" class="linked" test-id='4' id='6'>Complete the Checkout Process</a>
<div class="">
<span class="badge badge-default">User is able to Checkout Successfully of added products.Complete the Checkout Process</span>
</div>
</td>
</tr>
<tr class="tag-test-status" status="fail">
<td><span class="badge log fail-bg">Fail</span></td>
<td>15:12:04 pm</td>
<td>
<a href="#" class="linked" test-id='4' id='8'>User is able to Cancel the Checkout Process</a>
<div class="">
<span class="badge badge-default">User is able to Checkout Successfully of added products.User is able to Cancel the Checkout Process</span>
</div>
</td>
</tr>
<tr class="tag-test-status" status="fail">
<td><span class="badge log fail-bg">Fail</span></td>
<td>15:12:04 pm</td>
<td>
<a href="#" class="linked" test-id='1' id='11'>Login with Standard Credentials</a>
<div class="">
<span class="badge badge-default">Test Login Page Functionality where that user is able to Login.Login with Standard Credentials</span>
</div>
</td>
</tr>
<tr class="tag-test-status" status="fail">
<td><span class="badge log fail-bg">Fail</span></td>
<td>15:12:04 pm</td>
<td>
<a href="#" class="linked" test-id='4' id='13'>User is able to Cancel the Checkout Process</a>
<div class="">
<span class="badge badge-default">User is able to Checkout Successfully of added products.User is able to Cancel the Checkout Process</span>
</div>
</td>
</tr>
<tr class="tag-test-status" status="fail">
<td><span class="badge log fail-bg">Fail</span></td>
<td>15:12:04 pm</td>
<td>
<a href="#" class="linked" test-id='1' id='14'>Login with Standard Credentials</a>
<div class="">
<span class="badge badge-default">Test Login Page Functionality where that user is able to Login.Login with Standard Credentials</span>
</div>
</td>
</tr>
<tr class="tag-test-status" status="fail">
<td><span class="badge log fail-bg">Fail</span></td>
<td>15:12:04 pm</td>
<td>
<a href="#" class="linked" test-id='1' id='18'>Login with Standard Credentials</a>
<div class="">
<span class="badge badge-default">Test Login Page Functionality where that user is able to Login.Login with Standard Credentials</span>
</div>
</td>
</tr>
<tr class="tag-test-status" status="fail">
<td><span class="badge log fail-bg">Fail</span></td>
<td>15:12:04 pm</td>
<td>
<a href="#" class="linked" test-id='4' id='23'>Complete the Checkout Process</a>
<div class="">
<span class="badge badge-default">User is able to Checkout Successfully of added products.Complete the Checkout Process</span>
</div>
</td>
</tr>
<tr class="tag-test-status" status="fail">
<td><span class="badge log fail-bg">Fail</span></td>
<td>15:12:10 pm</td>
<td>
<a href="#" class="linked" test-id='123' id='125'>Correct Products Images are Visible with respect to the Products Name</a>
<div class="">
<span class="badge badge-default">Test that User is able to Successfully add products,Remove,Logout.Correct Products Images are Visible with respect to the Products Name</span>
</div>
</td>
</tr>
<tr class="tag-test-status" status="fail">
<td><span class="badge log fail-bg">Fail</span></td>
<td>15:12:10 pm</td>
<td>
<a href="#" class="linked" test-id='123' id='128'>Add Products to Cart</a>
<div class="">
<span class="badge badge-default">Test that User is able to Successfully add products,Remove,Logout.Add Products to Cart</span>
</div>
</td>
</tr>
<tr class="tag-test-status" status="fail">
<td><span class="badge log fail-bg">Fail</span></td>
<td>15:12:10 pm</td>
<td>
<a href="#" class="linked" test-id='123' id='130'>User should be able to Logout from Product Page</a>
<div class="">
<span class="badge badge-default">Test that User is able to Successfully add products,Remove,Logout.User should be able to Logout from Product Page</span>
</div>
</td>
</tr>
<tr class="tag-test-status" status="fail">
<td><span class="badge log fail-bg">Fail</span></td>
<td>15:12:10 pm</td>
<td>
<a href="#" class="linked" test-id='123' id='131'>Add Products to Cart</a>
<div class="">
<span class="badge badge-default">Test that User is able to Successfully add products,Remove,Logout.Add Products to Cart</span>
</div>
</td>
</tr>
<tr class="tag-test-status" status="fail">
<td><span class="badge log fail-bg">Fail</span></td>
<td>15:12:10 pm</td>
<td>
<a href="#" class="linked" test-id='123' id='133'>Correct Products Images are Visible with respect to the Products Name</a>
<div class="">
<span class="badge badge-default">Test that User is able to Successfully add products,Remove,Logout.Correct Products Images are Visible with respect to the Products Name</span>
</div>
</td>
</tr>
<tr class="tag-test-status" status="fail">
<td><span class="badge log fail-bg">Fail</span></td>
<td>15:12:10 pm</td>
<td>
<a href="#" class="linked" test-id='123' id='134'>User should be able to Logout from Product Page</a>
<div class="">
<span class="badge badge-default">Test that User is able to Successfully add products,Remove,Logout.User should be able to Logout from Product Page</span>
</div>
</td>
</tr>
<tr class="tag-test-status" status="fail">
<td><span class="badge log fail-bg">Fail</span></td>
<td>15:12:10 pm</td>
<td>
<a href="#" class="linked" test-id='1' id='136'>Login with Incorrect Credentials( Negative Case )</a>
<div class="">
<span class="badge badge-default">Test Login Page Functionality where that user is able to Login.Login with Incorrect Credentials( Negative Case )</span>
</div>
</td>
</tr>
<tr class="tag-test-status" status="fail">
<td><span class="badge log fail-bg">Fail</span></td>
<td>15:12:10 pm</td>
<td>
<a href="#" class="linked" test-id='123' id='138'>Add Products to Cart</a>
<div class="">
<span class="badge badge-default">Test that User is able to Successfully add products,Remove,Logout.Add Products to Cart</span>
</div>
</td>
</tr>
<tr class="tag-test-status" status="fail">
<td><span class="badge log fail-bg">Fail</span></td>
<td>15:12:10 pm</td>
<td>
<a href="#" class="linked" test-id='123' id='148'>Correct Products Images are Visible with respect to the Products Name</a>
<div class="">
<span class="badge badge-default">Test that User is able to Successfully add products,Remove,Logout.Correct Products Images are Visible with respect to the Products Name</span>
</div>
</td>
</tr>
<tr class="tag-test-status" status="fail">
<td><span class="badge log fail-bg">Fail</span></td>
<td>15:12:10 pm</td>
<td>
<a href="#" class="linked" test-id='123' id='154'>Correct Products Images are Visible with respect to the Products Name</a>
<div class="">
<span class="badge badge-default">Test that User is able to Successfully add products,Remove,Logout.Correct Products Images are Visible with respect to the Products Name</span>
</div>
</td>
</tr>
<tr class="tag-test-status" status="fail">
<td><span class="badge log fail-bg">Fail</span></td>
<td>15:12:21 pm</td>
<td>
<a href="#" class="linked" test-id='123' id='226'>Add Products to Cart</a>
<div class="">
<span class="badge badge-default">Test that User is able to Successfully add products,Remove,Logout.Add Products to Cart</span>
</div>
</td>
</tr>
<tr class="tag-test-status" status="fail">
<td><span class="badge log fail-bg">Fail</span></td>
<td>15:12:21 pm</td>
<td>
<a href="#" class="linked" test-id='233' id='235'>Add Products to Your Cart and verify they are visible</a>
<div class="">
<span class="badge badge-default">User is able to Successfully add Product in Your CART.Add Products to Your Cart and verify they are visible</span>
</div>
</td>
</tr>
<tr class="tag-test-status" status="fail">
<td><span class="badge log fail-bg">Fail</span></td>
<td>15:12:21 pm</td>
<td>
<a href="#" class="linked" test-id='233' id='237'>Add Products to Your Cart and verify they are visible</a>
<div class="">
<span class="badge badge-default">User is able to Successfully add Product in Your CART.Add Products to Your Cart and verify they are visible</span>
</div>
</td>
</tr>
<tr class="tag-test-status" status="fail">
<td><span class="badge log fail-bg">Fail</span></td>
<td>15:12:21 pm</td>
<td>
<a href="#" class="linked" test-id='233' id='238'>Add Products to Your Cart and verify they are visible</a>
<div class="">
<span class="badge badge-default">User is able to Successfully add Product in Your CART.Add Products to Your Cart and verify they are visible</span>
</div>
</td>
</tr>
<tr class="tag-test-status" status="fail">
<td><span class="badge log fail-bg">Fail</span></td>
<td>15:12:21 pm</td>
<td>
<a href="#" class="linked" test-id='233' id='245'>Add and Remove Products from Your Cart</a>
<div class="">
<span class="badge badge-default">User is able to Successfully add Product in Your CART.Add and Remove Products from Your Cart</span>
</div>
</td>
</tr>
<tr class="tag-test-status" status="fail">
<td><span class="badge log fail-bg">Fail</span></td>
<td>15:12:21 pm</td>
<td>
<a href="#" class="linked" test-id='233' id='247'>Add and Remove Products from Your Cart</a>
<div class="">
<span class="badge badge-default">User is able to Successfully add Product in Your CART.Add and Remove Products from Your Cart</span>
</div>
</td>
</tr>
</tbody>
</table>
</div>
</li>
<li class="test-item">
<div class="test-detail">
<span class="meta">
<span class='badge log badge-danger'>5</span>
</span>
<p class="name">@negative</p>
<p class="duration text-sm">5 tests</p>
</div>
<div class="test-contents d-none">
<div class="info">
<h4>@negative</h4>
<span status="fail" class='badge log badge-danger'>5 failed</span>
</div>
<table class='table table-sm mt-4'>
<thead>
<tr>
<th class="status-col">Status</th>
<th class="timestamp-col">Timestamp</th>
<th>TestName</th>
</tr>
</thead>
<tbody>
<tr class="tag-test-status" status="fail">
<td><span class="badge log fail-bg">Fail</span></td>
<td>15:12:04 pm</td>
<td>
<a href="#" class="linked" test-id='1' id='3'>Login with Incorrect Credentials( Negative Case )</a>
<div class="">
<span class="badge badge-default">Test Login Page Functionality where that user is able to Login.Login with Incorrect Credentials( Negative Case )</span>
</div>
</td>
</tr>
<tr class="tag-test-status" status="fail">
<td><span class="badge log fail-bg">Fail</span></td>
<td>15:12:04 pm</td>
<td>
<a href="#" class="linked" test-id='1' id='17'>Login with Incorrect Credentials( Negative Case )</a>
<div class="">
<span class="badge badge-default">Test Login Page Functionality where that user is able to Login.Login with Incorrect Credentials( Negative Case )</span>
</div>
</td>
</tr>
<tr class="tag-test-status" status="fail">
<td><span class="badge log fail-bg">Fail</span></td>
<td>15:12:04 pm</td>
<td>
<a href="#" class="linked" test-id='1' id='21'>Login with Incorrect Credentials( Negative Case )</a>
<div class="">
<span class="badge badge-default">Test Login Page Functionality where that user is able to Login.Login with Incorrect Credentials( Negative Case )</span>
</div>
</td>
</tr>
<tr class="tag-test-status" status="fail">
<td><span class="badge log fail-bg">Fail</span></td>
<td>15:12:10 pm</td>
<td>
<a href="#" class="linked" test-id='1' id='136'>Login with Incorrect Credentials( Negative Case )</a>
<div class="">
<span class="badge badge-default">Test Login Page Functionality where that user is able to Login.Login with Incorrect Credentials( Negative Case )</span>
</div>
</td>
</tr>
<tr class="tag-test-status" status="fail">
<td><span class="badge log fail-bg">Fail</span></td>
<td>15:12:10 pm</td>
<td>
<a href="#" class="linked" test-id='123' id='148'>Correct Products Images are Visible with respect to the Products Name</a>
<div class="">
<span class="badge badge-default">Test that User is able to Successfully add products,Remove,Logout.Correct Products Images are Visible with respect to the Products Name</span>
</div>
</td>
</tr>
</tbody>
</table>
</div>
</li>
<li class="test-item">
<div class="test-detail">
<span class="meta">
<span class='badge log badge-danger'>10</span>
</span>
<p class="name">@login</p>
<p class="duration text-sm">10 tests</p>
</div>
<div class="test-contents d-none">
<div class="info">
<h4>@login</h4>
<span status="fail" class='badge log badge-danger'>10 failed</span>
</div>
<table class='table table-sm mt-4'>
<thead>
<tr>
<th class="status-col">Status</th>
<th class="timestamp-col">Timestamp</th>
<th>TestName</th>
</tr>
</thead>
<tbody>
<tr class="tag-test-status" status="fail">
<td><span class="badge log fail-bg">Fail</span></td>
<td>15:12:04 pm</td>
<td>
<a href="#" class="linked" test-id='1' id='3'>Login with Incorrect Credentials( Negative Case )</a>
<div class="">
<span class="badge badge-default">Test Login Page Functionality where that user is able to Login.Login with Incorrect Credentials( Negative Case )</span>
</div>
</td>
</tr>
<tr class="tag-test-status" status="fail">
<td><span class="badge log fail-bg">Fail</span></td>
<td>15:12:04 pm</td>
<td>
<a href="#" class="linked" test-id='1' id='11'>Login with Standard Credentials</a>
<div class="">
<span class="badge badge-default">Test Login Page Functionality where that user is able to Login.Login with Standard Credentials</span>
</div>
</td>
</tr>
<tr class="tag-test-status" status="fail">
<td><span class="badge log fail-bg">Fail</span></td>
<td>15:12:04 pm</td>
<td>
<a href="#" class="linked" test-id='1' id='14'>Login with Standard Credentials</a>
<div class="">
<span class="badge badge-default">Test Login Page Functionality where that user is able to Login.Login with Standard Credentials</span>
</div>
</td>
</tr>
<tr class="tag-test-status" status="fail">
<td><span class="badge log fail-bg">Fail</span></td>
<td>15:12:04 pm</td>
<td>
<a href="#" class="linked" test-id='1' id='17'>Login with Incorrect Credentials( Negative Case )</a>
<div class="">
<span class="badge badge-default">Test Login Page Functionality where that user is able to Login.Login with Incorrect Credentials( Negative Case )</span>
</div>
</td>
</tr>
<tr class="tag-test-status" status="fail">
<td><span class="badge log fail-bg">Fail</span></td>
<td>15:12:04 pm</td>
<td>
<a href="#" class="linked" test-id='1' id='18'>Login with Standard Credentials</a>
<div class="">
<span class="badge badge-default">Test Login Page Functionality where that user is able to Login.Login with Standard Credentials</span>
</div>
</td>
</tr>
<tr class="tag-test-status" status="fail">
<td><span class="badge log fail-bg">Fail</span></td>
<td>15:12:04 pm</td>
<td>
<a href="#" class="linked" test-id='1' id='21'>Login with Incorrect Credentials( Negative Case )</a>
<div class="">
<span class="badge badge-default">Test Login Page Functionality where that user is able to Login.Login with Incorrect Credentials( Negative Case )</span>
</div>
</td>
</tr>
<tr class="tag-test-status" status="fail">
<td><span class="badge log fail-bg">Fail</span></td>
<td>15:12:10 pm</td>
<td>
<a href="#" class="linked" test-id='1' id='136'>Login with Incorrect Credentials( Negative Case )</a>
<div class="">
<span class="badge badge-default">Test Login Page Functionality where that user is able to Login.Login with Incorrect Credentials( Negative Case )</span>
</div>
</td>
</tr>
<tr class="tag-test-status" status="fail">
<td><span class="badge log fail-bg">Fail</span></td>
<td>15:12:10 pm</td>
<td>
<a href="#" class="linked" test-id='123' id='148'>Correct Products Images are Visible with respect to the Products Name</a>
<div class="">
<span class="badge badge-default">Test that User is able to Successfully add products,Remove,Logout.Correct Products Images are Visible with respect to the Products Name</span>
</div>
</td>
</tr>
<tr class="tag-test-status" status="fail">
<td><span class="badge log fail-bg">Fail</span></td>
<td>15:12:10 pm</td>
<td>
<a href="#" class="linked" test-id='123' id='154'>Correct Products Images are Visible with respect to the Products Name</a>
<div class="">
<span class="badge badge-default">Test that User is able to Successfully add products,Remove,Logout.Correct Products Images are Visible with respect to the Products Name</span>
</div>
</td>
</tr>
<tr class="tag-test-status" status="fail">
<td><span class="badge log fail-bg">Fail</span></td>
<td>15:12:21 pm</td>
<td>
<a href="#" class="linked" test-id='233' id='238'>Add Products to Your Cart and verify they are visible</a>
<div class="">
<span class="badge badge-default">User is able to Successfully add Product in Your CART.Add Products to Your Cart and verify they are visible</span>
</div>
</td>
</tr>
</tbody>
</table>
</div>
</li>
<li class="test-item">
<div class="test-detail">
<span class="meta">
<span class='badge log badge-danger'>6</span>
</span>
<p class="name">@test</p>
<p class="duration text-sm">6 tests</p>
</div>
<div class="test-contents d-none">
<div class="info">
<h4>@test</h4>
<span status="fail" class='badge log badge-danger'>6 failed</span>
</div>
<table class='table table-sm mt-4'>
<thead>
<tr>
<th class="status-col">Status</th>
<th class="timestamp-col">Timestamp</th>
<th>TestName</th>
</tr>
</thead>
<tbody>
<tr class="tag-test-status" status="fail">
<td><span class="badge log fail-bg">Fail</span></td>
<td>15:12:04 pm</td>
<td>
<a href="#" class="linked" test-id='4' id='6'>Complete the Checkout Process</a>
<div class="">
<span class="badge badge-default">User is able to Checkout Successfully of added products.Complete the Checkout Process</span>
</div>
</td>
</tr>
<tr class="tag-test-status" status="fail">
<td><span class="badge log fail-bg">Fail</span></td>
<td>15:12:04 pm</td>
<td>
<a href="#" class="linked" test-id='4' id='8'>User is able to Cancel the Checkout Process</a>
<div class="">
<span class="badge badge-default">User is able to Checkout Successfully of added products.User is able to Cancel the Checkout Process</span>
</div>
</td>
</tr>
<tr class="tag-test-status" status="fail">
<td><span class="badge log fail-bg">Fail</span></td>
<td>15:12:04 pm</td>
<td>
<a href="#" class="linked" test-id='4' id='13'>User is able to Cancel the Checkout Process</a>
<div class="">
<span class="badge badge-default">User is able to Checkout Successfully of added products.User is able to Cancel the Checkout Process</span>
</div>
</td>
</tr>
<tr class="tag-test-status" status="fail">
<td><span class="badge log fail-bg">Fail</span></td>
<td>15:12:04 pm</td>
<td>
<a href="#" class="linked" test-id='4' id='23'>Complete the Checkout Process</a>
<div class="">
<span class="badge badge-default">User is able to Checkout Successfully of added products.Complete the Checkout Process</span>
</div>
</td>
</tr>
<tr class="tag-test-status" status="fail">
<td><span class="badge log fail-bg">Fail</span></td>
<td>15:12:10 pm</td>
<td>
<a href="#" class="linked" test-id='123' id='134'>User should be able to Logout from Product Page</a>
<div class="">
<span class="badge badge-default">Test that User is able to Successfully add products,Remove,Logout.User should be able to Logout from Product Page</span>
</div>
</td>
</tr>
<tr class="tag-test-status" status="fail">
<td><span class="badge log fail-bg">Fail</span></td>
<td>15:12:10 pm</td>
<td>
<a href="#" class="linked" test-id='1' id='136'>Login with Incorrect Credentials( Negative Case )</a>
<div class="">
<span class="badge badge-default">Test Login Page Functionality where that user is able to Login.Login with Incorrect Credentials( Negative Case )</span>
</div>
</td>
</tr>
</tbody>
</table>
</div>
</li>
<li class="test-item">
<div class="test-detail">
<span class="meta">
<span class='badge log badge-danger'>1</span>
</span>
<p class="name">@selectorHub</p>
<p class="duration text-sm">1 tests</p>
</div>
<div class="test-contents d-none">
<div class="info">
<h4>@selectorHub</h4>
<span status="fail" class='badge log badge-danger'>1 failed</span>
</div>
<table class='table table-sm mt-4'>
<thead>
<tr>
<th class="status-col">Status</th>
<th class="timestamp-col">Timestamp</th>
<th>TestName</th>
</tr>
</thead>
<tbody>
<tr class="tag-test-status" status="fail">
<td><span class="badge log fail-bg">Fail</span></td>
<td>15:12:21 pm</td>
<td>
<a href="#" class="linked" test-id='229' id='230'>Enter Text in Disabled TextField</a>
<div class="">
<span class="badge badge-default">Selectors Hub: To enter Text into a Disabled Text Field.Enter Text in Disabled TextField</span>
</div>
</td>
</tr>
</tbody>
</table>
</div>
</li>
<li class="test-item">
<div class="test-detail">
<span class="meta">
<span class='badge log badge-danger'>12</span>
</span>
<p class="name">@product</p>
<p class="duration text-sm">12 tests</p>
</div>
<div class="test-contents d-none">
<div class="info">
<h4>@product</h4>
<span status="fail" class='badge log badge-danger'>12 failed</span>
</div>
<table class='table table-sm mt-4'>
<thead>
<tr>
<th class="status-col">Status</th>
<th class="timestamp-col">Timestamp</th>
<th>TestName</th>
</tr>
</thead>
<tbody>
<tr class="tag-test-status" status="fail">
<td><span class="badge log fail-bg">Fail</span></td>
<td>15:12:10 pm</td>
<td>
<a href="#" class="linked" test-id='123' id='125'>Correct Products Images are Visible with respect to the Products Name</a>
<div class="">
<span class="badge badge-default">Test that User is able to Successfully add products,Remove,Logout.Correct Products Images are Visible with respect to the Products Name</span>
</div>
</td>
</tr>
<tr class="tag-test-status" status="fail">
<td><span class="badge log fail-bg">Fail</span></td>
<td>15:12:10 pm</td>
<td>
<a href="#" class="linked" test-id='123' id='128'>Add Products to Cart</a>
<div class="">
<span class="badge badge-default">Test that User is able to Successfully add products,Remove,Logout.Add Products to Cart</span>
</div>
</td>
</tr>
<tr class="tag-test-status" status="fail">
<td><span class="badge log fail-bg">Fail</span></td>
<td>15:12:10 pm</td>
<td>
<a href="#" class="linked" test-id='123' id='130'>User should be able to Logout from Product Page</a>
<div class="">
<span class="badge badge-default">Test that User is able to Successfully add products,Remove,Logout.User should be able to Logout from Product Page</span>
</div>
</td>
</tr>
<tr class="tag-test-status" status="fail">
<td><span class="badge log fail-bg">Fail</span></td>
<td>15:12:10 pm</td>
<td>
<a href="#" class="linked" test-id='123' id='131'>Add Products to Cart</a>
<div class="">
<span class="badge badge-default">Test that User is able to Successfully add products,Remove,Logout.Add Products to Cart</span>
</div>
</td>
</tr>
<tr class="tag-test-status" status="fail">
<td><span class="badge log fail-bg">Fail</span></td>
<td>15:12:10 pm</td>
<td>
<a href="#" class="linked" test-id='123' id='133'>Correct Products Images are Visible with respect to the Products Name</a>
<div class="">
<span class="badge badge-default">Test that User is able to Successfully add products,Remove,Logout.Correct Products Images are Visible with respect to the Products Name</span>
</div>
</td>
</tr>
<tr class="tag-test-status" status="fail">
<td><span class="badge log fail-bg">Fail</span></td>
<td>15:12:10 pm</td>
<td>
<a href="#" class="linked" test-id='123' id='134'>User should be able to Logout from Product Page</a>
<div class="">
<span class="badge badge-default">Test that User is able to Successfully add products,Remove,Logout.User should be able to Logout from Product Page</span>
</div>
</td>
</tr>
<tr class="tag-test-status" status="fail">
<td><span class="badge log fail-bg">Fail</span></td>
<td>15:12:10 pm</td>
<td>
<a href="#" class="linked" test-id='123' id='138'>Add Products to Cart</a>
<div class="">
<span class="badge badge-default">Test that User is able to Successfully add products,Remove,Logout.Add Products to Cart</span>
</div>
</td>
</tr>
<tr class="tag-test-status" status="fail">
<td><span class="badge log fail-bg">Fail</span></td>
<td>15:12:10 pm</td>
<td>
<a href="#" class="linked" test-id='123' id='148'>Correct Products Images are Visible with respect to the Products Name</a>
<div class="">
<span class="badge badge-default">Test that User is able to Successfully add products,Remove,Logout.Correct Products Images are Visible with respect to the Products Name</span>
</div>
</td>
</tr>
<tr class="tag-test-status" status="fail">
<td><span class="badge log fail-bg">Fail</span></td>
<td>15:12:10 pm</td>
<td>
<a href="#" class="linked" test-id='123' id='154'>Correct Products Images are Visible with respect to the Products Name</a>
<div class="">
<span class="badge badge-default">Test that User is able to Successfully add products,Remove,Logout.Correct Products Images are Visible with respect to the Products Name</span>
</div>
</td>
</tr>
<tr class="tag-test-status" status="fail">
<td><span class="badge log fail-bg">Fail</span></td>
<td>15:12:21 pm</td>
<td>
<a href="#" class="linked" test-id='123' id='226'>Add Products to Cart</a>
<div class="">
<span class="badge badge-default">Test that User is able to Successfully add products,Remove,Logout.Add Products to Cart</span>
</div>
</td>
</tr>
<tr class="tag-test-status" status="fail">
<td><span class="badge log fail-bg">Fail</span></td>
<td>15:12:21 pm</td>
<td>
<a href="#" class="linked" test-id='233' id='237'>Add Products to Your Cart and verify they are visible</a>
<div class="">
<span class="badge badge-default">User is able to Successfully add Product in Your CART.Add Products to Your Cart and verify they are visible</span>
</div>
</td>
</tr>
<tr class="tag-test-status" status="fail">
<td><span class="badge log fail-bg">Fail</span></td>
<td>15:12:21 pm</td>
<td>
<a href="#" class="linked" test-id='233' id='247'>Add and Remove Products from Your Cart</a>
<div class="">
<span class="badge badge-default">User is able to Successfully add Product in Your CART.Add and Remove Products from Your Cart</span>
</div>
</td>
</tr>
</tbody>
</table>
</div>
</li>
<li class="test-item">
<div class="test-detail">
<span class="meta">
<span class='badge log badge-danger'>5</span>
</span>
<p class="name">@sammy</p>
<p class="duration text-sm">5 tests</p>
</div>
<div class="test-contents d-none">
<div class="info">
<h4>@sammy</h4>
<span status="fail" class='badge log badge-danger'>5 failed</span>
</div>
<table class='table table-sm mt-4'>
<thead>
<tr>
<th class="status-col">Status</th>
<th class="timestamp-col">Timestamp</th>
<th>TestName</th>
</tr>
</thead>
<tbody>
<tr class="tag-test-status" status="fail">
<td><span class="badge log fail-bg">Fail</span></td>
<td>15:12:04 pm</td>
<td>
<a href="#" class="linked" test-id='1' id='11'>Login with Standard Credentials</a>
<div class="">
<span class="badge badge-default">Test Login Page Functionality where that user is able to Login.Login with Standard Credentials</span>
</div>
</td>
</tr>
<tr class="tag-test-status" status="fail">
<td><span class="badge log fail-bg">Fail</span></td>
<td>15:12:04 pm</td>
<td>
<a href="#" class="linked" test-id='1' id='14'>Login with Standard Credentials</a>
<div class="">
<span class="badge badge-default">Test Login Page Functionality where that user is able to Login.Login with Standard Credentials</span>
</div>
</td>
</tr>
<tr class="tag-test-status" status="fail">
<td><span class="badge log fail-bg">Fail</span></td>
<td>15:12:04 pm</td>
<td>
<a href="#" class="linked" test-id='1' id='18'>Login with Standard Credentials</a>
<div class="">
<span class="badge badge-default">Test Login Page Functionality where that user is able to Login.Login with Standard Credentials</span>
</div>
</td>
</tr>
<tr class="tag-test-status" status="fail">
<td><span class="badge log fail-bg">Fail</span></td>
<td>15:12:10 pm</td>
<td>
<a href="#" class="linked" test-id='123' id='154'>Correct Products Images are Visible with respect to the Products Name</a>
<div class="">
<span class="badge badge-default">Test that User is able to Successfully add products,Remove,Logout.Correct Products Images are Visible with respect to the Products Name</span>
</div>
</td>
</tr>
<tr class="tag-test-status" status="fail">
<td><span class="badge log fail-bg">Fail</span></td>
<td>15:12:21 pm</td>
<td>
<a href="#" class="linked" test-id='233' id='238'>Add Products to Your Cart and verify they are visible</a>
<div class="">
<span class="badge badge-default">User is able to Successfully add Product in Your CART.Add Products to Your Cart and verify they are visible</span>
</div>
</td>
</tr>
</tbody>
</table>
</div>
</li>
<li class="test-item">
<div class="test-detail">
<span class="meta">
<span class='badge log badge-danger'>4</span>
</span>
<p class="name">@image</p>
<p class="duration text-sm">4 tests</p>
</div>
<div class="test-contents d-none">
<div class="info">
<h4>@image</h4>
<span status="fail" class='badge log badge-danger'>4 failed</span>
</div>
<table class='table table-sm mt-4'>
<thead>
<tr>
<th class="status-col">Status</th>
<th class="timestamp-col">Timestamp</th>
<th>TestName</th>
</tr>
</thead>
<tbody>
<tr class="tag-test-status" status="fail">
<td><span class="badge log fail-bg">Fail</span></td>
<td>15:12:10 pm</td>
<td>
<a href="#" class="linked" test-id='123' id='125'>Correct Products Images are Visible with respect to the Products Name</a>
<div class="">
<span class="badge badge-default">Test that User is able to Successfully add products,Remove,Logout.Correct Products Images are Visible with respect to the Products Name</span>
</div>
</td>
</tr>
<tr class="tag-test-status" status="fail">
<td><span class="badge log fail-bg">Fail</span></td>
<td>15:12:10 pm</td>
<td>
<a href="#" class="linked" test-id='123' id='133'>Correct Products Images are Visible with respect to the Products Name</a>
<div class="">
<span class="badge badge-default">Test that User is able to Successfully add products,Remove,Logout.Correct Products Images are Visible with respect to the Products Name</span>
</div>
</td>
</tr>
<tr class="tag-test-status" status="fail">
<td><span class="badge log fail-bg">Fail</span></td>
<td>15:12:10 pm</td>
<td>
<a href="#" class="linked" test-id='123' id='148'>Correct Products Images are Visible with respect to the Products Name</a>
<div class="">
<span class="badge badge-default">Test that User is able to Successfully add products,Remove,Logout.Correct Products Images are Visible with respect to the Products Name</span>
</div>
</td>
</tr>
<tr class="tag-test-status" status="fail">
<td><span class="badge log fail-bg">Fail</span></td>
<td>15:12:10 pm</td>
<td>
<a href="#" class="linked" test-id='123' id='154'>Correct Products Images are Visible with respect to the Products Name</a>
<div class="">
<span class="badge badge-default">Test that User is able to Successfully add products,Remove,Logout.Correct Products Images are Visible with respect to the Products Name</span>
</div>
</td>
</tr>
</tbody>
</table>
</div>
</li>
<li class="test-item">
<div class="test-detail">
<span class="meta">
<span class='badge log badge-danger'>6</span>
</span>
<p class="name">@checkout</p>
<p class="duration text-sm">6 tests</p>
</div>
<div class="test-contents d-none">
<div class="info">
<h4>@checkout</h4>
<span status="fail" class='badge log badge-danger'>6 failed</span>
</div>
<table class='table table-sm mt-4'>
<thead>
<tr>
<th class="status-col">Status</th>
<th class="timestamp-col">Timestamp</th>
<th>TestName</th>
</tr>
</thead>
<tbody>
<tr class="tag-test-status" status="fail">
<td><span class="badge log fail-bg">Fail</span></td>
<td>15:12:04 pm</td>
<td>
<a href="#" class="linked" test-id='4' id='6'>Complete the Checkout Process</a>
<div class="">
<span class="badge badge-default">User is able to Checkout Successfully of added products.Complete the Checkout Process</span>
</div>
</td>
</tr>
<tr class="tag-test-status" status="fail">
<td><span class="badge log fail-bg">Fail</span></td>
<td>15:12:04 pm</td>
<td>
<a href="#" class="linked" test-id='4' id='8'>User is able to Cancel the Checkout Process</a>
<div class="">
<span class="badge badge-default">User is able to Checkout Successfully of added products.User is able to Cancel the Checkout Process</span>
</div>
</td>
</tr>
<tr class="tag-test-status" status="fail">
<td><span class="badge log fail-bg">Fail</span></td>
<td>15:12:04 pm</td>
<td>
<a href="#" class="linked" test-id='4' id='13'>User is able to Cancel the Checkout Process</a>
<div class="">
<span class="badge badge-default">User is able to Checkout Successfully of added products.User is able to Cancel the Checkout Process</span>
</div>
</td>
</tr>
<tr class="tag-test-status" status="fail">
<td><span class="badge log fail-bg">Fail</span></td>
<td>15:12:04 pm</td>
<td>
<a href="#" class="linked" test-id='4' id='23'>Complete the Checkout Process</a>
<div class="">
<span class="badge badge-default">User is able to Checkout Successfully of added products.Complete the Checkout Process</span>
</div>
</td>
</tr>
<tr class="tag-test-status" status="fail">
<td><span class="badge log fail-bg">Fail</span></td>
<td>15:12:10 pm</td>
<td>
<a href="#" class="linked" test-id='123' id='134'>User should be able to Logout from Product Page</a>
<div class="">
<span class="badge badge-default">Test that User is able to Successfully add products,Remove,Logout.User should be able to Logout from Product Page</span>
</div>
</td>
</tr>
<tr class="tag-test-status" status="fail">
<td><span class="badge log fail-bg">Fail</span></td>
<td>15:12:10 pm</td>
<td>
<a href="#" class="linked" test-id='1' id='136'>Login with Incorrect Credentials( Negative Case )</a>
<div class="">
<span class="badge badge-default">Test Login Page Functionality where that user is able to Login.Login with Incorrect Credentials( Negative Case )</span>
</div>
</td>
</tr>
</tbody>
</table>
</div>
</li>
<li class="test-item">
<div class="test-detail">
<span class="meta">
<span class='badge log badge-danger'>5</span>
</span>
<p class="name">@yourCart</p>
<p class="duration text-sm">5 tests</p>
</div>
<div class="test-contents d-none">
<div class="info">
<h4>@yourCart</h4>
<span status="fail" class='badge log badge-danger'>5 failed</span>
</div>
<table class='table table-sm mt-4'>
<thead>
<tr>
<th class="status-col">Status</th>
<th class="timestamp-col">Timestamp</th>
<th>TestName</th>
</tr>
</thead>
<tbody>
<tr class="tag-test-status" status="fail">
<td><span class="badge log fail-bg">Fail</span></td>
<td>15:12:21 pm</td>
<td>
<a href="#" class="linked" test-id='233' id='235'>Add Products to Your Cart and verify they are visible</a>
<div class="">
<span class="badge badge-default">User is able to Successfully add Product in Your CART.Add Products to Your Cart and verify they are visible</span>
</div>
</td>
</tr>
<tr class="tag-test-status" status="fail">
<td><span class="badge log fail-bg">Fail</span></td>
<td>15:12:21 pm</td>
<td>
<a href="#" class="linked" test-id='233' id='237'>Add Products to Your Cart and verify they are visible</a>
<div class="">
<span class="badge badge-default">User is able to Successfully add Product in Your CART.Add Products to Your Cart and verify they are visible</span>
</div>
</td>
</tr>
<tr class="tag-test-status" status="fail">
<td><span class="badge log fail-bg">Fail</span></td>
<td>15:12:21 pm</td>
<td>
<a href="#" class="linked" test-id='233' id='238'>Add Products to Your Cart and verify they are visible</a>
<div class="">
<span class="badge badge-default">User is able to Successfully add Product in Your CART.Add Products to Your Cart and verify they are visible</span>
</div>
</td>
</tr>
<tr class="tag-test-status" status="fail">
<td><span class="badge log fail-bg">Fail</span></td>
<td>15:12:21 pm</td>
<td>
<a href="#" class="linked" test-id='233' id='245'>Add and Remove Products from Your Cart</a>
<div class="">
<span class="badge badge-default">User is able to Successfully add Product in Your CART.Add and Remove Products from Your Cart</span>
</div>
</td>
</tr>
<tr class="tag-test-status" status="fail">
<td><span class="badge log fail-bg">Fail</span></td>
<td>15:12:21 pm</td>
<td>
<a href="#" class="linked" test-id='233' id='247'>Add and Remove Products from Your Cart</a>
<div class="">
<span class="badge badge-default">User is able to Successfully add Product in Your CART.Add and Remove Products from Your Cart</span>
</div>
</td>
</tr>
</tbody>
</table>
</div>
</li>
</ul>
</div>
</div>
<div class="test-content scrollable">
<div class="test-content-detail">
<div class="detail-body"></div>
</div>
</div>
</div><div class="test-wrapper row view exception-view attributes-view">
<div class="test-list">
<div class="test-list-tools">
<ul class="tools pull-left"><li><a href=""><span class="font-size-14">Exception</span></a></li></ul>
<ul class="tools text-right"><li><a href="#"><span class="badge badge-primary">2</span></a></li></ul>
</div>
<div class="test-list-wrapper scrollable">
<ul class="test-list-item">
<li class="test-item">
<div class="test-detail">
<span class="meta">
<span class='badge log badge-danger'>1</span>
</span>
<p class="name">org.openqa.selenium.SessionNotCreatedException</p>
<p class="duration text-sm">1 tests</p>
</div>
<div class="test-contents d-none">
<div class="info">
<h4>org.openqa.selenium.SessionNotCreatedException</h4>
<span status="fail" class='badge log badge-danger'>1 failed</span>
</div>
<table class='table table-sm mt-4'>
<thead>
<tr>
<th class="status-col">Status</th>
<th class="timestamp-col">Timestamp</th>
<th>TestName</th>
</tr>
</thead>
<tbody>
<tr class="tag-test-status" status="fail">
<td><span class="badge log fail-bg">Fail</span></td>
<td>15:12:04 pm</td>
<td>
<a href="#" class="linked" test-id='4' id='33'>hooks.ApplicationHooks.launchBrowser()</a>
<div class="">
<span class="badge badge-default">User is able to Checkout Successfully of added products.Complete the Checkout Process.hooks.ApplicationHooks.launchBrowser()</span>
</div>
</td>
</tr>
<tr class="tag-test-status" status="fail">
<td><span class="badge log fail-bg">Fail</span></td>
<td>15:12:04 pm</td>
<td>
<a href="#" class="linked" test-id='4' id='30'>hooks.ApplicationHooks.launchBrowser()</a>
<div class="">
<span class="badge badge-default">User is able to Checkout Successfully of added products.User is able to Cancel the Checkout Process.hooks.ApplicationHooks.launchBrowser()</span>
</div>
</td>
</tr>
<tr class="tag-test-status" status="fail">
<td><span class="badge log fail-bg">Fail</span></td>
<td>15:12:04 pm</td>
<td>
<a href="#" class="linked" test-id='4' id='36'>hooks.ApplicationHooks.launchBrowser()</a>
<div class="">
<span class="badge badge-default">User is able to Checkout Successfully of added products.Complete the Checkout Process.hooks.ApplicationHooks.launchBrowser()</span>
</div>
</td>
</tr>
<tr class="tag-test-status" status="fail">
<td><span class="badge log fail-bg">Fail</span></td>
<td>15:12:04 pm</td>
<td>
<a href="#" class="linked" test-id='1' id='35'>hooks.ApplicationHooks.launchBrowser()</a>
<div class="">
<span class="badge badge-default">Test Login Page Functionality where that user is able to Login.Login with Standard Credentials.hooks.ApplicationHooks.launchBrowser()</span>
</div>
</td>
</tr>
<tr class="tag-test-status" status="fail">
<td><span class="badge log fail-bg">Fail</span></td>
<td>15:12:04 pm</td>
<td>
<a href="#" class="linked" test-id='1' id='27'>hooks.ApplicationHooks.launchBrowser()</a>
<div class="">
<span class="badge badge-default">Test Login Page Functionality where that user is able to Login.Login with Incorrect Credentials( Negative Case ).hooks.ApplicationHooks.launchBrowser()</span>
</div>
</td>
</tr>
<tr class="tag-test-status" status="fail">
<td><span class="badge log fail-bg">Fail</span></td>
<td>15:12:04 pm</td>
<td>
<a href="#" class="linked" test-id='1' id='31'>hooks.ApplicationHooks.launchBrowser()</a>
<div class="">
<span class="badge badge-default">Test Login Page Functionality where that user is able to Login.Login with Standard Credentials.hooks.ApplicationHooks.launchBrowser()</span>
</div>
</td>
</tr>
<tr class="tag-test-status" status="fail">
<td><span class="badge log fail-bg">Fail</span></td>
<td>15:12:04 pm</td>
<td>
<a href="#" class="linked" test-id='1' id='34'>hooks.ApplicationHooks.launchBrowser()</a>
<div class="">
<span class="badge badge-default">Test Login Page Functionality where that user is able to Login.Login with Standard Credentials.hooks.ApplicationHooks.launchBrowser()</span>
</div>
</td>
</tr>
<tr class="tag-test-status" status="fail">
<td><span class="badge log fail-bg">Fail</span></td>
<td>15:12:04 pm</td>
<td>
<a href="#" class="linked" test-id='1' id='28'>hooks.ApplicationHooks.launchBrowser()</a>
<div class="">
<span class="badge badge-default">Test Login Page Functionality where that user is able to Login.Login with Incorrect Credentials( Negative Case ).hooks.ApplicationHooks.launchBrowser()</span>
</div>
</td>
</tr>
<tr class="tag-test-status" status="fail">
<td><span class="badge log fail-bg">Fail</span></td>
<td>15:12:04 pm</td>
<td>
<a href="#" class="linked" test-id='4' id='29'>hooks.ApplicationHooks.launchBrowser()</a>
<div class="">
<span class="badge badge-default">User is able to Checkout Successfully of added products.User is able to Cancel the Checkout Process.hooks.ApplicationHooks.launchBrowser()</span>
</div>
</td>
</tr>
<tr class="tag-test-status" status="fail">
<td><span class="badge log fail-bg">Fail</span></td>
<td>15:12:04 pm</td>
<td>
<a href="#" class="linked" test-id='1' id='32'>hooks.ApplicationHooks.launchBrowser()</a>
<div class="">
<span class="badge badge-default">Test Login Page Functionality where that user is able to Login.Login with Incorrect Credentials( Negative Case ).hooks.ApplicationHooks.launchBrowser()</span>
</div>
</td>
</tr>
<tr class="tag-test-status" status="fail">
<td><span class="badge log fail-bg">Fail</span></td>
<td>15:12:10 pm</td>
<td>
<a href="#" class="linked" test-id='123' id='153'>hooks.ApplicationHooks.launchBrowser()</a>
<div class="">
<span class="badge badge-default">Test that User is able to Successfully add products,Remove,Logout.Add Products to Cart.hooks.ApplicationHooks.launchBrowser()</span>
</div>
</td>
</tr>
<tr class="tag-test-status" status="fail">
<td><span class="badge log fail-bg">Fail</span></td>
<td>15:12:10 pm</td>
<td>
<a href="#" class="linked" test-id='123' id='141'>hooks.ApplicationHooks.launchBrowser()</a>
<div class="">
<span class="badge badge-default">Test that User is able to Successfully add products,Remove,Logout.Add Products to Cart.hooks.ApplicationHooks.launchBrowser()</span>
</div>
</td>
</tr>
<tr class="tag-test-status" status="fail">
<td><span class="badge log fail-bg">Fail</span></td>
<td>15:12:10 pm</td>
<td>
<a href="#" class="linked" test-id='123' id='142'>hooks.ApplicationHooks.launchBrowser()</a>
<div class="">
<span class="badge badge-default">Test that User is able to Successfully add products,Remove,Logout.User should be able to Logout from Product Page.hooks.ApplicationHooks.launchBrowser()</span>
</div>
</td>
</tr>
<tr class="tag-test-status" status="fail">
<td><span class="badge log fail-bg">Fail</span></td>
<td>15:12:10 pm</td>
<td>
<a href="#" class="linked" test-id='123' id='156'>hooks.ApplicationHooks.launchBrowser()</a>
<div class="">
<span class="badge badge-default">Test that User is able to Successfully add products,Remove,Logout.Correct Products Images are Visible with respect to the Products Name.hooks.ApplicationHooks.launchBrowser()</span>
</div>
</td>
</tr>
<tr class="tag-test-status" status="fail">
<td><span class="badge log fail-bg">Fail</span></td>
<td>15:12:10 pm</td>
<td>
<a href="#" class="linked" test-id='123' id='145'>hooks.ApplicationHooks.launchBrowser()</a>
<div class="">
<span class="badge badge-default">Test that User is able to Successfully add products,Remove,Logout.Correct Products Images are Visible with respect to the Products Name.hooks.ApplicationHooks.launchBrowser()</span>
</div>
</td>
</tr>
<tr class="tag-test-status" status="fail">
<td><span class="badge log fail-bg">Fail</span></td>
<td>15:12:10 pm</td>
<td>
<a href="#" class="linked" test-id='123' id='147'>hooks.ApplicationHooks.launchBrowser()</a>
<div class="">
<span class="badge badge-default">Test that User is able to Successfully add products,Remove,Logout.User should be able to Logout from Product Page.hooks.ApplicationHooks.launchBrowser()</span>
</div>
</td>
</tr>
<tr class="tag-test-status" status="fail">
<td><span class="badge log fail-bg">Fail</span></td>
<td>15:12:10 pm</td>
<td>
<a href="#" class="linked" test-id='123' id='144'>hooks.ApplicationHooks.launchBrowser()</a>
<div class="">
<span class="badge badge-default">Test that User is able to Successfully add products,Remove,Logout.Add Products to Cart.hooks.ApplicationHooks.launchBrowser()</span>
</div>
</td>
</tr>
<tr class="tag-test-status" status="fail">
<td><span class="badge log fail-bg">Fail</span></td>
<td>15:12:10 pm</td>
<td>
<a href="#" class="linked" test-id='1' id='151'>hooks.ApplicationHooks.launchBrowser()</a>
<div class="">
<span class="badge badge-default">Test Login Page Functionality where that user is able to Login.Login with Incorrect Credentials( Negative Case ).hooks.ApplicationHooks.launchBrowser()</span>
</div>
</td>
</tr>
<tr class="tag-test-status" status="fail">
<td><span class="badge log fail-bg">Fail</span></td>
<td>15:12:10 pm</td>
<td>
<a href="#" class="linked" test-id='123' id='149'>hooks.ApplicationHooks.launchBrowser()</a>
<div class="">
<span class="badge badge-default">Test that User is able to Successfully add products,Remove,Logout.Correct Products Images are Visible with respect to the Products Name.hooks.ApplicationHooks.launchBrowser()</span>
</div>
</td>
</tr>
<tr class="tag-test-status" status="fail">
<td><span class="badge log fail-bg">Fail</span></td>
<td>15:12:10 pm</td>
<td>
<a href="#" class="linked" test-id='123' id='152'>hooks.ApplicationHooks.launchBrowser()</a>
<div class="">
<span class="badge badge-default">Test that User is able to Successfully add products,Remove,Logout.Correct Products Images are Visible with respect to the Products Name.hooks.ApplicationHooks.launchBrowser()</span>
</div>
</td>
</tr>
<tr class="tag-test-status" status="fail">
<td><span class="badge log fail-bg">Fail</span></td>
<td>15:12:21 pm</td>
<td>
<a href="#" class="linked" test-id='229' id='232'>hooks.ApplicationHooks.launchBrowser()</a>
<div class="">
<span class="badge badge-default">Selectors Hub: To enter Text into a Disabled Text Field.Enter Text in Disabled TextField.hooks.ApplicationHooks.launchBrowser()</span>
</div>
</td>
</tr>
<tr class="tag-test-status" status="fail">
<td><span class="badge log fail-bg">Fail</span></td>
<td>15:12:21 pm</td>
<td>
<a href="#" class="linked" test-id='123' id='228'>hooks.ApplicationHooks.launchBrowser()</a>
<div class="">
<span class="badge badge-default">Test that User is able to Successfully add products,Remove,Logout.Add Products to Cart.hooks.ApplicationHooks.launchBrowser()</span>
</div>
</td>
</tr>
<tr class="tag-test-status" status="fail">
<td><span class="badge log fail-bg">Fail</span></td>
<td>15:12:21 pm</td>
<td>
<a href="#" class="linked" test-id='233' id='242'>hooks.ApplicationHooks.launchBrowser()</a>
<div class="">
<span class="badge badge-default">User is able to Successfully add Product in Your CART.Add Products to Your Cart and verify they are visible.hooks.ApplicationHooks.launchBrowser()</span>
</div>
</td>
</tr>
<tr class="tag-test-status" status="fail">
<td><span class="badge log fail-bg">Fail</span></td>
<td>15:12:21 pm</td>
<td>
<a href="#" class="linked" test-id='233' id='241'>hooks.ApplicationHooks.launchBrowser()</a>
<div class="">
<span class="badge badge-default">User is able to Successfully add Product in Your CART.Add Products to Your Cart and verify they are visible.hooks.ApplicationHooks.launchBrowser()</span>
</div>
</td>
</tr>
<tr class="tag-test-status" status="fail">
<td><span class="badge log fail-bg">Fail</span></td>
<td>15:12:21 pm</td>
<td>
<a href="#" class="linked" test-id='233' id='243'>hooks.ApplicationHooks.launchBrowser()</a>
<div class="">
<span class="badge badge-default">User is able to Successfully add Product in Your CART.Add Products to Your Cart and verify they are visible.hooks.ApplicationHooks.launchBrowser()</span>
</div>
</td>
</tr>
<tr class="tag-test-status" status="fail">
<td><span class="badge log fail-bg">Fail</span></td>
<td>15:12:21 pm</td>
<td>
<a href="#" class="linked" test-id='233' id='250'>hooks.ApplicationHooks.launchBrowser()</a>
<div class="">
<span class="badge badge-default">User is able to Successfully add Product in Your CART.Add and Remove Products from Your Cart.hooks.ApplicationHooks.launchBrowser()</span>
</div>
</td>
</tr>
<tr class="tag-test-status" status="fail">
<td><span class="badge log fail-bg">Fail</span></td>
<td>15:12:21 pm</td>
<td>
<a href="#" class="linked" test-id='233' id='249'>hooks.ApplicationHooks.launchBrowser()</a>
<div class="">
<span class="badge badge-default">User is able to Successfully add Product in Your CART.Add and Remove Products from Your Cart.hooks.ApplicationHooks.launchBrowser()</span>
</div>
</td>
</tr>
</tbody>
</table>
</div>
</li>
<li class="test-item">
<div class="test-detail">
<span class="meta">
<span class='badge log badge-danger'>1</span>
</span>
<p class="name">java.lang.NullPointerException</p>
<p class="duration text-sm">1 tests</p>
</div>
<div class="test-contents d-none">
<div class="info">
<h4>java.lang.NullPointerException</h4>
<span status="fail" class='badge log badge-danger'>1 failed</span>
</div>
<table class='table table-sm mt-4'>
<thead>
<tr>
<th class="status-col">Status</th>
<th class="timestamp-col">Timestamp</th>
<th>TestName</th>
</tr>
</thead>
<tbody>
<tr class="tag-test-status" status="fail">
<td><span class="badge log fail-bg">Fail</span></td>
<td>15:12:05 pm</td>
<td>
<a href="#" class="linked" test-id='1' id='71'>hooks.ApplicationHooks.tearDown(io.cucumber.java.Scenario)</a>
<div class="">
<span class="badge badge-default">Test Login Page Functionality where that user is able to Login.Login with Standard Credentials.hooks.ApplicationHooks.tearDown(io.cucumber.java.Scenario)</span>
</div>
</td>
</tr>
<tr class="tag-test-status" status="fail">
<td><span class="badge log fail-bg">Fail</span></td>
<td>15:12:05 pm</td>
<td>
<a href="#" class="linked" test-id='1' id='67'>hooks.ApplicationHooks.tearDown(io.cucumber.java.Scenario)</a>
<div class="">
<span class="badge badge-default">Test Login Page Functionality where that user is able to Login.Login with Incorrect Credentials( Negative Case ).hooks.ApplicationHooks.tearDown(io.cucumber.java.Scenario)</span>
</div>
</td>
</tr>
<tr class="tag-test-status" status="fail">
<td><span class="badge log fail-bg">Fail</span></td>
<td>15:12:05 pm</td>
<td>
<a href="#" class="linked" test-id='1' id='68'>hooks.ApplicationHooks.tearDown(io.cucumber.java.Scenario)</a>
<div class="">
<span class="badge badge-default">Test Login Page Functionality where that user is able to Login.Login with Incorrect Credentials( Negative Case ).hooks.ApplicationHooks.tearDown(io.cucumber.java.Scenario)</span>
</div>
</td>
</tr>
<tr class="tag-test-status" status="fail">
<td><span class="badge log fail-bg">Fail</span></td>
<td>15:12:05 pm</td>
<td>
<a href="#" class="linked" test-id='1' id='69'>hooks.ApplicationHooks.tearDown(io.cucumber.java.Scenario)</a>
<div class="">
<span class="badge badge-default">Test Login Page Functionality where that user is able to Login.Login with Standard Credentials.hooks.ApplicationHooks.tearDown(io.cucumber.java.Scenario)</span>
</div>
</td>
</tr>
<tr class="tag-test-status" status="fail">
<td><span class="badge log fail-bg">Fail</span></td>
<td>15:12:05 pm</td>
<td>
<a href="#" class="linked" test-id='1' id='75'>hooks.ApplicationHooks.tearDown(io.cucumber.java.Scenario)</a>
<div class="">
<span class="badge badge-default">Test Login Page Functionality where that user is able to Login.Login with Incorrect Credentials( Negative Case ).hooks.ApplicationHooks.tearDown(io.cucumber.java.Scenario)</span>
</div>
</td>
</tr>
<tr class="tag-test-status" status="fail">
<td><span class="badge log fail-bg">Fail</span></td>
<td>15:12:05 pm</td>
<td>
<a href="#" class="linked" test-id='1' id='76'>hooks.ApplicationHooks.tearDown(io.cucumber.java.Scenario)</a>
<div class="">
<span class="badge badge-default">Test Login Page Functionality where that user is able to Login.Login with Standard Credentials.hooks.ApplicationHooks.tearDown(io.cucumber.java.Scenario)</span>
</div>
</td>
</tr>
<tr class="tag-test-status" status="fail">
<td><span class="badge log fail-bg">Fail</span></td>
<td>15:12:05 pm</td>
<td>
<a href="#" class="linked" test-id='4' id='113'>hooks.ApplicationHooks.tearDown(io.cucumber.java.Scenario)</a>
<div class="">
<span class="badge badge-default">User is able to Checkout Successfully of added products.User is able to Cancel the Checkout Process.hooks.ApplicationHooks.tearDown(io.cucumber.java.Scenario)</span>
</div>
</td>
</tr>
<tr class="tag-test-status" status="fail">
<td><span class="badge log fail-bg">Fail</span></td>
<td>15:12:05 pm</td>
<td>
<a href="#" class="linked" test-id='4' id='114'>hooks.ApplicationHooks.tearDown(io.cucumber.java.Scenario)</a>
<div class="">
<span class="badge badge-default">User is able to Checkout Successfully of added products.Complete the Checkout Process.hooks.ApplicationHooks.tearDown(io.cucumber.java.Scenario)</span>
</div>
</td>
</tr>
<tr class="tag-test-status" status="fail">
<td><span class="badge log fail-bg">Fail</span></td>
<td>15:12:05 pm</td>
<td>
<a href="#" class="linked" test-id='4' id='116'>hooks.ApplicationHooks.tearDown(io.cucumber.java.Scenario)</a>
<div class="">
<span class="badge badge-default">User is able to Checkout Successfully of added products.Complete the Checkout Process.hooks.ApplicationHooks.tearDown(io.cucumber.java.Scenario)</span>
</div>
</td>
</tr>
<tr class="tag-test-status" status="fail">
<td><span class="badge log fail-bg">Fail</span></td>
<td>15:12:05 pm</td>
<td>
<a href="#" class="linked" test-id='4' id='121'>hooks.ApplicationHooks.tearDown(io.cucumber.java.Scenario)</a>
<div class="">
<span class="badge badge-default">User is able to Checkout Successfully of added products.User is able to Cancel the Checkout Process.hooks.ApplicationHooks.tearDown(io.cucumber.java.Scenario)</span>
</div>
</td>
</tr>
<tr class="tag-test-status" status="fail">
<td><span class="badge log fail-bg">Fail</span></td>
<td>15:12:05 pm</td>
<td>
<a href="#" class="linked" test-id='1' id='77'>hooks.ApplicationHooks.quitDriver()</a>
<div class="">
<span class="badge badge-default">Test Login Page Functionality where that user is able to Login.Login with Standard Credentials.hooks.ApplicationHooks.quitDriver()</span>
</div>
</td>
</tr>
<tr class="tag-test-status" status="fail">
<td><span class="badge log fail-bg">Fail</span></td>
<td>15:12:05 pm</td>
<td>
<a href="#" class="linked" test-id='1' id='79'>hooks.ApplicationHooks.quitDriver()</a>
<div class="">
<span class="badge badge-default">Test Login Page Functionality where that user is able to Login.Login with Incorrect Credentials( Negative Case ).hooks.ApplicationHooks.quitDriver()</span>
</div>
</td>
</tr>
<tr class="tag-test-status" status="fail">
<td><span class="badge log fail-bg">Fail</span></td>
<td>15:12:05 pm</td>
<td>
<a href="#" class="linked" test-id='1' id='88'>hooks.ApplicationHooks.quitDriver()</a>
<div class="">
<span class="badge badge-default">Test Login Page Functionality where that user is able to Login.Login with Standard Credentials.hooks.ApplicationHooks.quitDriver()</span>
</div>
</td>
</tr>
<tr class="tag-test-status" status="fail">
<td><span class="badge log fail-bg">Fail</span></td>
<td>15:12:05 pm</td>
<td>
<a href="#" class="linked" test-id='1' id='87'>hooks.ApplicationHooks.quitDriver()</a>
<div class="">
<span class="badge badge-default">Test Login Page Functionality where that user is able to Login.Login with Incorrect Credentials( Negative Case ).hooks.ApplicationHooks.quitDriver()</span>
</div>
</td>
</tr>
<tr class="tag-test-status" status="fail">
<td><span class="badge log fail-bg">Fail</span></td>
<td>15:12:05 pm</td>
<td>
<a href="#" class="linked" test-id='4' id='119'>hooks.ApplicationHooks.quitDriver()</a>
<div class="">
<span class="badge badge-default">User is able to Checkout Successfully of added products.Complete the Checkout Process.hooks.ApplicationHooks.quitDriver()</span>
</div>
</td>
</tr>
<tr class="tag-test-status" status="fail">
<td><span class="badge log fail-bg">Fail</span></td>
<td>15:12:05 pm</td>
<td>
<a href="#" class="linked" test-id='1' id='78'>hooks.ApplicationHooks.quitDriver()</a>
<div class="">
<span class="badge badge-default">Test Login Page Functionality where that user is able to Login.Login with Incorrect Credentials( Negative Case ).hooks.ApplicationHooks.quitDriver()</span>
</div>
</td>
</tr>
<tr class="tag-test-status" status="fail">
<td><span class="badge log fail-bg">Fail</span></td>
<td>15:12:05 pm</td>
<td>
<a href="#" class="linked" test-id='1' id='81'>hooks.ApplicationHooks.quitDriver()</a>
<div class="">
<span class="badge badge-default">Test Login Page Functionality where that user is able to Login.Login with Standard Credentials.hooks.ApplicationHooks.quitDriver()</span>
</div>
</td>
</tr>
<tr class="tag-test-status" status="fail">
<td><span class="badge log fail-bg">Fail</span></td>
<td>15:12:05 pm</td>
<td>
<a href="#" class="linked" test-id='4' id='122'>hooks.ApplicationHooks.quitDriver()</a>
<div class="">
<span class="badge badge-default">User is able to Checkout Successfully of added products.User is able to Cancel the Checkout Process.hooks.ApplicationHooks.quitDriver()</span>
</div>
</td>
</tr>
<tr class="tag-test-status" status="fail">
<td><span class="badge log fail-bg">Fail</span></td>
<td>15:12:05 pm</td>
<td>
<a href="#" class="linked" test-id='4' id='117'>hooks.ApplicationHooks.quitDriver()</a>
<div class="">
<span class="badge badge-default">User is able to Checkout Successfully of added products.User is able to Cancel the Checkout Process.hooks.ApplicationHooks.quitDriver()</span>
</div>
</td>
</tr>
<tr class="tag-test-status" status="fail">
<td><span class="badge log fail-bg">Fail</span></td>
<td>15:12:05 pm</td>
<td>
<a href="#" class="linked" test-id='4' id='118'>hooks.ApplicationHooks.quitDriver()</a>
<div class="">
<span class="badge badge-default">User is able to Checkout Successfully of added products.Complete the Checkout Process.hooks.ApplicationHooks.quitDriver()</span>
</div>
</td>
</tr>
<tr class="tag-test-status" status="fail">
<td><span class="badge log fail-bg">Fail</span></td>
<td>15:12:16 pm</td>
<td>
<a href="#" class="linked" test-id='123' id='165'>hooks.ApplicationHooks.tearDown(io.cucumber.java.Scenario)</a>
<div class="">
<span class="badge badge-default">Test that User is able to Successfully add products,Remove,Logout.Add Products to Cart.hooks.ApplicationHooks.tearDown(io.cucumber.java.Scenario)</span>
</div>
</td>
</tr>
<tr class="tag-test-status" status="fail">
<td><span class="badge log fail-bg">Fail</span></td>
<td>15:12:16 pm</td>
<td>
<a href="#" class="linked" test-id='123' id='175'>hooks.ApplicationHooks.tearDown(io.cucumber.java.Scenario)</a>
<div class="">
<span class="badge badge-default">Test that User is able to Successfully add products,Remove,Logout.Add Products to Cart.hooks.ApplicationHooks.tearDown(io.cucumber.java.Scenario)</span>
</div>
</td>
</tr>
<tr class="tag-test-status" status="fail">
<td><span class="badge log fail-bg">Fail</span></td>
<td>15:12:16 pm</td>
<td>
<a href="#" class="linked" test-id='123' id='182'>hooks.ApplicationHooks.tearDown(io.cucumber.java.Scenario)</a>
<div class="">
<span class="badge badge-default">Test that User is able to Successfully add products,Remove,Logout.User should be able to Logout from Product Page.hooks.ApplicationHooks.tearDown(io.cucumber.java.Scenario)</span>
</div>
</td>
</tr>
<tr class="tag-test-status" status="fail">
<td><span class="badge log fail-bg">Fail</span></td>
<td>15:12:16 pm</td>
<td>
<a href="#" class="linked" test-id='123' id='189'>hooks.ApplicationHooks.tearDown(io.cucumber.java.Scenario)</a>
<div class="">
<span class="badge badge-default">Test that User is able to Successfully add products,Remove,Logout.Correct Products Images are Visible with respect to the Products Name.hooks.ApplicationHooks.tearDown(io.cucumber.java.Scenario)</span>
</div>
</td>
</tr>
<tr class="tag-test-status" status="fail">
<td><span class="badge log fail-bg">Fail</span></td>
<td>15:12:16 pm</td>
<td>
<a href="#" class="linked" test-id='123' id='191'>hooks.ApplicationHooks.tearDown(io.cucumber.java.Scenario)</a>
<div class="">
<span class="badge badge-default">Test that User is able to Successfully add products,Remove,Logout.Correct Products Images are Visible with respect to the Products Name.hooks.ApplicationHooks.tearDown(io.cucumber.java.Scenario)</span>
</div>
</td>
</tr>
<tr class="tag-test-status" status="fail">
<td><span class="badge log fail-bg">Fail</span></td>
<td>15:12:16 pm</td>
<td>
<a href="#" class="linked" test-id='123' id='199'>hooks.ApplicationHooks.tearDown(io.cucumber.java.Scenario)</a>
<div class="">
<span class="badge badge-default">Test that User is able to Successfully add products,Remove,Logout.User should be able to Logout from Product Page.hooks.ApplicationHooks.tearDown(io.cucumber.java.Scenario)</span>
</div>
</td>
</tr>
<tr class="tag-test-status" status="fail">
<td><span class="badge log fail-bg">Fail</span></td>
<td>15:12:16 pm</td>
<td>
<a href="#" class="linked" test-id='123' id='209'>hooks.ApplicationHooks.tearDown(io.cucumber.java.Scenario)</a>
<div class="">
<span class="badge badge-default">Test that User is able to Successfully add products,Remove,Logout.Add Products to Cart.hooks.ApplicationHooks.tearDown(io.cucumber.java.Scenario)</span>
</div>
</td>
</tr>
<tr class="tag-test-status" status="fail">
<td><span class="badge log fail-bg">Fail</span></td>
<td>15:12:16 pm</td>
<td>
<a href="#" class="linked" test-id='1' id='214'>hooks.ApplicationHooks.tearDown(io.cucumber.java.Scenario)</a>
<div class="">
<span class="badge badge-default">Test Login Page Functionality where that user is able to Login.Login with Incorrect Credentials( Negative Case ).hooks.ApplicationHooks.tearDown(io.cucumber.java.Scenario)</span>
</div>
</td>
</tr>
<tr class="tag-test-status" status="fail">
<td><span class="badge log fail-bg">Fail</span></td>
<td>15:12:16 pm</td>
<td>
<a href="#" class="linked" test-id='123' id='219'>hooks.ApplicationHooks.tearDown(io.cucumber.java.Scenario)</a>
<div class="">
<span class="badge badge-default">Test that User is able to Successfully add products,Remove,Logout.Correct Products Images are Visible with respect to the Products Name.hooks.ApplicationHooks.tearDown(io.cucumber.java.Scenario)</span>
</div>
</td>
</tr>
<tr class="tag-test-status" status="fail">
<td><span class="badge log fail-bg">Fail</span></td>
<td>15:12:16 pm</td>
<td>
<a href="#" class="linked" test-id='123' id='224'>hooks.ApplicationHooks.tearDown(io.cucumber.java.Scenario)</a>
<div class="">
<span class="badge badge-default">Test that User is able to Successfully add products,Remove,Logout.Correct Products Images are Visible with respect to the Products Name.hooks.ApplicationHooks.tearDown(io.cucumber.java.Scenario)</span>
</div>
</td>
</tr>
<tr class="tag-test-status" status="fail">
<td><span class="badge log fail-bg">Fail</span></td>
<td>15:12:16 pm</td>
<td>
<a href="#" class="linked" test-id='123' id='166'>hooks.ApplicationHooks.quitDriver()</a>
<div class="">
<span class="badge badge-default">Test that User is able to Successfully add products,Remove,Logout.Add Products to Cart.hooks.ApplicationHooks.quitDriver()</span>
</div>
</td>
</tr>
<tr class="tag-test-status" status="fail">
<td><span class="badge log fail-bg">Fail</span></td>
<td>15:12:16 pm</td>
<td>
<a href="#" class="linked" test-id='123' id='176'>hooks.ApplicationHooks.quitDriver()</a>
<div class="">
<span class="badge badge-default">Test that User is able to Successfully add products,Remove,Logout.Add Products to Cart.hooks.ApplicationHooks.quitDriver()</span>
</div>
</td>
</tr>
<tr class="tag-test-status" status="fail">
<td><span class="badge log fail-bg">Fail</span></td>
<td>15:12:16 pm</td>
<td>
<a href="#" class="linked" test-id='123' id='193'>hooks.ApplicationHooks.quitDriver()</a>
<div class="">
<span class="badge badge-default">Test that User is able to Successfully add products,Remove,Logout.Correct Products Images are Visible with respect to the Products Name.hooks.ApplicationHooks.quitDriver()</span>
</div>
</td>
</tr>
<tr class="tag-test-status" status="fail">
<td><span class="badge log fail-bg">Fail</span></td>
<td>15:12:16 pm</td>
<td>
<a href="#" class="linked" test-id='123' id='183'>hooks.ApplicationHooks.quitDriver()</a>
<div class="">
<span class="badge badge-default">Test that User is able to Successfully add products,Remove,Logout.User should be able to Logout from Product Page.hooks.ApplicationHooks.quitDriver()</span>
</div>
</td>
</tr>
<tr class="tag-test-status" status="fail">
<td><span class="badge log fail-bg">Fail</span></td>
<td>15:12:16 pm</td>
<td>
<a href="#" class="linked" test-id='123' id='192'>hooks.ApplicationHooks.quitDriver()</a>
<div class="">
<span class="badge badge-default">Test that User is able to Successfully add products,Remove,Logout.Correct Products Images are Visible with respect to the Products Name.hooks.ApplicationHooks.quitDriver()</span>
</div>
</td>
</tr>
<tr class="tag-test-status" status="fail">
<td><span class="badge log fail-bg">Fail</span></td>
<td>15:12:16 pm</td>
<td>
<a href="#" class="linked" test-id='123' id='210'>hooks.ApplicationHooks.quitDriver()</a>
<div class="">
<span class="badge badge-default">Test that User is able to Successfully add products,Remove,Logout.Add Products to Cart.hooks.ApplicationHooks.quitDriver()</span>
</div>
</td>
</tr>
<tr class="tag-test-status" status="fail">
<td><span class="badge log fail-bg">Fail</span></td>
<td>15:12:16 pm</td>
<td>
<a href="#" class="linked" test-id='123' id='200'>hooks.ApplicationHooks.quitDriver()</a>
<div class="">
<span class="badge badge-default">Test that User is able to Successfully add products,Remove,Logout.User should be able to Logout from Product Page.hooks.ApplicationHooks.quitDriver()</span>
</div>
</td>
</tr>
<tr class="tag-test-status" status="fail">
<td><span class="badge log fail-bg">Fail</span></td>
<td>15:12:16 pm</td>
<td>
<a href="#" class="linked" test-id='1' id='215'>hooks.ApplicationHooks.quitDriver()</a>
<div class="">
<span class="badge badge-default">Test Login Page Functionality where that user is able to Login.Login with Incorrect Credentials( Negative Case ).hooks.ApplicationHooks.quitDriver()</span>
</div>
</td>
</tr>
<tr class="tag-test-status" status="fail">
<td><span class="badge log fail-bg">Fail</span></td>
<td>15:12:16 pm</td>
<td>
<a href="#" class="linked" test-id='123' id='220'>hooks.ApplicationHooks.quitDriver()</a>
<div class="">
<span class="badge badge-default">Test that User is able to Successfully add products,Remove,Logout.Correct Products Images are Visible with respect to the Products Name.hooks.ApplicationHooks.quitDriver()</span>
</div>
</td>
</tr>
<tr class="tag-test-status" status="fail">
<td><span class="badge log fail-bg">Fail</span></td>
<td>15:12:16 pm</td>
<td>
<a href="#" class="linked" test-id='123' id='225'>hooks.ApplicationHooks.quitDriver()</a>
<div class="">
<span class="badge badge-default">Test that User is able to Successfully add products,Remove,Logout.Correct Products Images are Visible with respect to the Products Name.hooks.ApplicationHooks.quitDriver()</span>
</div>
</td>
</tr>
<tr class="tag-test-status" status="fail">
<td><span class="badge log fail-bg">Fail</span></td>
<td>15:12:26 pm</td>
<td>
<a href="#" class="linked" test-id='229' id='254'>hooks.ApplicationHooks.tearDown(io.cucumber.java.Scenario)</a>
<div class="">
<span class="badge badge-default">Selectors Hub: To enter Text into a Disabled Text Field.Enter Text in Disabled TextField.hooks.ApplicationHooks.tearDown(io.cucumber.java.Scenario)</span>
</div>
</td>
</tr>
<tr class="tag-test-status" status="fail">
<td><span class="badge log fail-bg">Fail</span></td>
<td>15:12:26 pm</td>
<td>
<a href="#" class="linked" test-id='123' id='263'>hooks.ApplicationHooks.tearDown(io.cucumber.java.Scenario)</a>
<div class="">
<span class="badge badge-default">Test that User is able to Successfully add products,Remove,Logout.Add Products to Cart.hooks.ApplicationHooks.tearDown(io.cucumber.java.Scenario)</span>
</div>
</td>
</tr>
<tr class="tag-test-status" status="fail">
<td><span class="badge log fail-bg">Fail</span></td>
<td>15:12:26 pm</td>
<td>
<a href="#" class="linked" test-id='233' id='272'>hooks.ApplicationHooks.tearDown(io.cucumber.java.Scenario)</a>
<div class="">
<span class="badge badge-default">User is able to Successfully add Product in Your CART.Add Products to Your Cart and verify they are visible.hooks.ApplicationHooks.tearDown(io.cucumber.java.Scenario)</span>
</div>
</td>
</tr>
<tr class="tag-test-status" status="fail">
<td><span class="badge log fail-bg">Fail</span></td>
<td>15:12:26 pm</td>
<td>
<a href="#" class="linked" test-id='233' id='281'>hooks.ApplicationHooks.tearDown(io.cucumber.java.Scenario)</a>
<div class="">
<span class="badge badge-default">User is able to Successfully add Product in Your CART.Add Products to Your Cart and verify they are visible.hooks.ApplicationHooks.tearDown(io.cucumber.java.Scenario)</span>
</div>
</td>
</tr>
<tr class="tag-test-status" status="fail">
<td><span class="badge log fail-bg">Fail</span></td>
<td>15:12:26 pm</td>
<td>
<a href="#" class="linked" test-id='233' id='290'>hooks.ApplicationHooks.tearDown(io.cucumber.java.Scenario)</a>
<div class="">
<span class="badge badge-default">User is able to Successfully add Product in Your CART.Add Products to Your Cart and verify they are visible.hooks.ApplicationHooks.tearDown(io.cucumber.java.Scenario)</span>
</div>
</td>
</tr>
<tr class="tag-test-status" status="fail">
<td><span class="badge log fail-bg">Fail</span></td>
<td>15:12:26 pm</td>
<td>
<a href="#" class="linked" test-id='233' id='303'>hooks.ApplicationHooks.tearDown(io.cucumber.java.Scenario)</a>
<div class="">
<span class="badge badge-default">User is able to Successfully add Product in Your CART.Add and Remove Products from Your Cart.hooks.ApplicationHooks.tearDown(io.cucumber.java.Scenario)</span>
</div>
</td>
</tr>
<tr class="tag-test-status" status="fail">
<td><span class="badge log fail-bg">Fail</span></td>
<td>15:12:26 pm</td>
<td>
<a href="#" class="linked" test-id='233' id='316'>hooks.ApplicationHooks.tearDown(io.cucumber.java.Scenario)</a>
<div class="">
<span class="badge badge-default">User is able to Successfully add Product in Your CART.Add and Remove Products from Your Cart.hooks.ApplicationHooks.tearDown(io.cucumber.java.Scenario)</span>
</div>
</td>
</tr>
<tr class="tag-test-status" status="fail">
<td><span class="badge log fail-bg">Fail</span></td>
<td>15:12:26 pm</td>
<td>
<a href="#" class="linked" test-id='229' id='257'>hooks.ApplicationHooks.quitDriver()</a>
<div class="">
<span class="badge badge-default">Selectors Hub: To enter Text into a Disabled Text Field.Enter Text in Disabled TextField.hooks.ApplicationHooks.quitDriver()</span>
</div>
</td>
</tr>
<tr class="tag-test-status" status="fail">
<td><span class="badge log fail-bg">Fail</span></td>
<td>15:12:26 pm</td>
<td>
<a href="#" class="linked" test-id='123' id='264'>hooks.ApplicationHooks.quitDriver()</a>
<div class="">
<span class="badge badge-default">Test that User is able to Successfully add products,Remove,Logout.Add Products to Cart.hooks.ApplicationHooks.quitDriver()</span>
</div>
</td>
</tr>
<tr class="tag-test-status" status="fail">
<td><span class="badge log fail-bg">Fail</span></td>
<td>15:12:26 pm</td>
<td>
<a href="#" class="linked" test-id='233' id='273'>hooks.ApplicationHooks.quitDriver()</a>
<div class="">
<span class="badge badge-default">User is able to Successfully add Product in Your CART.Add Products to Your Cart and verify they are visible.hooks.ApplicationHooks.quitDriver()</span>
</div>
</td>
</tr>
<tr class="tag-test-status" status="fail">
<td><span class="badge log fail-bg">Fail</span></td>
<td>15:12:26 pm</td>
<td>
<a href="#" class="linked" test-id='233' id='282'>hooks.ApplicationHooks.quitDriver()</a>
<div class="">
<span class="badge badge-default">User is able to Successfully add Product in Your CART.Add Products to Your Cart and verify they are visible.hooks.ApplicationHooks.quitDriver()</span>
</div>
</td>
</tr>
<tr class="tag-test-status" status="fail">
<td><span class="badge log fail-bg">Fail</span></td>
<td>15:12:26 pm</td>
<td>
<a href="#" class="linked" test-id='233' id='291'>hooks.ApplicationHooks.quitDriver()</a>
<div class="">
<span class="badge badge-default">User is able to Successfully add Product in Your CART.Add Products to Your Cart and verify they are visible.hooks.ApplicationHooks.quitDriver()</span>
</div>
</td>
</tr>
<tr class="tag-test-status" status="fail">
<td><span class="badge log fail-bg">Fail</span></td>
<td>15:12:26 pm</td>
<td>
<a href="#" class="linked" test-id='233' id='304'>hooks.ApplicationHooks.quitDriver()</a>
<div class="">
<span class="badge badge-default">User is able to Successfully add Product in Your CART.Add and Remove Products from Your Cart.hooks.ApplicationHooks.quitDriver()</span>
</div>
</td>
</tr>
<tr class="tag-test-status" status="fail">
<td><span class="badge log fail-bg">Fail</span></td>
<td>15:12:26 pm</td>
<td>
<a href="#" class="linked" test-id='233' id='317'>hooks.ApplicationHooks.quitDriver()</a>
<div class="">
<span class="badge badge-default">User is able to Successfully add Product in Your CART.Add and Remove Products from Your Cart.hooks.ApplicationHooks.quitDriver()</span>
</div>
</td>
</tr>
</tbody>
</table>
</div>
</li>
</ul>
</div>
</div>
<div class="test-content scrollable">
<div class="test-content-detail">
<div class="detail-body"></div>
</div>
</div>
</div>        </div>
      </div>
    </div>
  </div>
<script src="https://cdn.jsdelivr.net/gh/extent-framework/extent-github-cdn@14e9bb345ef7e2ed3a102f271d84e9f0267c88e7/spark/js/spark-script.js"></script>
<script type="text/javascript"></script></body>
</html>